{"Timestamp":"2026-07-07T14:41:11.000Z","EventId":"05d782e3-b8e3-48df-b516-11d98f47e9de","EventType":"EventLog","Action":"Snapshot","ActorPid":null,"ActorName":"Software Protection Platform Service","User":null,"Target":"Application/1073758208","Status":"Success","Details":{"LogName":"Application","Source":"Software Protection Platform Service","InstanceId":1073758208,"EntryType":"Information","Message":"Successfully scheduled Software Protection service for re-start at 2126-06-13T14:41:11Z. Reason: RulesEngine."},"RawData":null},{"Timestamp":"2026-07-07T14:41:56.211Z","EventId":"6659ed59-33db-4764-bc9e-ff33606e4bcd","EventType":"FileSystem","Action":"Snapshot","ActorPid":null,"ActorName":null,"User":null,"Target":"C:\\Users\\itzme\\AppData\\Local\\Temp\\c60a2280-ec7b-464a-b737-e215f4326913.png","Status":"Success","Details":{"FileName":"c60a2280-ec7b-464a-b737-e215f4326913.png","Length":9679,"Extension":".png","LastWriteTime":"2026-07-07T20:11:56.211Z"},"RawData":null},{"Timestamp":"2026-07-07T14:46:07.097Z","EventId":"5fa8c69a-9f2c-4172-9a3a-7ebffae4a7a3","EventType":"FileSystem","Action":"Snapshot","ActorPid":null,"ActorName":null,"User":null,"Target":"C:\\Users\\itzme\\AppData\\Local\\Temp\\925c6ea3-3d81-43f9-96ae-694769b54367.tmp","Status":"Success","Details":{"FileName":"925c6ea3-3d81-43f9-96ae-694769b54367.tmp","Length":0,"Extension":".tmp","LastWriteTime":"2026-07-07T20:16:07.097Z"},"RawData":null},{"Timestamp":"2026-07-07T14:47:19.692Z","EventId":"7a5e4b58-2ddc-4715-b5cb-e5ae03dd0af6","EventType":"FileSystem","Action":"Snapshot","ActorPid":null,"ActorName":null,"User":null,"Target":"C:\\Users\\itzme\\AppData\\Local\\Temp\\aaa6c4d4-1455-41d0-bc66-b9c47fe3d7d7.tmp","Status":"Success","Details":{"FileName":"aaa6c4d4-1455-41d0-bc66-b9c47fe3d7d7.tmp","Length":0,"Extension":".tmp","LastWriteTime":"2026-07-07T20:17:19.692Z"},"RawData":null},{"Timestamp":"2026-07-07T14:51:34.000Z","EventId":"d8d9115d-abd0-492b-a02b-6a58a715dc5f","EventType":"EventLog","Action":"Snapshot","ActorPid":null,"ActorName":"Microsoft-Windows-Time-Service","User":"NT AUTHORITY\\LOCAL SERVICE","Target":"System/158","Status":"Success","Details":{"LogName":"System","Source":"Microsoft-Windows-Time-Service","InstanceId":158,"EntryType":"Information","Message":"The time provider 'VMICTimeProvider' has indicated that the current hardware and operating environment is not supported and has stopped. This behavior is expected for VMICTimeProvider on non-HyperV-guest environments. This may be the expected behavior for the current provider in the current operating environment as well."},"RawData":null},{"Timestamp":"2026-07-07T14:54:20.107Z","EventId":"3884f1d2-9794-48b5-bf19-bd2f1537b8ff","EventType":"FileSystem","Action":"Snapshot","ActorPid":null,"ActorName":null,"User":null,"Target":"C:\\Users\\itzme\\AppData\\Local\\Temp\\77b27c82-9ee3-42da-aba8-7ac66db8fea1.png","Status":"Success","Details":{"FileName":"77b27c82-9ee3-42da-aba8-7ac66db8fea1.png","Length":29873,"Extension":".png","LastWriteTime":"2026-07-07T20:24:20.107Z"},"RawData":null},{"Timestamp":"2026-07-07T14:55:11.170Z","EventId":"84aa22fa-5b89-4240-9853-6964ff403731","EventType":"FileSystem","Action":"Snapshot","ActorPid":null,"ActorName":null,"User":null,"Target":"C:\\Users\\itzme\\AppData\\Local\\Temp\\4af52129-bce4-48a2-bcd3-513c9ddaf976.png","Status":"Success","Details":{"FileName":"4af52129-bce4-48a2-bcd3-513c9ddaf976.png","Length":45805,"Extension":".png","LastWriteTime":"2026-07-07T20:25:11.170Z"},"RawData":null},{"Timestamp":"2026-07-07T14:55:51.920Z","EventId":"6b6e8520-8497-4b5e-84c8-f4c78f9d7da5","EventType":"FileSystem","Action":"Snapshot","ActorPid":null,"ActorName":null,"User":null,"Target":"C:\\Users\\itzme\\AppData\\Local\\Temp\\725ab7ec-2b11-4f92-90cc-c7f2776af897.png","Status":"Success","Details":{"FileName":"725ab7ec-2b11-4f92-90cc-c7f2776af897.png","Length":19431,"Extension":".png","LastWriteTime":"2026-07-07T20:25:51.920Z"},"RawData":null},{"Timestamp":"2026-07-07T14:57:10.125Z","EventId":"35594100-5c21-4a05-a608-4aee50c37dee","EventType":"FileSystem","Action":"Snapshot","ActorPid":null,"ActorName":null,"User":null,"Target":"C:\\Users\\itzme\\AppData\\Local\\Temp\\6daecb4e-52ff-4aed-90c1-a771b9f62c0d.png","Status":"Success","Details":{"FileName":"6daecb4e-52ff-4aed-90c1-a771b9f62c0d.png","Length":27854,"Extension":".png","LastWriteTime":"2026-07-07T20:27:10.125Z"},"RawData":null},{"Timestamp":"2026-07-07T14:58:21.819Z","EventId":"6dbb28c2-13b5-4680-a208-ca8adceecf60","EventType":"FileSystem","Action":"Snapshot","ActorPid":null,"ActorName":null,"User":null,"Target":"C:\\Users\\itzme\\AppData\\Local\\Temp\\d3e6dc1f-8ef4-4f22-9e8a-f8074a68c3f3.png","Status":"Success","Details":{"FileName":"d3e6dc1f-8ef4-4f22-9e8a-f8074a68c3f3.png","Length":27660,"Extension":".png","LastWriteTime":"2026-07-07T20:28:21.819Z"},"RawData":null},{"Timestamp":"2026-07-07T14:59:13.436Z","EventId":"3a0b575f-44dc-4561-809c-d6116b047612","EventType":"FileSystem","Action":"Snapshot","ActorPid":null,"ActorName":null,"User":null,"Target":"C:\\Users\\itzme\\AppData\\Local\\Temp\\bca674c7-5731-410f-afb3-11be8ef8941a.tmp","Status":"Success","Details":{"FileName":"bca674c7-5731-410f-afb3-11be8ef8941a.tmp","Length":0,"Extension":".tmp","LastWriteTime":"2026-07-07T20:29:13.436Z"},"RawData":null},{"Timestamp":"2026-07-07T15:00:16.157Z","EventId":"3c74415b-f562-4503-8e6f-62aeff7f5644","EventType":"FileSystem","Action":"Snapshot","ActorPid":null,"ActorName":null,"User":null,"Target":"C:\\Users\\itzme\\AppData\\Local\\Temp\\14314089-b757-4d0c-bdf0-c9df897e6755.png","Status":"Success","Details":{"FileName":"14314089-b757-4d0c-bdf0-c9df897e6755.png","Length":9792,"Extension":".png","LastWriteTime":"2026-07-07T20:30:16.157Z"},"RawData":null},{"Timestamp":"2026-07-07T15:00:31.297Z","EventId":"c4b9d575-f427-4f7f-95f4-126507dc3195","EventType":"FileSystem","Action":"Snapshot","ActorPid":null,"ActorName":null,"User":null,"Target":"C:\\Users\\itzme\\AppData\\Local\\Temp\\24802eed-f039-47ca-b3f4-f1f8fb0e9e21.tmp","Status":"Success","Details":{"FileName":"24802eed-f039-47ca-b3f4-f1f8fb0e9e21.tmp","Length":0,"Extension":".tmp","LastWriteTime":"2026-07-07T20:30:31.297Z"},"RawData":null},{"Timestamp":"2026-07-07T15:00:39.942Z","EventId":"cab16edc-c6be-487a-ac2c-1248cfc93144","EventType":"FileSystem","Action":"Snapshot","ActorPid":null,"ActorName":null,"User":null,"Target":"C:\\Users\\itzme\\AppData\\Local\\Temp\\d56d23ff-693e-4a02-ab11-5c1a8edb60a7.png","Status":"Success","Details":{"FileName":"d56d23ff-693e-4a02-ab11-5c1a8edb60a7.png","Length":19443,"Extension":".png","LastWriteTime":"2026-07-07T20:30:39.942Z"},"RawData":null},{"Timestamp":"2026-07-07T15:00:51.000Z","EventId":"b1865835-7432-461f-b515-9c2d1d714625","EventType":"EventLog","Action":"Snapshot","ActorPid":null,"ActorName":"SecurityCenter","User":null,"Target":"Application/15","Status":"Success","Details":{"LogName":"Application","Source":"SecurityCenter","InstanceId":15,"EntryType":"Information","Message":"Updated McAfee status successfully to SECURITY_PRODUCT_STATE_SNOOZED."},"RawData":null},{"Timestamp":"2026-07-07T15:01:06.165Z","EventId":"54c8c09b-a179-4dbe-a5e8-2f2a53d2b872","EventType":"FileSystem","Action":"Snapshot","ActorPid":null,"ActorName":null,"User":null,"Target":"C:\\Users\\itzme\\AppData\\Local\\Temp\\agy-cert-3356412121.crt","Status":"Success","Details":{"FileName":"agy-cert-3356412121.crt","Length":566,"Extension":".crt","LastWriteTime":"2026-07-07T20:31:06.165Z"},"RawData":null},{"Timestamp":"2026-07-07T15:01:06.803Z","EventId":"438c3690-d337-4227-81e0-e1ab0e614af5","EventType":"Process","Action":"Snapshot","ActorPid":0,"ActorName":"System Idle Process","User":"System / Unknown","Target":"System Idle Process","Status":"Success","Details":{"ProcessId":0,"ParentProcessId":0,"Name":"System Idle Process","ExecutablePath":"","CommandLine":"","ParentProcessName":"System Idle Process"},"RawData":null},{"Timestamp":"2026-07-07T15:01:06.816Z","EventId":"68e0c915-b41b-429b-9e2e-c316eb1c2aa2","EventType":"Process","Action":"Snapshot","ActorPid":988,"ActorName":"SystemParent","User":"System / Unknown","Target":"csrss.exe","Status":"Success","Details":{"ProcessId":1216,"ParentProcessId":988,"Name":"csrss.exe","ExecutablePath":"","CommandLine":""},"RawData":null},{"Timestamp":"2026-07-07T15:01:06.816Z","EventId":"8de6e4d0-13d4-4bcd-868d-abbe1f877bc2","EventType":"Process","Action":"Snapshot","ActorPid":988,"ActorName":"SystemParent","User":"System / Unknown","Target":"wininit.exe","Status":"Success","Details":{"ProcessId":1304,"ParentProcessId":988,"Name":"wininit.exe","ExecutablePath":"","CommandLine":""},"RawData":null},{"Timestamp":"2026-07-07T15:01:06.816Z","EventId":"032f1e89-2c21-44f7-b3f0-692134ba0ac5","EventType":"Process","Action":"Snapshot","ActorPid":1296,"ActorName":"SystemParent","User":"System / Unknown","Target":"csrss.exe","Status":"Success","Details":{"ProcessId":1312,"ParentProcessId":1296,"Name":"csrss.exe","ExecutablePath":"","CommandLine":""},"RawData":null},{"Timestamp":"2026-07-07T15:01:06.816Z","EventId":"b0d7358e-b9e7-47eb-bd47-76e4893dbefb","EventType":"Process","Action":"Snapshot","ActorPid":4,"ActorName":"System","User":"System / Unknown","Target":"smss.exe","Status":"Success","Details":{"ProcessId":848,"ParentProcessId":4,"Name":"smss.exe","ExecutablePath":"","CommandLine":"","ProcessName":"System","ParentProcessName":"System"},"RawData":null},{"Timestamp":"2026-07-07T15:01:06.816Z","EventId":"49acdba4-f055-443f-8b77-39b6ad6cfff2","EventType":"Process","Action":"Snapshot","ActorPid":0,"ActorName":"System Idle Process","User":"System / Unknown","Target":"System","Status":"Success","Details":{"ProcessId":4,"ParentProcessId":0,"Name":"System","ExecutablePath":"","CommandLine":"","ParentProcessName":"System Idle Process"},"RawData":null},{"Timestamp":"2026-07-07T15:01:06.816Z","EventId":"b227edc4-3da0-4ac5-aaff-054e32b60fff","EventType":"Process","Action":"Snapshot","ActorPid":4,"ActorName":"System","User":"System / Unknown","Target":"Secure System","Status":"Success","Details":{"ProcessId":188,"ParentProcessId":4,"Name":"Secure System","ExecutablePath":"","CommandLine":"","ProcessName":"System","ParentProcessName":"System"},"RawData":null},{"Timestamp":"2026-07-07T15:01:06.816Z","EventId":"fd38f6a0-a1a1-4a17-b91c-c6f08556fca0","EventType":"Process","Action":"Snapshot","ActorPid":4,"ActorName":"System","User":"System / Unknown","Target":"Registry","Status":"Success","Details":{"ProcessId":232,"ParentProcessId":4,"Name":"Registry","ExecutablePath":"","CommandLine":"","ProcessName":"System","ParentProcessName":"System"},"RawData":null},{"Timestamp":"2026-07-07T15:01:06.820Z","EventId":"98812f01-8444-4bf9-ba0e-2deb295b0c0c","EventType":"Process","Action":"Snapshot","ActorPid":1392,"ActorName":"winlogon.exe","User":"System / Unknown","Target":"fontdrvhost.exe","Status":"Success","Details":{"ProcessId":1652,"ParentProcessId":1392,"Name":"fontdrvhost.exe","ExecutablePath":"","CommandLine":"","ProcessName":"winlogon.exe","ParentProcessName":"winlogon.exe"},"RawData":null},{"Timestamp":"2026-07-07T15:01:06.820Z","EventId":"f33cf9f6-bc31-4ce2-8c35-aec269362075","EventType":"Process","Action":"Snapshot","ActorPid":1444,"ActorName":"services.exe","User":"System / Unknown","Target":"svchost.exe","Status":"Success","Details":{"ProcessId":1608,"ParentProcessId":1444,"Name":"svchost.exe","ExecutablePath":"","CommandLine":"","ProcessName":"services.exe","ParentProcessName":"services.exe"},"RawData":null},{"Timestamp":"2026-07-07T15:01:06.820Z","EventId":"7f80012d-e5a5-4229-a827-d2c20d1d73ab","EventType":"Process","Action":"Snapshot","ActorPid":1444,"ActorName":"services.exe","User":"System / Unknown","Target":"WUDFHost.exe","Status":"Success","Details":{"ProcessId":1700,"ParentProcessId":1444,"Name":"WUDFHost.exe","ExecutablePath":"","CommandLine":"","ProcessName":"services.exe","ParentProcessName":"services.exe"},"RawData":null},{"Timestamp":"2026-07-07T15:01:06.820Z","EventId":"f0865966-3eca-4e76-970a-5d667727d62c","EventType":"Process","Action":"Snapshot","ActorPid":1304,"ActorName":"wininit.exe","User":"System / Unknown","Target":"fontdrvhost.exe","Status":"Success","Details":{"ProcessId":1648,"ParentProcessId":1304,"Name":"fontdrvhost.exe","ExecutablePath":"","CommandLine":"","ProcessName":"wininit.exe","ParentProcessName":"wininit.exe"},"RawData":null},{"Timestamp":"2026-07-07T15:01:06.820Z","EventId":"162cd1c6-34d2-44bd-8ed6-e5bc031706b8","EventType":"Process","Action":"Snapshot","ActorPid":1304,"ActorName":"wininit.exe","User":"System / Unknown","Target":"services.exe","Status":"Success","Details":{"ProcessId":1444,"ParentProcessId":1304,"Name":"services.exe","ExecutablePath":"","CommandLine":"","ProcessName":"wininit.exe","ParentProcessName":"wininit.exe"},"RawData":null},{"Timestamp":"2026-07-07T15:01:06.820Z","EventId":"e664184a-0cd5-439b-946f-4b7d04191c41","EventType":"Process","Action":"Snapshot","ActorPid":1296,"ActorName":"SystemParent","User":"System / Unknown","Target":"winlogon.exe","Status":"Success","Details":{"ProcessId":1392,"ParentProcessId":1296,"Name":"winlogon.exe","ExecutablePath":"","CommandLine":""},"RawData":null},{"Timestamp":"2026-07-07T15:01:06.820Z","EventId":"0ebcfd50-e272-42f4-bf43-4c6fba71e776","EventType":"Process","Action":"Snapshot","ActorPid":1304,"ActorName":"wininit.exe","User":"System / Unknown","Target":"lsass.exe","Status":"Success","Details":{"ProcessId":1476,"ParentProcessId":1304,"Name":"lsass.exe","ExecutablePath":"","CommandLine":"","ProcessName":"wininit.exe","ParentProcessName":"wininit.exe"},"RawData":null},{"Timestamp":"2026-07-07T15:01:06.820Z","EventId":"001c134b-3329-46c3-9f3b-7a7cc7debacf","EventType":"Process","Action":"Snapshot","ActorPid":1304,"ActorName":"wininit.exe","User":"System / Unknown","Target":"LsaIso.exe","Status":"Success","Details":{"ProcessId":1460,"ParentProcessId":1304,"Name":"LsaIso.exe","ExecutablePath":"","CommandLine":"","ProcessName":"wininit.exe","ParentProcessName":"wininit.exe"},"RawData":null},{"Timestamp":"2026-07-07T15:01:06.821Z","EventId":"e7f52036-ac3b-4331-bba0-e7a5acb7e978","EventType":"Process","Action":"Snapshot","ActorPid":1444,"ActorName":"services.exe","User":"System / Unknown","Target":"svchost.exe","Status":"Success","Details":{"ProcessId":1452,"ParentProcessId":1444,"Name":"svchost.exe","ExecutablePath":"","CommandLine":"","ProcessName":"services.exe","ParentProcessName":"services.exe"},"RawData":null},{"Timestamp":"2026-07-07T15:01:06.821Z","EventId":"c4b1f6cd-b167-4bad-8d8c-04803848686c","EventType":"Process","Action":"Snapshot","ActorPid":1444,"ActorName":"services.exe","User":"System / Unknown","Target":"svchost.exe","Status":"Success","Details":{"ProcessId":992,"ParentProcessId":1444,"Name":"svchost.exe","ExecutablePath":"","CommandLine":"","ProcessName":"services.exe","ParentProcessName":"services.exe"},"RawData":null},{"Timestamp":"2026-07-07T15:01:06.821Z","EventId":"b6c9890b-92c1-4bf5-9c0c-a6edd9ea7e89","EventType":"Process","Action":"Snapshot","ActorPid":1444,"ActorName":"services.exe","User":"System / Unknown","Target":"svchost.exe","Status":"Success","Details":{"ProcessId":1824,"ParentProcessId":1444,"Name":"svchost.exe","ExecutablePath":"","CommandLine":"","ProcessName":"services.exe","ParentProcessName":"services.exe"},"RawData":null},{"Timestamp":"2026-07-07T15:01:06.821Z","EventId":"a64b0dca-3c77-446d-9ccc-bd5947af2ac8","EventType":"Process","Action":"Snapshot","ActorPid":1444,"ActorName":"services.exe","User":"System / Unknown","Target":"svchost.exe","Status":"Success","Details":{"ProcessId":1800,"ParentProcessId":1444,"Name":"svchost.exe","ExecutablePath":"","CommandLine":"","ProcessName":"services.exe","ParentProcessName":"services.exe"},"RawData":null},{"Timestamp":"2026-07-07T15:01:06.821Z","EventId":"cc301e90-140b-4f08-81b0-084919e5aeea","EventType":"Process","Action":"Snapshot","ActorPid":1444,"ActorName":"services.exe","User":"System / Unknown","Target":"svchost.exe","Status":"Success","Details":{"ProcessId":2016,"ParentProcessId":1444,"Name":"svchost.exe","ExecutablePath":"","CommandLine":"","ProcessName":"services.exe","ParentProcessName":"services.exe"},"RawData":null},{"Timestamp":"2026-07-07T15:01:06.821Z","EventId":"45d0ecb7-e439-4ebd-90e3-9939a52dedbd","EventType":"Process","Action":"Snapshot","ActorPid":1392,"ActorName":"winlogon.exe","User":"System / Unknown","Target":"dwm.exe","Status":"Success","Details":{"ProcessId":1872,"ParentProcessId":1392,"Name":"dwm.exe","ExecutablePath":"","CommandLine":"","ProcessName":"winlogon.exe","ParentProcessName":"winlogon.exe"},"RawData":null},{"Timestamp":"2026-07-07T15:01:06.821Z","EventId":"987aaf1d-e819-4310-9233-1f4e98f33b98","EventType":"Process","Action":"Snapshot","ActorPid":1444,"ActorName":"services.exe","User":"System / Unknown","Target":"svchost.exe","Status":"Success","Details":{"ProcessId":1784,"ParentProcessId":1444,"Name":"svchost.exe","ExecutablePath":"","CommandLine":"","ProcessName":"services.exe","ParentProcessName":"services.exe"},"RawData":null},{"Timestamp":"2026-07-07T15:01:06.821Z","EventId":"8905930c-5a14-488a-a23d-fc5682826f56","EventType":"Process","Action":"Snapshot","ActorPid":1444,"ActorName":"services.exe","User":"System / Unknown","Target":"svchost.exe","Status":"Success","Details":{"ProcessId":2008,"ParentProcessId":1444,"Name":"svchost.exe","ExecutablePath":"","CommandLine":"","ProcessName":"services.exe","ParentProcessName":"services.exe"},"RawData":null},{"Timestamp":"2026-07-07T15:01:06.821Z","EventId":"029d18e6-56b4-4851-bc1a-7ff69f5546be","EventType":"Process","Action":"Snapshot","ActorPid":1444,"ActorName":"services.exe","User":"System / Unknown","Target":"svchost.exe","Status":"Success","Details":{"ProcessId":2000,"ParentProcessId":1444,"Name":"svchost.exe","ExecutablePath":"","CommandLine":"","ProcessName":"services.exe","ParentProcessName":"services.exe"},"RawData":null},{"Timestamp":"2026-07-07T15:01:06.822Z","EventId":"8eccca0b-5e6e-4e86-b157-e9809f610cb9","EventType":"Process","Action":"Snapshot","ActorPid":1444,"ActorName":"services.exe","User":"System / Unknown","Target":"svchost.exe","Status":"Success","Details":{"ProcessId":2316,"ParentProcessId":1444,"Name":"svchost.exe","ExecutablePath":"","CommandLine":"","ProcessName":"services.exe","ParentProcessName":"services.exe"},"RawData":null},{"Timestamp":"2026-07-07T15:01:06.822Z","EventId":"ccda77ca-f487-48f6-b067-fea1abaedd82","EventType":"Process","Action":"Snapshot","ActorPid":1444,"ActorName":"services.exe","User":"System / Unknown","Target":"svchost.exe","Status":"Success","Details":{"ProcessId":2548,"ParentProcessId":1444,"Name":"svchost.exe","ExecutablePath":"","CommandLine":"","ProcessName":"services.exe","ParentProcessName":"services.exe"},"RawData":null},{"Timestamp":"2026-07-07T15:01:06.822Z","EventId":"64d172a8-0daa-4109-bc37-7dc3fa9c9c72","EventType":"Process","Action":"Snapshot","ActorPid":1444,"ActorName":"services.exe","User":"System / Unknown","Target":"IntelCpHDCPSvc.exe","Status":"Success","Details":{"ProcessId":2104,"ParentProcessId":1444,"Name":"IntelCpHDCPSvc.exe","ExecutablePath":"","CommandLine":"","ProcessName":"services.exe","ParentProcessName":"services.exe"},"RawData":null},{"Timestamp":"2026-07-07T15:01:06.822Z","EventId":"f38473a9-b108-472b-8f74-3cdf968232ad","EventType":"Process","Action":"Snapshot","ActorPid":1444,"ActorName":"services.exe","User":"System / Unknown","Target":"svchost.exe","Status":"Success","Details":{"ProcessId":2284,"ParentProcessId":1444,"Name":"svchost.exe","ExecutablePath":"","CommandLine":"","ProcessName":"services.exe","ParentProcessName":"services.exe"},"RawData":null},{"Timestamp":"2026-07-07T15:01:06.823Z","EventId":"bba1589b-4da7-4d29-80e2-e754d496aaaf","EventType":"Process","Action":"Snapshot","ActorPid":1444,"ActorName":"services.exe","User":"System / Unknown","Target":"svchost.exe","Status":"Success","Details":{"ProcessId":3076,"ParentProcessId":1444,"Name":"svchost.exe","ExecutablePath":"","CommandLine":"","ProcessName":"services.exe","ParentProcessName":"services.exe"},"RawData":null},{"Timestamp":"2026-07-07T15:01:06.823Z","EventId":"20a1925a-df31-46b7-a190-b0758a20b1f4","EventType":"Process","Action":"Snapshot","ActorPid":1444,"ActorName":"services.exe","User":"System / Unknown","Target":"svchost.exe","Status":"Success","Details":{"ProcessId":2708,"ParentProcessId":1444,"Name":"svchost.exe","ExecutablePath":"","CommandLine":"","ProcessName":"services.exe","ParentProcessName":"services.exe"},"RawData":null},{"Timestamp":"2026-07-07T15:01:06.823Z","EventId":"afebc6e5-9c1d-4005-94c6-88b7642c1598","EventType":"Process","Action":"Snapshot","ActorPid":2708,"ActorName":"svchost.exe","User":"System / Unknown","Target":"audiodg.exe","Status":"Success","Details":{"ProcessId":3188,"ParentProcessId":2708,"Name":"audiodg.exe","ExecutablePath":"","CommandLine":"","ProcessName":"svchost.exe","ParentProcessName":"svchost.exe"},"RawData":null},{"Timestamp":"2026-07-07T15:01:06.823Z","EventId":"8bb63df4-82d5-4e17-8cc1-7f5dc04eec49","EventType":"Process","Action":"Snapshot","ActorPid":1444,"ActorName":"services.exe","User":"System / Unknown","Target":"svchost.exe","Status":"Success","Details":{"ProcessId":3180,"ParentProcessId":1444,"Name":"svchost.exe","ExecutablePath":"","CommandLine":"","ProcessName":"services.exe","ParentProcessName":"services.exe"},"RawData":null},{"Timestamp":"2026-07-07T15:01:06.823Z","EventId":"e2813cc7-1892-411e-b355-da0068ddd620","EventType":"Process","Action":"Snapshot","ActorPid":1444,"ActorName":"services.exe","User":"System / Unknown","Target":"svchost.exe","Status":"Success","Details":{"ProcessId":2980,"ParentProcessId":1444,"Name":"svchost.exe","ExecutablePath":"","CommandLine":"","ProcessName":"services.exe","ParentProcessName":"services.exe"},"RawData":null},{"Timestamp":"2026-07-07T15:01:06.823Z","EventId":"6ee87a4a-903f-40d3-b198-a70ad876d956","EventType":"Process","Action":"Snapshot","ActorPid":1444,"ActorName":"services.exe","User":"System / Unknown","Target":"svchost.exe","Status":"Success","Details":{"ProcessId":2640,"ParentProcessId":1444,"Name":"svchost.exe","ExecutablePath":"","CommandLine":"","ProcessName":"services.exe","ParentProcessName":"services.exe"},"RawData":null},{"Timestamp":"2026-07-07T15:01:06.823Z","EventId":"c7d6d963-22b1-482c-9b1e-87064b4331d2","EventType":"Process","Action":"Snapshot","ActorPid":1444,"ActorName":"services.exe","User":"System / Unknown","Target":"svchost.exe","Status":"Success","Details":{"ProcessId":2328,"ParentProcessId":1444,"Name":"svchost.exe","ExecutablePath":"","CommandLine":"","ProcessName":"services.exe","ParentProcessName":"services.exe"},"RawData":null},{"Timestamp":"2026-07-07T15:01:06.823Z","EventId":"4aed88f1-f047-4e19-b6e2-437577cc1930","EventType":"Process","Action":"Snapshot","ActorPid":4,"ActorName":"System","User":"System / Unknown","Target":"Memory Compression","Status":"Success","Details":{"ProcessId":2988,"ParentProcessId":4,"Name":"Memory Compression","ExecutablePath":"","CommandLine":"","ProcessName":"System","ParentProcessName":"System"},"RawData":null},{"Timestamp":"2026-07-07T15:01:06.824Z","EventId":"910f7efa-aa6e-4a5c-b8b4-7abcc8170cba","EventType":"Process","Action":"Snapshot","ActorPid":1444,"ActorName":"services.exe","User":"System / Unknown","Target":"svchost.exe","Status":"Success","Details":{"ProcessId":3388,"ParentProcessId":1444,"Name":"svchost.exe","ExecutablePath":"","CommandLine":"","ProcessName":"services.exe","ParentProcessName":"services.exe"},"RawData":null},{"Timestamp":"2026-07-07T15:01:06.824Z","EventId":"f9d08834-b371-4102-9d8e-4433a937ff96","EventType":"Process","Action":"Snapshot","ActorPid":1444,"ActorName":"services.exe","User":"System / Unknown","Target":"spoolsv.exe","Status":"Success","Details":{"ProcessId":3268,"ParentProcessId":1444,"Name":"spoolsv.exe","ExecutablePath":"","CommandLine":"","ProcessName":"services.exe","ParentProcessName":"services.exe"},"RawData":null},{"Timestamp":"2026-07-07T15:01:06.824Z","EventId":"94798a3d-40b1-4b22-9e15-e68471125fab","EventType":"Process","Action":"Snapshot","ActorPid":1444,"ActorName":"services.exe","User":"System / Unknown","Target":"DAX3API.exe","Status":"Success","Details":{"ProcessId":3708,"ParentProcessId":1444,"Name":"DAX3API.exe","ExecutablePath":"","CommandLine":"","ProcessName":"services.exe","ParentProcessName":"services.exe"},"RawData":null},{"Timestamp":"2026-07-07T15:01:06.824Z","EventId":"bdcc4e4e-3145-4c02-ab40-d03f3aa292ff","EventType":"Process","Action":"Snapshot","ActorPid":1444,"ActorName":"services.exe","User":"System / Unknown","Target":"IntelAudioService.exe","Status":"Success","Details":{"ProcessId":3720,"ParentProcessId":1444,"Name":"IntelAudioService.exe","ExecutablePath":"","CommandLine":"","ProcessName":"services.exe","ParentProcessName":"services.exe"},"RawData":null},{"Timestamp":"2026-07-07T15:01:06.824Z","EventId":"60c6cd03-9ae4-42eb-bf00-5bfbe088284c","EventType":"Process","Action":"Snapshot","ActorPid":1444,"ActorName":"services.exe","User":"System / Unknown","Target":"jhi_service.exe","Status":"Success","Details":{"ProcessId":3732,"ParentProcessId":1444,"Name":"jhi_service.exe","ExecutablePath":"","CommandLine":"","ProcessName":"services.exe","ParentProcessName":"services.exe"},"RawData":null},{"Timestamp":"2026-07-07T15:01:06.824Z","EventId":"87fcd342-c72b-4699-a7d7-6cb3f36509a2","EventType":"Process","Action":"Snapshot","ActorPid":3480,"ActorName":"svchost.exe","User":"System / Unknown","Target":"NgcIso.exe","Status":"Success","Details":{"ProcessId":3540,"ParentProcessId":3480,"Name":"NgcIso.exe","ExecutablePath":"","CommandLine":"","ProcessName":"svchost.exe","ParentProcessName":"svchost.exe"},"RawData":null},{"Timestamp":"2026-07-07T15:01:06.824Z","EventId":"bedb8693-f519-4101-ab12-b4fba09c9b72","EventType":"Process","Action":"Snapshot","ActorPid":1444,"ActorName":"services.exe","User":"System / Unknown","Target":"svchost.exe","Status":"Success","Details":{"ProcessId":3480,"ParentProcessId":1444,"Name":"svchost.exe","ExecutablePath":"","CommandLine":"","ProcessName":"services.exe","ParentProcessName":"services.exe"},"RawData":null},{"Timestamp":"2026-07-07T15:01:06.824Z","EventId":"5d391d92-5d30-40c8-bd7a-b1ed4eb6aa74","EventType":"Process","Action":"Snapshot","ActorPid":1444,"ActorName":"services.exe","User":"System / Unknown","Target":"svchost.exe","Status":"Success","Details":{"ProcessId":3512,"ParentProcessId":1444,"Name":"svchost.exe","ExecutablePath":"","CommandLine":"","ProcessName":"services.exe","ParentProcessName":"services.exe"},"RawData":null},{"Timestamp":"2026-07-07T15:01:06.824Z","EventId":"83f15d15-8bbb-4a87-8f74-7d8dff468563","EventType":"Process","Action":"Snapshot","ActorPid":1444,"ActorName":"services.exe","User":"System / Unknown","Target":"svchost.exe","Status":"Success","Details":{"ProcessId":3528,"ParentProcessId":1444,"Name":"svchost.exe","ExecutablePath":"","CommandLine":"","ProcessName":"services.exe","ParentProcessName":"services.exe"},"RawData":null},{"Timestamp":"2026-07-07T15:01:06.826Z","EventId":"49c160ba-7ad0-4dbb-9232-1e70cd47d63c","EventType":"Process","Action":"Snapshot","ActorPid":1444,"ActorName":"services.exe","User":"System / Unknown","Target":"LNBITSSvc.exe","Status":"Success","Details":{"ProcessId":3764,"ParentProcessId":1444,"Name":"LNBITSSvc.exe","ExecutablePath":"","CommandLine":"","ProcessName":"services.exe","ParentProcessName":"services.exe"},"RawData":null},{"Timestamp":"2026-07-07T15:01:06.826Z","EventId":"9d5502cd-5281-4186-936a-80e78ce94359","EventType":"Process","Action":"Snapshot","ActorPid":1444,"ActorName":"services.exe","User":"System / Unknown","Target":"LenovoUtilityService.exe","Status":"Success","Details":{"ProcessId":3748,"ParentProcessId":1444,"Name":"LenovoUtilityService.exe","ExecutablePath":"","CommandLine":"","ProcessName":"services.exe","ParentProcessName":"services.exe"},"RawData":null},{"Timestamp":"2026-07-07T15:01:06.827Z","EventId":"7caafc86-aced-43d5-8ef1-25e3c6f9f976","EventType":"Process","Action":"Snapshot","ActorPid":1608,"ActorName":"svchost.exe","User":"System / Unknown","Target":"unsecapp.exe","Status":"Success","Details":{"ProcessId":5764,"ParentProcessId":1608,"Name":"unsecapp.exe","ExecutablePath":"","CommandLine":"","ProcessName":"svchost.exe","ParentProcessName":"svchost.exe"},"RawData":null},{"Timestamp":"2026-07-07T15:01:06.827Z","EventId":"3432a468-765d-4a0b-928c-a63f64ef2633","EventType":"Process","Action":"Snapshot","ActorPid":3764,"ActorName":"LNBITSSvc.exe","User":"System / Unknown","Target":"AutoModeDetect.exe","Status":"Success","Details":{"ProcessId":5900,"ParentProcessId":3764,"Name":"AutoModeDetect.exe","ExecutablePath":"","CommandLine":"","ProcessName":"LNBITSSvc.exe","ParentProcessName":"LNBITSSvc.exe"},"RawData":null},{"Timestamp":"2026-07-07T15:01:06.827Z","EventId":"0b800de8-9c32-4117-b356-4d4e335f1844","EventType":"Process","Action":"Snapshot","ActorPid":5900,"ActorName":"AutoModeDetect.exe","User":"System / Unknown","Target":"conhost.exe","Status":"Success","Details":{"ProcessId":5952,"ParentProcessId":5900,"Name":"conhost.exe","ExecutablePath":"","CommandLine":"","ProcessName":"AutoModeDetect.exe","ParentProcessName":"AutoModeDetect.exe"},"RawData":null},{"Timestamp":"2026-07-07T15:01:06.827Z","EventId":"fa9e5c60-c60b-43eb-ab37-65f82bba8e0f","EventType":"Process","Action":"Snapshot","ActorPid":1608,"ActorName":"svchost.exe","User":"System / Unknown","Target":"WmiPrvSE.exe","Status":"Success","Details":{"ProcessId":5608,"ParentProcessId":1608,"Name":"WmiPrvSE.exe","ExecutablePath":"","CommandLine":"","ProcessName":"svchost.exe","ParentProcessName":"svchost.exe"},"RawData":null},{"Timestamp":"2026-07-07T15:01:06.827Z","EventId":"63311da7-0f6b-44ff-9e48-1499702d8563","EventType":"Process","Action":"Snapshot","ActorPid":1444,"ActorName":"services.exe","User":"System / Unknown","Target":"SessionService.exe","Status":"Success","Details":{"ProcessId":4336,"ParentProcessId":1444,"Name":"SessionService.exe","ExecutablePath":"","CommandLine":"","ProcessName":"services.exe","ParentProcessName":"services.exe"},"RawData":null},{"Timestamp":"2026-07-07T15:01:06.827Z","EventId":"eac4763c-4672-4a81-b299-b8ee106305ac","EventType":"Process","Action":"Snapshot","ActorPid":4016,"ActorName":"SmartAppearanceSVC.exe","User":"System / Unknown","Target":"FaceBeautify.exe","Status":"Success","Details":{"ProcessId":5480,"ParentProcessId":4016,"Name":"FaceBeautify.exe","ExecutablePath":"","CommandLine":"","ProcessName":"SmartAppearanceSVC.exe","ParentProcessName":"SmartAppearanceSVC.exe"},"RawData":null},{"Timestamp":"2026-07-07T15:01:06.827Z","EventId":"050d6743-586c-46af-86bc-67ab0c2aa1e9","EventType":"Process","Action":"Snapshot","ActorPid":1608,"ActorName":"svchost.exe","User":"System / Unknown","Target":"WmiPrvSE.exe","Status":"Success","Details":{"ProcessId":5596,"ParentProcessId":1608,"Name":"WmiPrvSE.exe","ExecutablePath":"","CommandLine":"","ProcessName":"svchost.exe","ParentProcessName":"svchost.exe"},"RawData":null},{"Timestamp":"2026-07-07T15:01:06.827Z","EventId":"9cc11a33-a5b0-4f05-98e3-82fb41c5bee6","EventType":"Process","Action":"Snapshot","ActorPid":1444,"ActorName":"services.exe","User":"System / Unknown","Target":"svchost.exe","Status":"Success","Details":{"ProcessId":8040,"ParentProcessId":1444,"Name":"svchost.exe","ExecutablePath":"","CommandLine":"","ProcessName":"services.exe","ParentProcessName":"services.exe"},"RawData":null},{"Timestamp":"2026-07-07T15:01:06.827Z","EventId":"69c20df7-25f6-44ff-b3dc-ae528dd149fd","EventType":"Process","Action":"Snapshot","ActorPid":1444,"ActorName":"services.exe","User":"System / Unknown","Target":"svchost.exe","Status":"Success","Details":{"ProcessId":8048,"ParentProcessId":1444,"Name":"svchost.exe","ExecutablePath":"","CommandLine":"","ProcessName":"services.exe","ParentProcessName":"services.exe"},"RawData":null},{"Timestamp":"2026-07-07T15:01:06.827Z","EventId":"e0ca7c2d-b928-4497-8b2d-2e27063c66df","EventType":"Process","Action":"Snapshot","ActorPid":1444,"ActorName":"services.exe","User":"System / Unknown","Target":"IntelGraphicsSoftware.Service.exe","Status":"Success","Details":{"ProcessId":8132,"ParentProcessId":1444,"Name":"IntelGraphicsSoftware.Service.exe","ExecutablePath":"","CommandLine":"","ProcessName":"services.exe","ParentProcessName":"services.exe"},"RawData":null},{"Timestamp":"2026-07-07T15:01:06.827Z","EventId":"e3d7e189-b8e8-40dd-b2a5-456825d41fab","EventType":"Process","Action":"Snapshot","ActorPid":1444,"ActorName":"services.exe","User":"System / Unknown","Target":"svchost.exe","Status":"Success","Details":{"ProcessId":7492,"ParentProcessId":1444,"Name":"svchost.exe","ExecutablePath":"","CommandLine":"","ProcessName":"services.exe","ParentProcessName":"services.exe"},"RawData":null},{"Timestamp":"2026-07-07T15:01:06.827Z","EventId":"6de4aecc-f3f1-4b19-8380-91346f38db54","EventType":"Process","Action":"Snapshot","ActorPid":3880,"ActorName":"ipf_uf.exe","User":"System / Unknown","Target":"ipf_helper.exe","Status":"Success","Details":{"ProcessId":6012,"ParentProcessId":3880,"Name":"ipf_helper.exe","ExecutablePath":"C:\\WINDOWS\\System32\\DriverStore\\FileRepository\\ipf_cpu.inf_amd64_7218f3b363a821fe\\ipf_helper.exe","CommandLine":"\"C:\\WINDOWS\\System32\\DriverStore\\FileRepository\\ipf_cpu.inf_amd64_7218f3b363a821fe\\ipf_helper.exe\"","ProcessName":"ipf_uf.exe","ParentProcessName":"ipf_uf.exe"},"RawData":null},{"Timestamp":"2026-07-07T15:01:06.827Z","EventId":"1170d749-e56f-4e8b-9480-6bab325e17fe","EventType":"Process","Action":"Snapshot","ActorPid":3792,"ActorName":"servicehost.exe","User":"System / Unknown","Target":"uihost.exe","Status":"Success","Details":{"ProcessId":6020,"ParentProcessId":3792,"Name":"uihost.exe","ExecutablePath":"C:\\Program Files\\McAfee\\WebAdvisor\\UIHost.exe","CommandLine":"\"C:\\Program Files\\McAfee\\WebAdvisor\\UIHost.exe\" ","ProcessName":"servicehost.exe","ParentProcessName":"servicehost.exe"},"RawData":null},{"Timestamp":"2026-07-07T15:01:06.827Z","EventId":"488de59f-d932-44b1-93b9-70688807e616","EventType":"Process","Action":"Snapshot","ActorPid":3784,"ActorName":"mc-fw-host.exe","User":"System / Unknown","Target":"mc-fw-host.exe","Status":"Success","Details":{"ProcessId":7096,"ParentProcessId":3784,"Name":"mc-fw-host.exe","ExecutablePath":"","CommandLine":"","ProcessName":"mc-fw-host.exe","ParentProcessName":"mc-fw-host.exe"},"RawData":null},{"Timestamp":"2026-07-07T15:01:06.827Z","EventId":"093688cf-3326-48dd-ba8f-bdc2a47a4c32","EventType":"Process","Action":"Snapshot","ActorPid":1444,"ActorName":"services.exe","User":"System / Unknown","Target":"WMIRegistrationService.exe","Status":"Success","Details":{"ProcessId":4188,"ParentProcessId":1444,"Name":"WMIRegistrationService.exe","ExecutablePath":"","CommandLine":"","ProcessName":"services.exe","ParentProcessName":"services.exe"},"RawData":null},{"Timestamp":"2026-07-07T15:01:06.827Z","EventId":"3ea68a77-4c43-4665-935c-857eaeb3a85a","EventType":"Process","Action":"Snapshot","ActorPid":1444,"ActorName":"services.exe","User":"System / Unknown","Target":"Lenovo.Modern.ImController.exe","Status":"Success","Details":{"ProcessId":3816,"ParentProcessId":1444,"Name":"Lenovo.Modern.ImController.exe","ExecutablePath":"","CommandLine":"","ProcessName":"services.exe","ParentProcessName":"services.exe"},"RawData":null},{"Timestamp":"2026-07-07T15:01:06.827Z","EventId":"a31985e9-27cc-478f-b6fa-e8842dcd24d2","EventType":"Process","Action":"Snapshot","ActorPid":1444,"ActorName":"services.exe","User":"System / Unknown","Target":"LenovoVantageService.exe","Status":"Success","Details":{"ProcessId":3836,"ParentProcessId":1444,"Name":"LenovoVantageService.exe","ExecutablePath":"","CommandLine":"","ProcessName":"services.exe","ParentProcessName":"services.exe"},"RawData":null},{"Timestamp":"2026-07-07T15:01:06.827Z","EventId":"78f646db-bc37-4837-ad29-198a9459c373","EventType":"Process","Action":"Snapshot","ActorPid":1444,"ActorName":"services.exe","User":"System / Unknown","Target":"MpDefenderCoreService.exe","Status":"Success","Details":{"ProcessId":3856,"ParentProcessId":1444,"Name":"MpDefenderCoreService.exe","ExecutablePath":"","CommandLine":"","ProcessName":"services.exe","ParentProcessName":"services.exe"},"RawData":null},{"Timestamp":"2026-07-07T15:01:06.827Z","EventId":"17ef090b-9f52-4e9d-8a8a-db1bea5f07b5","EventType":"Process","Action":"Snapshot","ActorPid":1444,"ActorName":"services.exe","User":"System / Unknown","Target":"ElevocControlService.exe","Status":"Success","Details":{"ProcessId":3800,"ParentProcessId":1444,"Name":"ElevocControlService.exe","ExecutablePath":"","CommandLine":"","ProcessName":"services.exe","ParentProcessName":"services.exe"},"RawData":null},{"Timestamp":"2026-07-07T15:01:06.827Z","EventId":"8bc903cc-8c8f-441e-971a-fffed3007a86","EventType":"Process","Action":"Snapshot","ActorPid":1444,"ActorName":"services.exe","User":"System / Unknown","Target":"OfficeClickToRun.exe","Status":"Success","Details":{"ProcessId":3776,"ParentProcessId":1444,"Name":"OfficeClickToRun.exe","ExecutablePath":"","CommandLine":"","ProcessName":"services.exe","ParentProcessName":"services.exe"},"RawData":null},{"Timestamp":"2026-07-07T15:01:06.827Z","EventId":"5e17192e-abc4-496b-8ded-b08031caf3a5","EventType":"Process","Action":"Snapshot","ActorPid":1444,"ActorName":"services.exe","User":"System / Unknown","Target":"mc-fw-host.exe","Status":"Success","Details":{"ProcessId":3784,"ParentProcessId":1444,"Name":"mc-fw-host.exe","ExecutablePath":"","CommandLine":"","ProcessName":"services.exe","ParentProcessName":"services.exe"},"RawData":null},{"Timestamp":"2026-07-07T15:01:06.827Z","EventId":"8403952c-9b50-4346-a188-2e02f4d10686","EventType":"Process","Action":"Snapshot","ActorPid":1444,"ActorName":"services.exe","User":"System / Unknown","Target":"servicehost.exe","Status":"Success","Details":{"ProcessId":3792,"ParentProcessId":1444,"Name":"servicehost.exe","ExecutablePath":"","CommandLine":"","ProcessName":"services.exe","ParentProcessName":"services.exe"},"RawData":null},{"Timestamp":"2026-07-07T15:01:06.827Z","EventId":"940dfda8-4ae3-47a2-a716-09a5f261b3a5","EventType":"Process","Action":"Snapshot","ActorPid":1444,"ActorName":"services.exe","User":"System / Unknown","Target":"RtkBtManServ.exe","Status":"Success","Details":{"ProcessId":4060,"ParentProcessId":1444,"Name":"RtkBtManServ.exe","ExecutablePath":"","CommandLine":"","ProcessName":"services.exe","ParentProcessName":"services.exe"},"RawData":null},{"Timestamp":"2026-07-07T15:01:06.827Z","EventId":"981e29bf-5f71-497f-a30a-5401ae6a63fc","EventType":"Process","Action":"Snapshot","ActorPid":1444,"ActorName":"services.exe","User":"System / Unknown","Target":"UDClientService.exe","Status":"Success","Details":{"ProcessId":4084,"ParentProcessId":1444,"Name":"UDClientService.exe","ExecutablePath":"","CommandLine":"","ProcessName":"services.exe","ParentProcessName":"services.exe"},"RawData":null},{"Timestamp":"2026-07-07T15:01:06.827Z","EventId":"45e8076b-1f8c-4f9f-8316-e05eebccf76b","EventType":"Process","Action":"Snapshot","ActorPid":1444,"ActorName":"services.exe","User":"System / Unknown","Target":"MsMpEng.exe","Status":"Success","Details":{"ProcessId":1848,"ParentProcessId":1444,"Name":"MsMpEng.exe","ExecutablePath":"","CommandLine":"","ProcessName":"services.exe","ParentProcessName":"services.exe"},"RawData":null},{"Timestamp":"2026-07-07T15:01:06.827Z","EventId":"517e9fcf-05bc-4730-88d8-953c05ae856c","EventType":"Process","Action":"Snapshot","ActorPid":1444,"ActorName":"services.exe","User":"System / Unknown","Target":"SmartAppearanceSVC.exe","Status":"Success","Details":{"ProcessId":4016,"ParentProcessId":1444,"Name":"SmartAppearanceSVC.exe","ExecutablePath":"","CommandLine":"","ProcessName":"services.exe","ParentProcessName":"services.exe"},"RawData":null},{"Timestamp":"2026-07-07T15:01:06.827Z","EventId":"0f09072f-0ba3-4a2d-a152-25f2640dedbe","EventType":"Process","Action":"Snapshot","ActorPid":1444,"ActorName":"services.exe","User":"System / Unknown","Target":"ipfsvc.exe","Status":"Success","Details":{"ProcessId":3868,"ParentProcessId":1444,"Name":"ipfsvc.exe","ExecutablePath":"","CommandLine":"","ProcessName":"services.exe","ParentProcessName":"services.exe"},"RawData":null},{"Timestamp":"2026-07-07T15:01:06.827Z","EventId":"672544df-92f1-4283-a5a0-ea3042c19d05","EventType":"Process","Action":"Snapshot","ActorPid":1444,"ActorName":"services.exe","User":"System / Unknown","Target":"ipf_uf.exe","Status":"Success","Details":{"ProcessId":3880,"ParentProcessId":1444,"Name":"ipf_uf.exe","ExecutablePath":"","CommandLine":"","ProcessName":"services.exe","ParentProcessName":"services.exe"},"RawData":null},{"Timestamp":"2026-07-07T15:01:06.827Z","EventId":"665164e1-06cb-4b14-aa04-7b1e182944ce","EventType":"Process","Action":"Snapshot","ActorPid":1444,"ActorName":"services.exe","User":"System / Unknown","Target":"RtkAudUService64.exe","Status":"Success","Details":{"ProcessId":3908,"ParentProcessId":1444,"Name":"RtkAudUService64.exe","ExecutablePath":"","CommandLine":"","ProcessName":"services.exe","ParentProcessName":"services.exe"},"RawData":null},{"Timestamp":"2026-07-07T15:01:06.832Z","EventId":"c4d0c4f8-7700-42c4-b686-7083562f363d","EventType":"Process","Action":"Snapshot","ActorPid":2008,"ActorName":"svchost.exe","User":"System / Unknown","Target":"sihost.exe","Status":"Success","Details":{"ProcessId":5700,"ParentProcessId":2008,"Name":"sihost.exe","ExecutablePath":"C:\\WINDOWS\\System32\\sihost.exe","CommandLine":"sihost.exe","ProcessName":"svchost.exe","ParentProcessName":"svchost.exe"},"RawData":null},{"Timestamp":"2026-07-07T15:01:06.832Z","EventId":"3bd3ac9b-1613-480a-83a0-af55bc48dab1","EventType":"Process","Action":"Snapshot","ActorPid":1444,"ActorName":"services.exe","User":"System / Unknown","Target":"WUDFHost.exe","Status":"Success","Details":{"ProcessId":7752,"ParentProcessId":1444,"Name":"WUDFHost.exe","ExecutablePath":"","CommandLine":"","ProcessName":"services.exe","ParentProcessName":"services.exe"},"RawData":null},{"Timestamp":"2026-07-07T15:01:06.833Z","EventId":"91f2b909-378a-4410-817c-b54b687942f9","EventType":"Process","Action":"Snapshot","ActorPid":1444,"ActorName":"services.exe","User":"System / Unknown","Target":"svchost.exe","Status":"Success","Details":{"ProcessId":9380,"ParentProcessId":1444,"Name":"svchost.exe","ExecutablePath":"C:\\WINDOWS\\system32\\svchost.exe","CommandLine":"C:\\WINDOWS\\system32\\svchost.exe -k ClipboardSvcGroup -p","ProcessName":"services.exe","ParentProcessName":"services.exe"},"RawData":null},{"Timestamp":"2026-07-07T15:01:06.833Z","EventId":"57a8c7f9-7f13-46d4-8f6f-1995c36847e3","EventType":"Process","Action":"Snapshot","ActorPid":1444,"ActorName":"services.exe","User":"System / Unknown","Target":"WUDFHost.exe","Status":"Success","Details":{"ProcessId":9496,"ParentProcessId":1444,"Name":"WUDFHost.exe","ExecutablePath":"","CommandLine":"","ProcessName":"services.exe","ParentProcessName":"services.exe"},"RawData":null},{"Timestamp":"2026-07-07T15:01:06.833Z","EventId":"452e88c0-46a5-40e7-b3d8-9c9603d3e61b","EventType":"Process","Action":"Snapshot","ActorPid":1444,"ActorName":"services.exe","User":"System / Unknown","Target":"svchost.exe","Status":"Success","Details":{"ProcessId":8628,"ParentProcessId":1444,"Name":"svchost.exe","ExecutablePath":"","CommandLine":"","ProcessName":"services.exe","ParentProcessName":"services.exe"},"RawData":null},{"Timestamp":"2026-07-07T15:01:06.833Z","EventId":"304858fe-2c57-4cbf-8a2d-d94265a08915","EventType":"Process","Action":"Snapshot","ActorPid":5700,"ActorName":"sihost.exe","User":"System / Unknown","Target":"CrossDeviceResume.exe","Status":"Success","Details":{"ProcessId":8252,"ParentProcessId":5700,"Name":"CrossDeviceResume.exe","ExecutablePath":"C:\\WINDOWS\\SystemApps\\MicrosoftWindows.Client.CBS_cw5n1h2txyewy\\CrossDeviceResume.exe","CommandLine":"\"C:\\WINDOWS\\SystemApps\\MicrosoftWindows.Client.CBS_cw5n1h2txyewy\\CrossDeviceResume.exe\" /tileid MicrosoftWindows.Client.CBS_cw5n1h2txyewy!CrossDeviceResumeApp","ProcessName":"sihost.exe","ParentProcessName":"sihost.exe"},"RawData":null},{"Timestamp":"2026-07-07T15:01:06.833Z","EventId":"0db94beb-9ed1-40d9-b3cd-df4f710ad75c","EventType":"Process","Action":"Snapshot","ActorPid":3748,"ActorName":"LenovoUtilityService.exe","User":"System / Unknown","Target":"FnHotkeyUtility.exe","Status":"Success","Details":{"ProcessId":8640,"ParentProcessId":3748,"Name":"FnHotkeyUtility.exe","ExecutablePath":"C:\\Windows\\System32\\DriverStore\\FileRepository\\lenovofnandfunctionkeys.inf_amd64_5e21bf389d23855a\\FnHotkeyUtility.exe","CommandLine":"\"C:\\Windows\\System32\\DriverStore\\FileRepository\\lenovofnandfunctionkeys.inf_amd64_5e21bf389d23855a\\FnHotkeyUtility.exe\"","ProcessName":"LenovoUtilityService.exe","ParentProcessName":"LenovoUtilityService.exe"},"RawData":null},{"Timestamp":"2026-07-07T15:01:06.833Z","EventId":"3faaa9d2-2535-4c30-b1d0-267fb9e7c36b","EventType":"Process","Action":"Snapshot","ActorPid":1608,"ActorName":"svchost.exe","User":"System / Unknown","Target":"SearchHost.exe","Status":"Success","Details":{"ProcessId":7116,"ParentProcessId":1608,"Name":"SearchHost.exe","ExecutablePath":"C:\\WINDOWS\\SystemApps\\MicrosoftWindows.Client.CBS_cw5n1h2txyewy\\SearchHost.exe","CommandLine":"\"C:\\WINDOWS\\SystemApps\\MicrosoftWindows.Client.CBS_cw5n1h2txyewy\\SearchHost.exe\" -ServerName:CortanaUI.AppXstmwaab17q5s3y22tp6apqz7a45vwv65.mca","ProcessName":"svchost.exe","ParentProcessName":"svchost.exe"},"RawData":null},{"Timestamp":"2026-07-07T15:01:06.833Z","EventId":"68a7c425-b30f-432e-83cf-b47f18074aac","EventType":"Process","Action":"Snapshot","ActorPid":3708,"ActorName":"DAX3API.exe","User":"System / Unknown","Target":"DAX3API.exe","Status":"Success","Details":{"ProcessId":10196,"ParentProcessId":3708,"Name":"DAX3API.exe","ExecutablePath":"","CommandLine":"","ProcessName":"DAX3API.exe","ParentProcessName":"DAX3API.exe"},"RawData":null},{"Timestamp":"2026-07-07T15:01:06.833Z","EventId":"abfbc424-3402-4386-8f50-1339bfef79d2","EventType":"Process","Action":"Snapshot","ActorPid":3748,"ActorName":"LenovoUtilityService.exe","User":"System / Unknown","Target":"FnHotkeyCapsLKNumLK.exe","Status":"Success","Details":{"ProcessId":9720,"ParentProcessId":3748,"Name":"FnHotkeyCapsLKNumLK.exe","ExecutablePath":"","CommandLine":"","ProcessName":"LenovoUtilityService.exe","ParentProcessName":"LenovoUtilityService.exe"},"RawData":null},{"Timestamp":"2026-07-07T15:01:06.833Z","EventId":"a79450e1-1a8c-4c61-b6e4-496beb980b84","EventType":"Process","Action":"Snapshot","ActorPid":1444,"ActorName":"services.exe","User":"System / Unknown","Target":"WUDFHost.exe","Status":"Success","Details":{"ProcessId":9152,"ParentProcessId":1444,"Name":"WUDFHost.exe","ExecutablePath":"","CommandLine":"","ProcessName":"services.exe","ParentProcessName":"services.exe"},"RawData":null},{"Timestamp":"2026-07-07T15:01:06.833Z","EventId":"153493eb-109e-43b8-91d9-e8de32a2f913","EventType":"Process","Action":"Snapshot","ActorPid":2008,"ActorName":"svchost.exe","User":"System / Unknown","Target":"MicrosoftEdgeUpdate.exe","Status":"Success","Details":{"ProcessId":8312,"ParentProcessId":2008,"Name":"MicrosoftEdgeUpdate.exe","ExecutablePath":"","CommandLine":"","ProcessName":"svchost.exe","ParentProcessName":"svchost.exe"},"RawData":null},{"Timestamp":"2026-07-07T15:01:06.833Z","EventId":"aea7d12c-a359-4bef-92de-48a01094a04b","EventType":"Process","Action":"Snapshot","ActorPid":2008,"ActorName":"svchost.exe","User":"System / Unknown","Target":"taskhostw.exe","Status":"Success","Details":{"ProcessId":8328,"ParentProcessId":2008,"Name":"taskhostw.exe","ExecutablePath":"C:\\WINDOWS\\System32\\taskhostw.exe","CommandLine":"taskhostw.exe {222A245B-E637-4AE9-A93F-A59CA119A75E}","ProcessName":"svchost.exe","ParentProcessName":"svchost.exe"},"RawData":null},{"Timestamp":"2026-07-07T15:01:06.833Z","EventId":"2d39cb21-8188-4fec-a15d-950003ff4cf7","EventType":"Process","Action":"Snapshot","ActorPid":1444,"ActorName":"services.exe","User":"System / Unknown","Target":"svchost.exe","Status":"Success","Details":{"ProcessId":4120,"ParentProcessId":1444,"Name":"svchost.exe","ExecutablePath":"C:\\WINDOWS\\system32\\svchost.exe","CommandLine":"C:\\WINDOWS\\system32\\svchost.exe -k UnistackSvcGroup","ProcessName":"services.exe","ParentProcessName":"services.exe"},"RawData":null},{"Timestamp":"2026-07-07T15:01:06.833Z","EventId":"64869fb4-5b63-4fff-aeb6-260c0e0e8bdc","EventType":"Process","Action":"Snapshot","ActorPid":1444,"ActorName":"services.exe","User":"System / Unknown","Target":"svchost.exe","Status":"Success","Details":{"ProcessId":4252,"ParentProcessId":1444,"Name":"svchost.exe","ExecutablePath":"C:\\WINDOWS\\system32\\svchost.exe","CommandLine":"C:\\WINDOWS\\system32\\svchost.exe -k LocalSystemNetworkRestricted -p","ProcessName":"services.exe","ParentProcessName":"services.exe"},"RawData":null},{"Timestamp":"2026-07-07T15:01:06.833Z","EventId":"0326d652-6499-40ed-a17b-35101dfd9681","EventType":"Process","Action":"Snapshot","ActorPid":1444,"ActorName":"services.exe","User":"System / Unknown","Target":"WUDFHost.exe","Status":"Success","Details":{"ProcessId":8648,"ParentProcessId":1444,"Name":"WUDFHost.exe","ExecutablePath":"","CommandLine":"","ProcessName":"services.exe","ParentProcessName":"services.exe"},"RawData":null},{"Timestamp":"2026-07-07T15:01:06.833Z","EventId":"55c13fd1-56b7-467a-81c1-530a713251e1","EventType":"Process","Action":"Snapshot","ActorPid":8932,"ActorName":"SystemParent","User":"System / Unknown","Target":"explorer.exe","Status":"Success","Details":{"ProcessId":9000,"ParentProcessId":8932,"Name":"explorer.exe","ExecutablePath":"C:\\WINDOWS\\Explorer.EXE","CommandLine":"C:\\WINDOWS\\Explorer.EXE"},"RawData":null},