{"Timestamp":"2026-07-07T15:01:06.954Z","EventId":"51d959a8-e782-45ee-8d3c-c38c2ce921d9","EventType":"Service","Action":"Snapshot","ActorPid":null,"ActorName":null,"User":null,"Target":"wcncsvc","Status":"Success","Details":{"ServiceName":"wcncsvc","DisplayName":"Windows Connect Now - Config Registrar","Status":"Stopped","ServiceType":"Win32ShareProcess","CanStop":false},"RawData":null},{"Timestamp":"2026-07-07T15:01:06.954Z","EventId":"5f091a34-39cf-4a2b-81ac-9b2c8fb97df3","EventType":"Service","Action":"Snapshot","ActorPid":null,"ActorName":null,"User":null,"Target":"WdNisSvc","Status":"Success","Details":{"ServiceName":"WdNisSvc","DisplayName":"Microsoft Defender Antivirus Network Inspection Service","Status":"Stopped","ServiceType":"Win32OwnProcess","CanStop":false},"RawData":null},{"Timestamp":"2026-07-07T15:01:06.954Z","EventId":"4dd070df-62eb-4ce3-b94a-a6f2cbf58059","EventType":"Service","Action":"Snapshot","ActorPid":null,"ActorName":null,"User":null,"Target":"Wecsvc","Status":"Success","Details":{"ServiceName":"Wecsvc","DisplayName":"Windows Event Collector","Status":"Stopped","ServiceType":"Win32ShareProcess","CanStop":false},"RawData":null},{"Timestamp":"2026-07-07T15:01:06.954Z","EventId":"ac13a6bf-017a-4bb3-a876-893ad3952f2c","EventType":"Service","Action":"Snapshot","ActorPid":null,"ActorName":null,"User":null,"Target":"webthreatdefsvc","Status":"Success","Details":{"ServiceName":"webthreatdefsvc","DisplayName":"Web Threat Defense Service","Status":"Running","ServiceType":"Win32ShareProcess","CanStop":true},"RawData":null},{"Timestamp":"2026-07-07T15:01:06.954Z","EventId":"d41a9bed-6e37-41df-a83d-95dbcfd2c2d2","EventType":"Service","Action":"Snapshot","ActorPid":null,"ActorName":null,"User":null,"Target":"WebClient","Status":"Success","Details":{"ServiceName":"WebClient","DisplayName":"WebClient","Status":"Stopped","ServiceType":"Win32ShareProcess","CanStop":false},"RawData":null},{"Timestamp":"2026-07-07T15:01:06.954Z","EventId":"0d916fa6-f624-4856-936d-f13169f606ab","EventType":"Service","Action":"Snapshot","ActorPid":null,"ActorName":null,"User":null,"Target":"WalletService","Status":"Success","Details":{"ServiceName":"WalletService","DisplayName":"WalletService","Status":"Stopped","ServiceType":"Win32ShareProcess","CanStop":false},"RawData":null},{"Timestamp":"2026-07-07T15:01:06.954Z","EventId":"2e019490-1612-4e66-b184-cf81061d8ee0","EventType":"Service","Action":"Snapshot","ActorPid":null,"ActorName":null,"User":null,"Target":"WaaSMedicSvc","Status":"Success","Details":{"ServiceName":"WaaSMedicSvc","DisplayName":"WaaSMedicSvc","Status":"Stopped","ServiceType":"Win32ShareProcess","CanStop":false},"RawData":null},{"Timestamp":"2026-07-07T15:01:06.954Z","EventId":"43a18428-deca-4a4c-8ea0-aad2213f5df1","EventType":"Service","Action":"Snapshot","ActorPid":null,"ActorName":null,"User":null,"Target":"W32Time","Status":"Success","Details":{"ServiceName":"W32Time","DisplayName":"Windows Time","Status":"Running","ServiceType":"Win32ShareProcess","CanStop":true},"RawData":null},{"Timestamp":"2026-07-07T15:01:06.954Z","EventId":"add192d3-a02c-46ed-8fc7-c2843f9fa73e","EventType":"Service","Action":"Snapshot","ActorPid":null,"ActorName":null,"User":null,"Target":"WarpJITSvc","Status":"Success","Details":{"ServiceName":"WarpJITSvc","DisplayName":"Warp JIT Service","Status":"Stopped","ServiceType":"Win32OwnProcess","CanStop":false},"RawData":null},{"Timestamp":"2026-07-07T15:01:06.954Z","EventId":"0f5eff18-aabb-4178-940a-46faafcec41e","EventType":"Service","Action":"Snapshot","ActorPid":null,"ActorName":null,"User":null,"Target":"Wcmsvc","Status":"Success","Details":{"ServiceName":"Wcmsvc","DisplayName":"Windows Connection Manager","Status":"Running","ServiceType":"Win32OwnProcess","CanStop":true},"RawData":null},{"Timestamp":"2026-07-07T15:01:06.954Z","EventId":"ff3b4211-2098-46ee-a7fd-81405f43a56c","EventType":"Service","Action":"Snapshot","ActorPid":null,"ActorName":null,"User":null,"Target":"WbioSrvc","Status":"Success","Details":{"ServiceName":"WbioSrvc","DisplayName":"Windows Biometric Service","Status":"Stopped","ServiceType":"Win32ShareProcess","CanStop":false},"RawData":null},{"Timestamp":"2026-07-07T15:01:06.954Z","EventId":"48aefba7-b58b-47e9-9efd-a41d0547cf00","EventType":"Service","Action":"Snapshot","ActorPid":null,"ActorName":null,"User":null,"Target":"wbengine","Status":"Success","Details":{"ServiceName":"wbengine","DisplayName":"Block Level Backup Engine Service","Status":"Stopped","ServiceType":"Win32OwnProcess","CanStop":false},"RawData":null},{"Timestamp":"2026-07-07T15:01:06.954Z","EventId":"044d8f79-77a7-4dc4-a25e-ba35f67c30c2","EventType":"Service","Action":"Snapshot","ActorPid":null,"ActorName":null,"User":null,"Target":"StorSvc","Status":"Success","Details":{"ServiceName":"StorSvc","DisplayName":"Storage Service","Status":"Running","ServiceType":"Win32OwnProcess","CanStop":true},"RawData":null},{"Timestamp":"2026-07-07T15:01:06.954Z","EventId":"265c1e0c-00f2-4ee5-b6cf-732290f5c2ee","EventType":"Service","Action":"Snapshot","ActorPid":null,"ActorName":null,"User":null,"Target":"StiSvc","Status":"Success","Details":{"ServiceName":"StiSvc","DisplayName":"Windows Image Acquisition (WIA)","Status":"Stopped","ServiceType":"Win32OwnProcess","CanStop":false},"RawData":null},{"Timestamp":"2026-07-07T15:01:06.954Z","EventId":"beeda66a-0dde-404f-9751-cffb0e77d9bc","EventType":"Service","Action":"Snapshot","ActorPid":null,"ActorName":null,"User":null,"Target":"StateRepository","Status":"Success","Details":{"ServiceName":"StateRepository","DisplayName":"State Repository Service","Status":"Running","ServiceType":"Win32ShareProcess","CanStop":true},"RawData":null},{"Timestamp":"2026-07-07T15:01:06.954Z","EventId":"fcd51dca-0877-4014-a3a2-71d489a00e33","EventType":"Service","Action":"Snapshot","ActorPid":null,"ActorName":null,"User":null,"Target":"svsvc","Status":"Success","Details":{"ServiceName":"svsvc","DisplayName":"Spot Verifier","Status":"Stopped","ServiceType":"Win32ShareProcess","CanStop":false},"RawData":null},{"Timestamp":"2026-07-07T15:01:06.954Z","EventId":"fcc1a4b1-7123-4128-a9df-024beb50ffee","EventType":"Service","Action":"Snapshot","ActorPid":null,"ActorName":null,"User":null,"Target":"SystemEventsBroker","Status":"Success","Details":{"ServiceName":"SystemEventsBroker","DisplayName":"System Events Broker","Status":"Running","ServiceType":"Win32ShareProcess","CanStop":true},"RawData":null},{"Timestamp":"2026-07-07T15:01:06.954Z","EventId":"41e0b525-e538-4bdf-93ef-fbf785abcdc6","EventType":"Service","Action":"Snapshot","ActorPid":null,"ActorName":null,"User":null,"Target":"SysMain","Status":"Success","Details":{"ServiceName":"SysMain","DisplayName":"SysMain","Status":"Running","ServiceType":"Win32ShareProcess","CanStop":true},"RawData":null},{"Timestamp":"2026-07-07T15:01:06.954Z","EventId":"662bff12-4458-469c-ae8c-06d9379fbb9c","EventType":"Service","Action":"Snapshot","ActorPid":null,"ActorName":null,"User":null,"Target":"swprv","Status":"Success","Details":{"ServiceName":"swprv","DisplayName":"Microsoft Software Shadow Copy Provider","Status":"Stopped","ServiceType":"Win32OwnProcess","CanStop":false},"RawData":null},{"Timestamp":"2026-07-07T15:01:06.954Z","EventId":"6c1b18f5-0bf5-483a-8409-759fd816b655","EventType":"Service","Action":"Snapshot","ActorPid":null,"ActorName":null,"User":null,"Target":"sppsvc","Status":"Success","Details":{"ServiceName":"sppsvc","DisplayName":"Software Protection","Status":"Stopped","ServiceType":"Win32OwnProcess","CanStop":false},"RawData":null},{"Timestamp":"2026-07-07T15:01:06.954Z","EventId":"2f4e3da8-6ab2-4ac9-9267-53ab5ab8e81a","EventType":"Service","Action":"Snapshot","ActorPid":null,"ActorName":null,"User":null,"Target":"Spooler","Status":"Success","Details":{"ServiceName":"Spooler","DisplayName":"Print Spooler","Status":"Running","ServiceType":"Win32OwnProcess, InteractiveProcess","CanStop":true},"RawData":null},{"Timestamp":"2026-07-07T15:01:06.954Z","EventId":"9cecdf67-8cbd-4f6a-9fac-99200d2252fe","EventType":"Service","Action":"Snapshot","ActorPid":null,"ActorName":null,"User":null,"Target":"SNMPTrap","Status":"Success","Details":{"ServiceName":"SNMPTrap","DisplayName":"SNMP Trap","Status":"Stopped","ServiceType":"Win32OwnProcess","CanStop":false},"RawData":null},{"Timestamp":"2026-07-07T15:01:06.954Z","EventId":"d9c6b335-cccb-43b8-a63d-dd6ec65d8c9d","EventType":"Service","Action":"Snapshot","ActorPid":null,"ActorName":null,"User":null,"Target":"SSDPSRV","Status":"Success","Details":{"ServiceName":"SSDPSRV","DisplayName":"SSDP Discovery","Status":"Running","ServiceType":"Win32ShareProcess","CanStop":true},"RawData":null},{"Timestamp":"2026-07-07T15:01:06.954Z","EventId":"d4fb2b6a-6cdb-482a-9058-d23d977b1387","EventType":"Service","Action":"Snapshot","ActorPid":null,"ActorName":null,"User":null,"Target":"SstpSvc","Status":"Success","Details":{"ServiceName":"SstpSvc","DisplayName":"Secure Socket Tunneling Protocol Service","Status":"Running","ServiceType":"Win32ShareProcess","CanStop":true},"RawData":null},{"Timestamp":"2026-07-07T15:01:06.954Z","EventId":"47c68ca3-5c8b-4a85-b664-3d0390f65c31","EventType":"Service","Action":"Snapshot","ActorPid":null,"ActorName":null,"User":null,"Target":"sshd","Status":"Success","Details":{"ServiceName":"sshd","DisplayName":"OpenSSH SSH Server","Status":"Stopped","ServiceType":"Win32OwnProcess","CanStop":false},"RawData":null},{"Timestamp":"2026-07-07T15:01:06.954Z","EventId":"875b02d5-95cf-4cee-8c98-af420471b58c","EventType":"Service","Action":"Snapshot","ActorPid":null,"ActorName":null,"User":null,"Target":"ssh-agent","Status":"Success","Details":{"ServiceName":"ssh-agent","DisplayName":"OpenSSH Authentication Agent","Status":"Stopped","ServiceType":"Win32OwnProcess","CanStop":false},"RawData":null},{"Timestamp":"2026-07-07T15:01:06.954Z","EventId":"116cdd05-6ced-4e67-8c02-06a94a848996","EventType":"Service","Action":"Snapshot","ActorPid":null,"ActorName":null,"User":null,"Target":"TrustedInstaller","Status":"Success","Details":{"ServiceName":"TrustedInstaller","DisplayName":"Windows Modules Installer","Status":"Stopped","ServiceType":"Win32OwnProcess","CanStop":false},"RawData":null},{"Timestamp":"2026-07-07T15:01:06.954Z","EventId":"2641d967-b4e8-49ac-90b3-46ac08774965","EventType":"Service","Action":"Snapshot","ActorPid":null,"ActorName":null,"User":null,"Target":"TroubleshootingSvc","Status":"Success","Details":{"ServiceName":"TroubleshootingSvc","DisplayName":"Recommended Troubleshooting Service","Status":"Stopped","ServiceType":"Win32ShareProcess","CanStop":false},"RawData":null},{"Timestamp":"2026-07-07T15:01:06.954Z","EventId":"bbc72405-732b-436b-bdff-996dad964423","EventType":"Service","Action":"Snapshot","ActorPid":null,"ActorName":null,"User":null,"Target":"TrkWks","Status":"Success","Details":{"ServiceName":"TrkWks","DisplayName":"Distributed Link Tracking Client","Status":"Running","ServiceType":"Win32ShareProcess","CanStop":true},"RawData":null},{"Timestamp":"2026-07-07T15:01:06.954Z","EventId":"3e7fc3d0-8857-49dc-906b-2ddec9e4524e","EventType":"Service","Action":"Snapshot","ActorPid":null,"ActorName":null,"User":null,"Target":"tzautoupdate","Status":"Success","Details":{"ServiceName":"tzautoupdate","DisplayName":"Auto Time Zone Updater","Status":"Stopped","ServiceType":"Win32ShareProcess","CanStop":false},"RawData":null},{"Timestamp":"2026-07-07T15:01:06.954Z","EventId":"165350e1-c795-473f-9507-2b1c787fd039","EventType":"Service","Action":"Snapshot","ActorPid":null,"ActorName":null,"User":null,"Target":"upnphost","Status":"Success","Details":{"ServiceName":"upnphost","DisplayName":"UPnP Device Host","Status":"Running","ServiceType":"Win32ShareProcess","CanStop":true},"RawData":null},{"Timestamp":"2026-07-07T15:01:06.954Z","EventId":"103fc35c-a75e-446c-96e0-a9ab63c7f77b","EventType":"Service","Action":"Snapshot","ActorPid":null,"ActorName":null,"User":null,"Target":"UmRdpService","Status":"Success","Details":{"ServiceName":"UmRdpService","DisplayName":"Remote Desktop Services UserMode Port Redirector","Status":"Stopped","ServiceType":"Win32ShareProcess","CanStop":false},"RawData":null},{"Timestamp":"2026-07-07T15:01:06.954Z","EventId":"31122351-5150-4ab5-b9b1-63cb41d25c56","EventType":"Service","Action":"Snapshot","ActorPid":null,"ActorName":null,"User":null,"Target":"UDCService","Status":"Success","Details":{"ServiceName":"UDCService","DisplayName":"Universal Device Client Service","Status":"Running","ServiceType":"Win32OwnProcess","CanStop":true},"RawData":null},{"Timestamp":"2026-07-07T15:01:06.954Z","EventId":"dbe356f5-b479-4baf-9f30-3370edf3bc9a","EventType":"Service","Action":"Snapshot","ActorPid":null,"ActorName":null,"User":null,"Target":"TextInputManagementService","Status":"Success","Details":{"ServiceName":"TextInputManagementService","DisplayName":"Text Input Management Service","Status":"Running","ServiceType":"Win32ShareProcess","CanStop":false},"RawData":null},{"Timestamp":"2026-07-07T15:01:06.954Z","EventId":"54724e1e-94ad-4ef1-989a-5d5a69f5a1a0","EventType":"Service","Action":"Snapshot","ActorPid":null,"ActorName":null,"User":null,"Target":"TermService","Status":"Success","Details":{"ServiceName":"TermService","DisplayName":"Remote Desktop Services","Status":"Stopped","ServiceType":"Win32ShareProcess","CanStop":false},"RawData":null},{"Timestamp":"2026-07-07T15:01:06.954Z","EventId":"1ac79400-4c4f-47f6-bac0-c9a5a1157782","EventType":"Service","Action":"Snapshot","ActorPid":null,"ActorName":null,"User":null,"Target":"TapiSrv","Status":"Success","Details":{"ServiceName":"TapiSrv","DisplayName":"Telephony","Status":"Stopped","ServiceType":"Win32ShareProcess","CanStop":false},"RawData":null},{"Timestamp":"2026-07-07T15:01:06.954Z","EventId":"75f427c5-7941-42e5-95b9-7084476d0f63","EventType":"Service","Action":"Snapshot","ActorPid":null,"ActorName":null,"User":null,"Target":"Themes","Status":"Success","Details":{"ServiceName":"Themes","DisplayName":"Themes","Status":"Running","ServiceType":"Win32ShareProcess","CanStop":true},"RawData":null},{"Timestamp":"2026-07-07T15:01:06.954Z","EventId":"0214293b-5261-491a-842b-1c947ed215a8","EventType":"Service","Action":"Snapshot","ActorPid":null,"ActorName":null,"User":null,"Target":"TokenBroker","Status":"Success","Details":{"ServiceName":"TokenBroker","DisplayName":"Web Account Manager","Status":"Running","ServiceType":"Win32ShareProcess","CanStop":true},"RawData":null},{"Timestamp":"2026-07-07T15:01:06.954Z","EventId":"1618eabc-4ec1-4f4d-ad80-b4f78c8aa8ae","EventType":"Service","Action":"Snapshot","ActorPid":null,"ActorName":null,"User":null,"Target":"TimeBrokerSvc","Status":"Success","Details":{"ServiceName":"TimeBrokerSvc","DisplayName":"Time Broker","Status":"Running","ServiceType":"Win32ShareProcess","CanStop":true},"RawData":null},{"Timestamp":"2026-07-07T15:01:06.954Z","EventId":"21979562-e346-4560-9530-b108bf869cea","EventType":"Service","Action":"Snapshot","ActorPid":null,"ActorName":null,"User":null,"Target":"TieringEngineService","Status":"Success","Details":{"ServiceName":"TieringEngineService","DisplayName":"Storage Tiers Management","Status":"Stopped","ServiceType":"Win32OwnProcess","CanStop":false},"RawData":null},{"Timestamp":"2026-07-07T15:01:06.954Z","EventId":"e3f0e1e8-b33d-44eb-8c01-f7f4a2884da6","EventType":"Service","Action":"Snapshot","ActorPid":null,"ActorName":null,"User":null,"Target":"CDPUserSvc_7b796","Status":"Success","Details":{"ServiceName":"CDPUserSvc_7b796","DisplayName":"CDPUserSvc_7b796","Status":"Running","ServiceType":"224","CanStop":true},"RawData":null},{"Timestamp":"2026-07-07T15:01:06.954Z","EventId":"0aa0eded-2527-4739-93fe-6bebc11028fe","EventType":"Service","Action":"Snapshot","ActorPid":null,"ActorName":null,"User":null,"Target":"cbdhsvc_7b796","Status":"Success","Details":{"ServiceName":"cbdhsvc_7b796","DisplayName":"cbdhsvc_7b796","Status":"Running","ServiceType":"224","CanStop":true},"RawData":null},{"Timestamp":"2026-07-07T15:01:06.954Z","EventId":"36008a34-4856-4f7a-b9b7-a131730e6241","EventType":"Service","Action":"Snapshot","ActorPid":null,"ActorName":null,"User":null,"Target":"CaptureService_7b796","Status":"Success","Details":{"ServiceName":"CaptureService_7b796","DisplayName":"CaptureService_7b796","Status":"Stopped","ServiceType":"224","CanStop":false},"RawData":null},{"Timestamp":"2026-07-07T15:01:06.954Z","EventId":"5b8c5c83-0edf-4804-9f11-a21b086400d3","EventType":"Service","Action":"Snapshot","ActorPid":null,"ActorName":null,"User":null,"Target":"CloudBackupRestoreSvc_7b796","Status":"Success","Details":{"ServiceName":"CloudBackupRestoreSvc_7b796","DisplayName":"CloudBackupRestoreSvc_7b796","Status":"Stopped","ServiceType":"224","CanStop":false},"RawData":null},{"Timestamp":"2026-07-07T15:01:06.954Z","EventId":"86cc2d29-bc0b-4564-84e5-f68c19265886","EventType":"Service","Action":"Snapshot","ActorPid":null,"ActorName":null,"User":null,"Target":"DeviceAssociationBrokerSvc_7b796","Status":"Success","Details":{"ServiceName":"DeviceAssociationBrokerSvc_7b796","DisplayName":"DeviceAssociationBrokerSvc_7b796","Status":"Stopped","ServiceType":"224","CanStop":false},"RawData":null},{"Timestamp":"2026-07-07T15:01:06.954Z","EventId":"b11adfb0-3c40-4baa-856a-68bb7dd86168","EventType":"Service","Action":"Snapshot","ActorPid":null,"ActorName":null,"User":null,"Target":"CredentialEnrollmentManagerUserSvc_7b796","Status":"Success","Details":{"ServiceName":"CredentialEnrollmentManagerUserSvc_7b796","DisplayName":"CredentialEnrollmentManagerUserSvc_7b796","Status":"Stopped","ServiceType":"208","CanStop":false},"RawData":null},{"Timestamp":"2026-07-07T15:01:06.954Z","EventId":"053c36f7-addf-459f-8fcf-81eea041652e","EventType":"Service","Action":"Snapshot","ActorPid":null,"ActorName":null,"User":null,"Target":"ConsentUxUserSvc_7b796","Status":"Success","Details":{"ServiceName":"ConsentUxUserSvc_7b796","DisplayName":"ConsentUxUserSvc_7b796","Status":"Stopped","ServiceType":"224","CanStop":false},"RawData":null},{"Timestamp":"2026-07-07T15:01:06.954Z","EventId":"d958c4cb-21b7-49b2-a765-174a00b4b663","EventType":"Service","Action":"Snapshot","ActorPid":null,"ActorName":null,"User":null,"Target":"XboxGipSvc","Status":"Success","Details":{"ServiceName":"XboxGipSvc","DisplayName":"Xbox Accessory Management Service","Status":"Stopped","ServiceType":"Win32ShareProcess","CanStop":false},"RawData":null},{"Timestamp":"2026-07-07T15:01:06.954Z","EventId":"eac874da-24b9-4280-b67d-09bfce520d21","EventType":"Service","Action":"Snapshot","ActorPid":null,"ActorName":null,"User":null,"Target":"XblGameSave","Status":"Success","Details":{"ServiceName":"XblGameSave","DisplayName":"Xbox Live Game Save","Status":"Stopped","ServiceType":"Win32ShareProcess","CanStop":false},"RawData":null},{"Timestamp":"2026-07-07T15:01:06.954Z","EventId":"ec2752c8-a8d0-4202-9ef5-9d2ebd88343b","EventType":"Service","Action":"Snapshot","ActorPid":null,"ActorName":null,"User":null,"Target":"XblAuthManager","Status":"Success","Details":{"ServiceName":"XblAuthManager","DisplayName":"Xbox Live Auth Manager","Status":"Stopped","ServiceType":"Win32ShareProcess","CanStop":false},"RawData":null},{"Timestamp":"2026-07-07T15:01:06.954Z","EventId":"5fee24cb-d477-4d4d-8f6e-fac9a268978a","EventType":"Service","Action":"Snapshot","ActorPid":null,"ActorName":null,"User":null,"Target":"XboxNetApiSvc","Status":"Success","Details":{"ServiceName":"XboxNetApiSvc","DisplayName":"Xbox Live Networking Service","Status":"Stopped","ServiceType":"Win32ShareProcess","CanStop":false},"RawData":null},{"Timestamp":"2026-07-07T15:01:06.954Z","EventId":"c7ac36c4-48b1-47ad-8834-58bd58b2dece","EventType":"Service","Action":"Snapshot","ActorPid":null,"ActorName":null,"User":null,"Target":"BluetoothUserService_7b796","Status":"Success","Details":{"ServiceName":"BluetoothUserService_7b796","DisplayName":"BluetoothUserService_7b796","Status":"Stopped","ServiceType":"224","CanStop":false},"RawData":null},{"Timestamp":"2026-07-07T15:01:06.954Z","EventId":"7da64ec0-0b72-4cc1-8c4f-b5ecd644cfd6","EventType":"Service","Action":"Snapshot","ActorPid":null,"ActorName":null,"User":null,"Target":"BcastDVRUserService_7b796","Status":"Success","Details":{"ServiceName":"BcastDVRUserService_7b796","DisplayName":"BcastDVRUserService_7b796","Status":"Stopped","ServiceType":"224","CanStop":false},"RawData":null},{"Timestamp":"2026-07-07T15:01:06.954Z","EventId":"2adc3b43-ee3a-4ab2-8b99-b53f442e9114","EventType":"Service","Action":"Snapshot","ActorPid":null,"ActorName":null,"User":null,"Target":"AarSvc_7b796","Status":"Success","Details":{"ServiceName":"AarSvc_7b796","DisplayName":"AarSvc_7b796","Status":"Stopped","ServiceType":"224","CanStop":false},"RawData":null},{"Timestamp":"2026-07-07T15:01:06.954Z","EventId":"a2937784-6f76-42fa-b20e-84f6a5cf91ca","EventType":"Service","Action":"Snapshot","ActorPid":null,"ActorName":null,"User":null,"Target":"UdkUserSvc_7b796","Status":"Success","Details":{"ServiceName":"UdkUserSvc_7b796","DisplayName":"UdkUserSvc_7b796","Status":"Running","ServiceType":"224","CanStop":true},"RawData":null},{"Timestamp":"2026-07-07T15:01:06.954Z","EventId":"53c71b6c-cc0a-49d1-b5ac-728882c2aa4b","EventType":"Service","Action":"Snapshot","ActorPid":null,"ActorName":null,"User":null,"Target":"PrintWorkflowUserSvc_7b796","Status":"Success","Details":{"ServiceName":"PrintWorkflowUserSvc_7b796","DisplayName":"PrintWorkflowUserSvc_7b796","Status":"Stopped","ServiceType":"224","CanStop":false},"RawData":null},{"Timestamp":"2026-07-07T15:01:06.954Z","EventId":"c57ae842-14dc-4c14-9c4d-68e717af0148","EventType":"Service","Action":"Snapshot","ActorPid":null,"ActorName":null,"User":null,"Target":"PimIndexMaintenanceSvc_7b796","Status":"Success","Details":{"ServiceName":"PimIndexMaintenanceSvc_7b796","DisplayName":"PimIndexMaintenanceSvc_7b796","Status":"Running","ServiceType":"224","CanStop":true},"RawData":null},{"Timestamp":"2026-07-07T15:01:06.954Z","EventId":"a4f44e56-51ef-48fb-9939-99382cf80440","EventType":"Service","Action":"Snapshot","ActorPid":null,"ActorName":null,"User":null,"Target":"UnistoreSvc_7b796","Status":"Success","Details":{"ServiceName":"UnistoreSvc_7b796","DisplayName":"UnistoreSvc_7b796","Status":"Running","ServiceType":"224","CanStop":true},"RawData":null},{"Timestamp":"2026-07-07T15:01:06.954Z","EventId":"6c49b1ec-0b9b-4ee8-95ed-b28f8c192433","EventType":"Service","Action":"Snapshot","ActorPid":null,"ActorName":null,"User":null,"Target":"WpnUserService_7b796","Status":"Success","Details":{"ServiceName":"WpnUserService_7b796","DisplayName":"WpnUserService_7b796","Status":"Running","ServiceType":"224","CanStop":true},"RawData":null},{"Timestamp":"2026-07-07T15:01:06.954Z","EventId":"72db5c02-4b41-40ee-934a-a6d4816a359b","EventType":"Service","Action":"Snapshot","ActorPid":null,"ActorName":null,"User":null,"Target":"webthreatdefusersvc_7b796","Status":"Success","Details":{"ServiceName":"webthreatdefusersvc_7b796","DisplayName":"webthreatdefusersvc_7b796","Status":"Running","ServiceType":"224","CanStop":true},"RawData":null},{"Timestamp":"2026-07-07T15:01:06.954Z","EventId":"7fb7f405-f93b-4fc4-ab29-bdf06f0296b9","EventType":"Service","Action":"Snapshot","ActorPid":null,"ActorName":null,"User":null,"Target":"UserDataSvc_7b796","Status":"Success","Details":{"ServiceName":"UserDataSvc_7b796","DisplayName":"UserDataSvc_7b796","Status":"Running","ServiceType":"224","CanStop":true},"RawData":null},{"Timestamp":"2026-07-07T15:01:06.954Z","EventId":"45f9a9c4-6aa0-47b6-b9e8-32a58e83107d","EventType":"Service","Action":"Snapshot","ActorPid":null,"ActorName":null,"User":null,"Target":"MessagingService_7b796","Status":"Success","Details":{"ServiceName":"MessagingService_7b796","DisplayName":"MessagingService_7b796","Status":"Stopped","ServiceType":"224","CanStop":false},"RawData":null},{"Timestamp":"2026-07-07T15:01:06.954Z","EventId":"3b953414-c2c3-429a-9298-c96cb14fa3f0","EventType":"Service","Action":"Snapshot","ActorPid":null,"ActorName":null,"User":null,"Target":"DevicesFlowUserSvc_7b796","Status":"Success","Details":{"ServiceName":"DevicesFlowUserSvc_7b796","DisplayName":"DevicesFlowUserSvc_7b796","Status":"Running","ServiceType":"224","CanStop":true},"RawData":null},{"Timestamp":"2026-07-07T15:01:06.954Z","EventId":"f0c4e7fd-6db9-4abb-a815-c431211b7721","EventType":"Service","Action":"Snapshot","ActorPid":null,"ActorName":null,"User":null,"Target":"DevicePickerUserSvc_7b796","Status":"Success","Details":{"ServiceName":"DevicePickerUserSvc_7b796","DisplayName":"DevicePickerUserSvc_7b796","Status":"Stopped","ServiceType":"224","CanStop":false},"RawData":null},{"Timestamp":"2026-07-07T15:01:06.954Z","EventId":"037653c2-f629-4a98-97ef-f3fc388739a2","EventType":"Service","Action":"Snapshot","ActorPid":null,"ActorName":null,"User":null,"Target":"NPSMSvc_7b796","Status":"Success","Details":{"ServiceName":"NPSMSvc_7b796","DisplayName":"NPSMSvc_7b796","Status":"Running","ServiceType":"224","CanStop":true},"RawData":null},{"Timestamp":"2026-07-07T15:01:06.954Z","EventId":"2a949390-3687-4253-9cf0-c9a4bea366b1","EventType":"Service","Action":"Snapshot","ActorPid":null,"ActorName":null,"User":null,"Target":"PenService_7b796","Status":"Success","Details":{"ServiceName":"PenService_7b796","DisplayName":"PenService_7b796","Status":"Stopped","ServiceType":"224","CanStop":false},"RawData":null},{"Timestamp":"2026-07-07T15:01:06.954Z","EventId":"75a250f9-1d6c-411b-81a8-d2dab13b5827","EventType":"Service","Action":"Snapshot","ActorPid":null,"ActorName":null,"User":null,"Target":"P9RdrService_7b796","Status":"Success","Details":{"ServiceName":"P9RdrService_7b796","DisplayName":"P9RdrService_7b796","Status":"Stopped","ServiceType":"224","CanStop":false},"RawData":null},{"Timestamp":"2026-07-07T15:01:06.954Z","EventId":"646b85ef-fb08-4818-b3d7-9df93c5d3379","EventType":"Service","Action":"Snapshot","ActorPid":null,"ActorName":null,"User":null,"Target":"OneSyncSvc_7b796","Status":"Success","Details":{"ServiceName":"OneSyncSvc_7b796","DisplayName":"OneSyncSvc_7b796","Status":"Stopped","ServiceType":"224","CanStop":false},"RawData":null},{"Timestamp":"2026-07-07T15:01:06.954Z","EventId":"306b925e-10a8-452f-9696-aa3071946840","EventType":"Service","Action":"Snapshot","ActorPid":null,"ActorName":null,"User":null,"Target":"WinRM","Status":"Success","Details":{"ServiceName":"WinRM","DisplayName":"Windows Remote Management (WS-Management)","Status":"Stopped","ServiceType":"Win32ShareProcess","CanStop":false},"RawData":null},{"Timestamp":"2026-07-07T15:01:06.954Z","EventId":"cc8f5f4e-e66c-4aa3-bf41-c17cbe97e989","EventType":"Service","Action":"Snapshot","ActorPid":null,"ActorName":null,"User":null,"Target":"Winmgmt","Status":"Success","Details":{"ServiceName":"Winmgmt","DisplayName":"Windows Management Instrumentation","Status":"Running","ServiceType":"Win32ShareProcess","CanStop":true},"RawData":null},{"Timestamp":"2026-07-07T15:01:06.954Z","EventId":"f65bc854-5ea2-417d-b320-da714035d7ab","EventType":"Service","Action":"Snapshot","ActorPid":null,"ActorName":null,"User":null,"Target":"WinHttpAutoProxySvc","Status":"Success","Details":{"ServiceName":"WinHttpAutoProxySvc","DisplayName":"WinHTTP Web Proxy Auto-Discovery Service","Status":"Running","ServiceType":"Win32OwnProcess","CanStop":false},"RawData":null},{"Timestamp":"2026-07-07T15:01:06.954Z","EventId":"6d03596d-b085-4685-a4a6-17fd52793107","EventType":"Service","Action":"Snapshot","ActorPid":null,"ActorName":null,"User":null,"Target":"wisvc","Status":"Success","Details":{"ServiceName":"wisvc","DisplayName":"Windows Insider Service","Status":"Stopped","ServiceType":"Win32ShareProcess","CanStop":false},"RawData":null},{"Timestamp":"2026-07-07T15:01:06.954Z","EventId":"d73498ea-8fe1-444d-ac6b-5480028ee01c","EventType":"Service","Action":"Snapshot","ActorPid":null,"ActorName":null,"User":null,"Target":"wlpasvc","Status":"Success","Details":{"ServiceName":"wlpasvc","DisplayName":"Local Profile Assistant Service","Status":"Stopped","ServiceType":"Win32ShareProcess","CanStop":false},"RawData":null},{"Timestamp":"2026-07-07T15:01:06.954Z","EventId":"47aad375-1893-408d-8e2d-de1a67478dfd","EventType":"Service","Action":"Snapshot","ActorPid":null,"ActorName":null,"User":null,"Target":"wlidsvc","Status":"Success","Details":{"ServiceName":"wlidsvc","DisplayName":"Microsoft Account Sign-in Assistant","Status":"Running","ServiceType":"Win32ShareProcess","CanStop":true},"RawData":null},{"Timestamp":"2026-07-07T15:01:06.954Z","EventId":"31dd7586-0b05-4fde-90a0-52aeaac23676","EventType":"Service","Action":"Snapshot","ActorPid":null,"ActorName":null,"User":null,"Target":"WlanSvc","Status":"Success","Details":{"ServiceName":"WlanSvc","DisplayName":"WLAN AutoConfig","Status":"Running","ServiceType":"Win32OwnProcess","CanStop":true},"RawData":null},{"Timestamp":"2026-07-07T15:01:06.954Z","EventId":"af7cfa14-0ae7-47b2-821f-fafd52f6bfb0","EventType":"Service","Action":"Snapshot","ActorPid":null,"ActorName":null,"User":null,"Target":"WerSvc","Status":"Success","Details":{"ServiceName":"WerSvc","DisplayName":"Windows Error Reporting Service","Status":"Stopped","ServiceType":"Win32OwnProcess","CanStop":false},"RawData":null},{"Timestamp":"2026-07-07T15:01:06.954Z","EventId":"18af1429-fe40-49c2-9af4-a50e4bace9a4","EventType":"Service","Action":"Snapshot","ActorPid":null,"ActorName":null,"User":null,"Target":"wercplsupport","Status":"Success","Details":{"ServiceName":"wercplsupport","DisplayName":"Problem Reports Control Panel Support","Status":"Stopped","ServiceType":"Win32ShareProcess","CanStop":false},"RawData":null},{"Timestamp":"2026-07-07T15:01:06.954Z","EventId":"8235e4c4-0025-4b16-91ee-4ac52e3b1d0a","EventType":"Service","Action":"Snapshot","ActorPid":null,"ActorName":null,"User":null,"Target":"WEPHOSTSVC","Status":"Success","Details":{"ServiceName":"WEPHOSTSVC","DisplayName":"Windows Encryption Provider Host Service","Status":"Stopped","ServiceType":"Win32ShareProcess","CanStop":false},"RawData":null},{"Timestamp":"2026-07-07T15:01:06.954Z","EventId":"c821ced4-7500-4fc7-af79-43702e4821d7","EventType":"Service","Action":"Snapshot","ActorPid":null,"ActorName":null,"User":null,"Target":"WFDSConMgrSvc","Status":"Success","Details":{"ServiceName":"WFDSConMgrSvc","DisplayName":"Wi-Fi Direct Services Connection Manager Service","Status":"Stopped","ServiceType":"Win32ShareProcess","CanStop":false},"RawData":null},{"Timestamp":"2026-07-07T15:01:06.954Z","EventId":"f1bd2a9c-184a-44dc-adf7-a43f23ba4543","EventType":"Service","Action":"Snapshot","ActorPid":null,"ActorName":null,"User":null,"Target":"WinDefend","Status":"Success","Details":{"ServiceName":"WinDefend","DisplayName":"Microsoft Defender Antivirus Service","Status":"Running","ServiceType":"Win32OwnProcess","CanStop":false},"RawData":null},{"Timestamp":"2026-07-07T15:01:06.954Z","EventId":"06f5a243-b5f6-43e7-bb56-ae2350ef7e48","EventType":"Service","Action":"Snapshot","ActorPid":null,"ActorName":null,"User":null,"Target":"WiaRpc","Status":"Success","Details":{"ServiceName":"WiaRpc","DisplayName":"Still Image Acquisition Events","Status":"Stopped","ServiceType":"Win32ShareProcess","CanStop":false},"RawData":null},{"Timestamp":"2026-07-07T15:01:06.954Z","EventId":"18d816b2-d35b-483c-b345-50c83c734931","EventType":"Service","Action":"Snapshot","ActorPid":null,"ActorName":null,"User":null,"Target":"whesvc","Status":"Success","Details":{"ServiceName":"whesvc","DisplayName":"Windows Health and Optimized Experiences","Status":"Running","ServiceType":"Win32ShareProcess","CanStop":true},"RawData":null},{"Timestamp":"2026-07-07T15:01:06.954Z","EventId":"dcc9d998-b483-4a9d-b248-d81f38a37aae","EventType":"Service","Action":"Snapshot","ActorPid":null,"ActorName":null,"User":null,"Target":"wscsvc","Status":"Success","Details":{"ServiceName":"wscsvc","DisplayName":"Security Center","Status":"Running","ServiceType":"Win32ShareProcess","CanStop":true},"RawData":null},{"Timestamp":"2026-07-07T15:01:06.954Z","EventId":"7535126a-dfb5-4e7e-bd74-8dd4de77c393","EventType":"Service","Action":"Snapshot","ActorPid":null,"ActorName":null,"User":null,"Target":"WSAIFabricSvc","Status":"Success","Details":{"ServiceName":"WSAIFabricSvc","DisplayName":"WSAIFabricSvc","Status":"Stopped","ServiceType":"Win32ShareProcess","CanStop":false},"RawData":null},{"Timestamp":"2026-07-07T15:01:06.954Z","EventId":"81d01d62-82e2-4918-a9b2-be5d2b23ca87","EventType":"Service","Action":"Snapshot","ActorPid":null,"ActorName":null,"User":null,"Target":"WpnService","Status":"Success","Details":{"ServiceName":"WpnService","DisplayName":"Windows Push Notifications System Service","Status":"Running","ServiceType":"Win32ShareProcess","CanStop":true},"RawData":null},{"Timestamp":"2026-07-07T15:01:06.954Z","EventId":"a12d9258-9801-4fee-a9db-2ce2be3983be","EventType":"Service","Action":"Snapshot","ActorPid":null,"ActorName":null,"User":null,"Target":"WSearch","Status":"Success","Details":{"ServiceName":"WSearch","DisplayName":"Windows Search","Status":"Running","ServiceType":"Win32OwnProcess","CanStop":true},"RawData":null},{"Timestamp":"2026-07-07T15:01:06.954Z","EventId":"844704e2-e9e1-4f1f-9686-1c5869b465ae","EventType":"Service","Action":"Snapshot","ActorPid":null,"ActorName":null,"User":null,"Target":"WwanSvc","Status":"Success","Details":{"ServiceName":"WwanSvc","DisplayName":"WWAN AutoConfig","Status":"Stopped","ServiceType":"Win32ShareProcess","CanStop":false},"RawData":null},{"Timestamp":"2026-07-07T15:01:06.954Z","EventId":"b092e1e1-21b6-455f-8bb2-1d54f1237360","EventType":"Service","Action":"Snapshot","ActorPid":null,"ActorName":null,"User":null,"Target":"wuqisvc","Status":"Success","Details":{"ServiceName":"wuqisvc","DisplayName":"Microsoft Usage and Quality Insights","Status":"Stopped","ServiceType":"Win32ShareProcess","CanStop":false},"RawData":null},{"Timestamp":"2026-07-07T15:01:06.954Z","EventId":"b6822514-e90f-4afa-8ec9-22a8ed8a3cb7","EventType":"Service","Action":"Snapshot","ActorPid":null,"ActorName":null,"User":null,"Target":"wuauserv","Status":"Success","Details":{"ServiceName":"wuauserv","DisplayName":"Windows Update","Status":"Stopped","ServiceType":"Win32ShareProcess","CanStop":false},"RawData":null},{"Timestamp":"2026-07-07T15:01:06.954Z","EventId":"14ece9f4-26f8-4065-ac8d-8dae0eda566c","EventType":"Service","Action":"Snapshot","ActorPid":null,"ActorName":null,"User":null,"Target":"WMIRegistrationService","Status":"Success","Details":{"ServiceName":"WMIRegistrationService","DisplayName":"Intel(R) Management Engine WMI Provider Registration","Status":"Running","ServiceType":"Win32OwnProcess","CanStop":true},"RawData":null},{"Timestamp":"2026-07-07T15:01:06.954Z","EventId":"ad226a5e-a7d9-42c0-b36b-5261adaa35e3","EventType":"Service","Action":"Snapshot","ActorPid":null,"ActorName":null,"User":null,"Target":"wmiApSrv","Status":"Success","Details":{"ServiceName":"wmiApSrv","DisplayName":"WMI Performance Adapter","Status":"Running","ServiceType":"Win32OwnProcess","CanStop":true},"RawData":null},{"Timestamp":"2026-07-07T15:01:06.954Z","EventId":"e714ab66-f7ea-45aa-8756-e25bef2020a2","EventType":"Service","Action":"Snapshot","ActorPid":null,"ActorName":null,"User":null,"Target":"WManSvc","Status":"Success","Details":{"ServiceName":"WManSvc","DisplayName":"Windows Management Service","Status":"Stopped","ServiceType":"Win32ShareProcess","CanStop":false},"RawData":null},{"Timestamp":"2026-07-07T15:01:06.954Z","EventId":"8c9a195b-8a96-4b9c-9283-3645324ca2df","EventType":"Service","Action":"Snapshot","ActorPid":null,"ActorName":null,"User":null,"Target":"WMPNetworkSvc","Status":"Success","Details":{"ServiceName":"WMPNetworkSvc","DisplayName":"Windows Media Player Network Sharing Service","Status":"Stopped","ServiceType":"Win32OwnProcess","CanStop":false},"RawData":null},{"Timestamp":"2026-07-07T15:01:06.954Z","EventId":"0c239a3f-7601-4e13-bc04-367e327e33d0","EventType":"Service","Action":"Snapshot","ActorPid":null,"ActorName":null,"User":null,"Target":"WPDBusEnum","Status":"Success","Details":{"ServiceName":"WPDBusEnum","DisplayName":"Portable Device Enumerator Service","Status":"Stopped","ServiceType":"Win32ShareProcess","CanStop":false},"RawData":null},{"Timestamp":"2026-07-07T15:01:06.954Z","EventId":"232964e7-4723-4588-8776-56b08d64ac86","EventType":"Service","Action":"Snapshot","ActorPid":null,"ActorName":null,"User":null,"Target":"WpcMonSvc","Status":"Success","Details":{"ServiceName":"WpcMonSvc","DisplayName":"Parental Controls","Status":"Stopped","ServiceType":"Win32OwnProcess","CanStop":false},"RawData":null},{"Timestamp":"2026-07-07T15:01:06.954Z","EventId":"8f590819-dfe3-4786-b96c-fc950e601e33","EventType":"Service","Action":"Snapshot","ActorPid":null,"ActorName":null,"User":null,"Target":"workfolderssvc","Status":"Success","Details":{"ServiceName":"workfolderssvc","DisplayName":"Work Folders","Status":"Stopped","ServiceType":"Win32ShareProcess","CanStop":false},"RawData":null},{"Timestamp":"2026-07-07T15:01:06.954Z","EventId":"2b5e43cd-30f6-453c-b968-9fca7a906131","EventType":"Service","Action":"Snapshot","ActorPid":null,"ActorName":null,"User":null,"Target":"SmsRouter","Status":"Success","Details":{"ServiceName":"SmsRouter","DisplayName":"Microsoft Windows SMS Router Service.","Status":"Stopped","ServiceType":"Win32ShareProcess","CanStop":false},"RawData":null},{"Timestamp":"2026-07-07T15:01:06.954Z","EventId":"2a0c6a18-5942-484b-9443-038402f7d364","EventType":"Service","Action":"Snapshot","ActorPid":null,"ActorName":null,"User":null,"Target":"EpicGamesUpdater","Status":"Success","Details":{"ServiceName":"EpicGamesUpdater","DisplayName":"Epic Games Updater","Status":"Stopped","ServiceType":"Win32OwnProcess","CanStop":false},"RawData":null},{"Timestamp":"2026-07-07T15:01:06.954Z","EventId":"679b8743-4d58-4dc8-ac7e-c1722fe958e4","EventType":"Service","Action":"Snapshot","ActorPid":null,"ActorName":null,"User":null,"Target":"EventLog","Status":"Success","Details":{"ServiceName":"EventLog","DisplayName":"Windows Event Log","Status":"Running","ServiceType":"Win32ShareProcess","CanStop":true},"RawData":null},{"Timestamp":"2026-07-07T15:01:06.954Z","EventId":"b5eb61f5-2db9-4582-b90e-56b9b14c3339","EventType":"Service","Action":"Snapshot","ActorPid":null,"ActorName":null,"User":null,"Target":"EntAppSvc","Status":"Success","Details":{"ServiceName":"EntAppSvc","DisplayName":"Enterprise App Management Service","Status":"Stopped","ServiceType":"Win32ShareProcess","CanStop":false},"RawData":null},{"Timestamp":"2026-07-07T15:01:06.954Z","EventId":"bac83263-5f00-4882-88ca-98b0486aebf3","EventType":"Service","Action":"Snapshot","ActorPid":null,"ActorName":null,"User":null,"Target":"ElevocService","Status":"Success","Details":{"ServiceName":"ElevocService","DisplayName":"Elevoc Control Service","Status":"Running","ServiceType":"Win32OwnProcess","CanStop":true},"RawData":null},{"Timestamp":"2026-07-07T15:01:06.954Z","EventId":"c0d53a03-75b4-4370-b0bc-e16c4af58208","EventType":"Service","Action":"Snapshot","ActorPid":null,"ActorName":null,"User":null,"Target":"embeddedmode","Status":"Success","Details":{"ServiceName":"embeddedmode","DisplayName":"Embedded Mode","Status":"Stopped","ServiceType":"Win32ShareProcess","CanStop":false},"RawData":null},{"Timestamp":"2026-07-07T15:01:06.954Z","EventId":"66baa285-c7c2-4c3d-967b-cc5b9a08e421","EventType":"Service","Action":"Snapshot","ActorPid":null,"ActorName":null,"User":null,"Target":"fhsvc","Status":"Success","Details":{"ServiceName":"fhsvc","DisplayName":"File History Service","Status":"Stopped","ServiceType":"Win32ShareProcess","CanStop":false},"RawData":null},{"Timestamp":"2026-07-07T15:01:06.954Z","EventId":"ecc751aa-4c64-409b-bd8b-2daed73eee67","EventType":"Service","Action":"Snapshot","ActorPid":null,"ActorName":null,"User":null,"Target":"FontCache","Status":"Success","Details":{"ServiceName":"FontCache","DisplayName":"Windows Font Cache Service","Status":"Running","ServiceType":"Win32ShareProcess","CanStop":true},"RawData":null},{"Timestamp":"2026-07-07T15:01:06.954Z","EventId":"092785e7-a5a0-4d9a-9f91-195d8b3277b4","EventType":"Service","Action":"Snapshot","ActorPid":null,"ActorName":null,"User":null,"Target":"FDResPub","Status":"Success","Details":{"ServiceName":"FDResPub","DisplayName":"Function Discovery Resource Publication","Status":"Stopped","ServiceType":"Win32ShareProcess","CanStop":false},"RawData":null},{"Timestamp":"2026-07-07T15:01:06.954Z","EventId":"c06686e3-47ee-4069-972c-0f6eb9bae6ca","EventType":"Service","Action":"Snapshot","ActorPid":null,"ActorName":null,"User":null,"Target":"EventSystem","Status":"Success","Details":{"ServiceName":"EventSystem","DisplayName":"COM+ Event System","Status":"Running","ServiceType":"Win32ShareProcess","CanStop":true},"RawData":null},{"Timestamp":"2026-07-07T15:01:06.954Z","EventId":"a538d921-e1bc-4031-b96b-5691758796bd","EventType":"Service","Action":"Snapshot","ActorPid":null,"ActorName":null,"User":null,"Target":"fdPHost","Status":"Success","Details":{"ServiceName":"fdPHost","DisplayName":"Function Discovery Provider Host","Status":"Stopped","ServiceType":"Win32ShareProcess","CanStop":false},"RawData":null},{"Timestamp":"2026-07-07T15:01:06.954Z","EventId":"1a3f8d53-7138-445b-ba44-5f325d094750","EventType":"Service","Action":"Snapshot","ActorPid":null,"ActorName":null,"User":null,"Target":"EFS","Status":"Success","Details":{"ServiceName":"EFS","DisplayName":"Encrypting File System (EFS)","Status":"Stopped","ServiceType":"Win32ShareProcess","CanStop":false},"RawData":null},{"Timestamp":"2026-07-07T15:01:06.954Z","EventId":"334a9a18-5005-44bf-b7f2-12a694cfd447","EventType":"Service","Action":"Snapshot","ActorPid":null,"ActorName":null,"User":null,"Target":"dptftcs","Status":"Success","Details":{"ServiceName":"dptftcs","DisplayName":"Intel(R) Dynamic Tuning Technology Telemetry Service","Status":"Running","ServiceType":"Win32OwnProcess","CanStop":true},"RawData":null},{"Timestamp":"2026-07-07T15:01:06.954Z","EventId":"762fbbdf-fdcc-45e6-a764-cd2d3f3f1855","EventType":"Service","Action":"Snapshot","ActorPid":null,"ActorName":null,"User":null,"Target":"DsmSvc","Status":"Success","Details":{"ServiceName":"DsmSvc","DisplayName":"Device Setup Manager","Status":"Stopped","ServiceType":"Win32ShareProcess","CanStop":false},"RawData":null},{"Timestamp":"2026-07-07T15:01:06.954Z","EventId":"83194c1d-c638-4934-a5c2-c389c1237622","EventType":"Service","Action":"Snapshot","ActorPid":null,"ActorName":null,"User":null,"Target":"DPS","Status":"Success","Details":{"ServiceName":"DPS","DisplayName":"Diagnostic Policy Service","Status":"Running","ServiceType":"Win32ShareProcess","CanStop":true},"RawData":null},{"Timestamp":"2026-07-07T15:01:06.954Z","EventId":"bf544c5c-1c81-4bf1-af80-4f304945a738","EventType":"Service","Action":"Snapshot","ActorPid":null,"ActorName":null,"User":null,"Target":"DoSvc","Status":"Success","Details":{"ServiceName":"DoSvc","DisplayName":"Delivery Optimization","Status":"Running","ServiceType":"Win32OwnProcess","CanStop":true},"RawData":null},{"Timestamp":"2026-07-07T15:01:06.954Z","EventId":"8aa5e22a-d0b7-43d0-851d-cb6efcfba3f4","EventType":"Service","Action":"Snapshot","ActorPid":null,"ActorName":null,"User":null,"Target":"dot3svc","Status":"Success","Details":{"ServiceName":"dot3svc","DisplayName":"Wired AutoConfig","Status":"Stopped","ServiceType":"Win32ShareProcess","CanStop":false},"RawData":null},{"Timestamp":"2026-07-07T15:01:06.954Z","EventId":"0da38107-408e-4b06-98da-87635072c0bc","EventType":"Service","Action":"Snapshot","ActorPid":null,"ActorName":null,"User":null,"Target":"edgeupdate","Status":"Success","Details":{"ServiceName":"edgeupdate","DisplayName":"Microsoft Edge Update Service (edgeupdate)","Status":"Stopped","ServiceType":"Win32OwnProcess","CanStop":false},"RawData":null},{"Timestamp":"2026-07-07T15:01:06.954Z","EventId":"5cd25a58-ff70-4e49-96ce-b236e58850ac","EventType":"Service","Action":"Snapshot","ActorPid":null,"ActorName":null,"User":null,"Target":"edgeupdatem","Status":"Success","Details":{"ServiceName":"edgeupdatem","DisplayName":"Microsoft Edge Update Service (edgeupdatem)","Status":"Stopped","ServiceType":"Win32OwnProcess","CanStop":false},"RawData":null},{"Timestamp":"2026-07-07T15:01:06.954Z","EventId":"710ece80-3063-4132-8d47-0fc99931e75e","EventType":"Service","Action":"Snapshot","ActorPid":null,"ActorName":null,"User":null,"Target":"EapHost","Status":"Success","Details":{"ServiceName":"EapHost","DisplayName":"Extensible Authentication Protocol","Status":"Stopped","ServiceType":"Win32OwnProcess","CanStop":false},"RawData":null},{"Timestamp":"2026-07-07T15:01:06.954Z","EventId":"8e0b7843-0299-4cd9-babd-07aff1fa012b","EventType":"Service","Action":"Snapshot","ActorPid":null,"ActorName":null,"User":null,"Target":"DsSvc","Status":"Success","Details":{"ServiceName":"DsSvc","DisplayName":"Data Sharing Service","Status":"Stopped","ServiceType":"Win32ShareProcess","CanStop":false},"RawData":null},{"Timestamp":"2026-07-07T15:01:06.954Z","EventId":"3a7edf77-317f-41cd-8437-5fe8299aa5b9","EventType":"Service","Action":"Snapshot","ActorPid":null,"ActorName":null,"User":null,"Target":"DusmSvc","Status":"Success","Details":{"ServiceName":"DusmSvc","DisplayName":"Data Usage","Status":"Running","ServiceType":"Win32OwnProcess","CanStop":true},"RawData":null},{"Timestamp":"2026-07-07T15:01:06.954Z","EventId":"3e885ecc-3198-45fc-bf26-731142a36263","EventType":"Service","Action":"Snapshot","ActorPid":null,"ActorName":null,"User":null,"Target":"FontCache3.0.0.0","Status":"Success","Details":{"ServiceName":"FontCache3.0.0.0","DisplayName":"Windows Presentation Foundation Font Cache 3.0.0.0","Status":"Stopped","ServiceType":"Win32OwnProcess","CanStop":false},"RawData":null},{"Timestamp":"2026-07-07T15:01:06.954Z","EventId":"45fb4c04-ce77-4a29-9175-cca5f297e62e","EventType":"Service","Action":"Snapshot","ActorPid":null,"ActorName":null,"User":null,"Target":"IntelGraphicsSoftwareService","Status":"Success","Details":{"ServiceName":"IntelGraphicsSoftwareService","DisplayName":"Intel® Graphics Software","Status":"Running","ServiceType":"528","CanStop":true},"RawData":null},{"Timestamp":"2026-07-07T15:01:06.954Z","EventId":"84783dfd-6899-407f-8bf4-afe74c15d220","EventType":"Service","Action":"Snapshot","ActorPid":null,"ActorName":null,"User":null,"Target":"InventorySvc","Status":"Success","Details":{"ServiceName":"InventorySvc","DisplayName":"Inventory and Compatibility Appraisal service","Status":"Stopped","ServiceType":"Win32ShareProcess","CanStop":false},"RawData":null},{"Timestamp":"2026-07-07T15:01:06.954Z","EventId":"bef93b3b-ae9a-4c06-8d9a-e6833db1dc1e","EventType":"Service","Action":"Snapshot","ActorPid":null,"ActorName":null,"User":null,"Target":"IntelAudioService","Status":"Success","Details":{"ServiceName":"IntelAudioService","DisplayName":"Intel(R) Audio Service","Status":"Running","ServiceType":"Win32OwnProcess","CanStop":true},"RawData":null},{"Timestamp":"2026-07-07T15:01:06.954Z","EventId":"6aeec502-f34c-4b22-961f-156ce6600281","EventType":"Service","Action":"Snapshot","ActorPid":null,"ActorName":null,"User":null,"Target":"InstallService","Status":"Success","Details":{"ServiceName":"InstallService","DisplayName":"Microsoft Store Install Service","Status":"Running","ServiceType":"Win32OwnProcess","CanStop":true},"RawData":null},{"Timestamp":"2026-07-07T15:01:06.954Z","EventId":"37bae0ba-149f-4fc0-9fec-b28b69429f3f","EventType":"Service","Action":"Snapshot","ActorPid":null,"ActorName":null,"User":null,"Target":"Intel(R) Platform License Manager Service","Status":"Success","Details":{"ServiceName":"Intel(R) Platform License Manager Service","DisplayName":"Intel(R) Platform License Manager Service","Status":"Stopped","ServiceType":"Win32OwnProcess","CanStop":false},"RawData":null},{"Timestamp":"2026-07-07T15:01:06.954Z","EventId":"35c285bc-1790-495d-b3a3-e4aba4dcbb4b","EventType":"Service","Action":"Snapshot","ActorPid":null,"ActorName":null,"User":null,"Target":"jhi_service","Status":"Success","Details":{"ServiceName":"jhi_service","DisplayName":"Intel(R) Dynamic Application Loader Host Interface Service","Status":"Running","ServiceType":"Win32OwnProcess","CanStop":true},"RawData":null},{"Timestamp":"2026-07-07T15:01:06.954Z","EventId":"2f0ff60a-cc70-434c-a47f-b3bfab94ed5c","EventType":"Service","Action":"Snapshot","ActorPid":null,"ActorName":null,"User":null,"Target":"KeyIso","Status":"Success","Details":{"ServiceName":"KeyIso","DisplayName":"CNG Key Isolation","Status":"Running","ServiceType":"Win32ShareProcess","CanStop":true},"RawData":null},{"Timestamp":"2026-07-07T15:01:06.954Z","EventId":"226598e2-2e54-412e-baf0-568bbae41697","EventType":"Service","Action":"Snapshot","ActorPid":null,"ActorName":null,"User":null,"Target":"IpxlatCfgSvc","Status":"Success","Details":{"ServiceName":"IpxlatCfgSvc","DisplayName":"IP Translation Configuration Service","Status":"Stopped","ServiceType":"Win32ShareProcess","CanStop":false},"RawData":null},{"Timestamp":"2026-07-07T15:01:06.954Z","EventId":"433041f4-1719-4418-bac5-8aed187be904","EventType":"Service","Action":"Snapshot","ActorPid":null,"ActorName":null,"User":null,"Target":"ipfsvc","Status":"Success","Details":{"ServiceName":"ipfsvc","DisplayName":"Intel(R) Innovation Platform Framework Service","Status":"Running","ServiceType":"Win32OwnProcess","CanStop":true},"RawData":null},