{"Timestamp":"2026-07-07T15:01:12.529Z","EventId":"af693a73-85f3-481a-a8df-144f0735da8b","EventType":"Service","Action":"Snapshot","ActorPid":null,"ActorName":null,"User":null,"Target":"DsSvc","Status":"Success","Details":{"ServiceName":"DsSvc","DisplayName":"Data Sharing Service","Status":"Stopped","ServiceType":"Win32ShareProcess","CanStop":false},"RawData":null},{"Timestamp":"2026-07-07T15:01:12.529Z","EventId":"822d2daf-6e97-4863-8b88-f62b08e712cd","EventType":"Service","Action":"Snapshot","ActorPid":null,"ActorName":null,"User":null,"Target":"DusmSvc","Status":"Success","Details":{"ServiceName":"DusmSvc","DisplayName":"Data Usage","Status":"Running","ServiceType":"Win32OwnProcess","CanStop":true},"RawData":null},{"Timestamp":"2026-07-07T15:01:12.529Z","EventId":"2c97b3ac-12fa-4ba6-8744-b29a4033532d","EventType":"Service","Action":"Snapshot","ActorPid":null,"ActorName":null,"User":null,"Target":"EapHost","Status":"Success","Details":{"ServiceName":"EapHost","DisplayName":"Extensible Authentication Protocol","Status":"Stopped","ServiceType":"Win32OwnProcess","CanStop":false},"RawData":null},{"Timestamp":"2026-07-07T15:01:12.529Z","EventId":"16dea223-1140-4400-bdf5-2ab081aceb2c","EventType":"Service","Action":"Snapshot","ActorPid":null,"ActorName":null,"User":null,"Target":"dmwappushservice","Status":"Success","Details":{"ServiceName":"dmwappushservice","DisplayName":"Device Management Wireless Application Protocol (WAP) Push message Routing Service","Status":"Stopped","ServiceType":"Win32ShareProcess","CanStop":false},"RawData":null},{"Timestamp":"2026-07-07T15:01:12.529Z","EventId":"512d83cf-0ee5-46e2-9d8e-965c3ca99dc0","EventType":"Service","Action":"Snapshot","ActorPid":null,"ActorName":null,"User":null,"Target":"DeviceAssociationService","Status":"Success","Details":{"ServiceName":"DeviceAssociationService","DisplayName":"Device Association Service","Status":"Running","ServiceType":"Win32ShareProcess","CanStop":true},"RawData":null},{"Timestamp":"2026-07-07T15:01:12.529Z","EventId":"c9c30c06-dcba-4317-85b2-b9f42ef62856","EventType":"Service","Action":"Snapshot","ActorPid":null,"ActorName":null,"User":null,"Target":"DeviceInstall","Status":"Success","Details":{"ServiceName":"DeviceInstall","DisplayName":"Device Install Service","Status":"Stopped","ServiceType":"Win32ShareProcess","CanStop":false},"RawData":null},{"Timestamp":"2026-07-07T15:01:12.529Z","EventId":"def1db9d-76f8-4cf7-8e8a-ff77b926b0fc","EventType":"Service","Action":"Snapshot","ActorPid":null,"ActorName":null,"User":null,"Target":"DevQueryBroker","Status":"Success","Details":{"ServiceName":"DevQueryBroker","DisplayName":"DevQuery Background Discovery Broker","Status":"Running","ServiceType":"Win32ShareProcess","CanStop":true},"RawData":null},{"Timestamp":"2026-07-07T15:01:12.529Z","EventId":"37296b23-d898-40d4-868d-dee871806dff","EventType":"Service","Action":"Snapshot","ActorPid":null,"ActorName":null,"User":null,"Target":"DcomLaunch","Status":"Success","Details":{"ServiceName":"DcomLaunch","DisplayName":"DCOM Server Process Launcher","Status":"Running","ServiceType":"Win32ShareProcess","CanStop":false},"RawData":null},{"Timestamp":"2026-07-07T15:01:12.529Z","EventId":"18f645e0-a9a6-4433-adcb-2e592625de5d","EventType":"Service","Action":"Snapshot","ActorPid":null,"ActorName":null,"User":null,"Target":"dcsvc","Status":"Success","Details":{"ServiceName":"dcsvc","DisplayName":"Declared Configuration(DC) service","Status":"Stopped","ServiceType":"Win32OwnProcess","CanStop":false},"RawData":null},{"Timestamp":"2026-07-07T15:01:12.529Z","EventId":"d110a36a-3b98-4788-b072-3ea8e290c80d","EventType":"Service","Action":"Snapshot","ActorPid":null,"ActorName":null,"User":null,"Target":"defragsvc","Status":"Success","Details":{"ServiceName":"defragsvc","DisplayName":"Optimize drives","Status":"Stopped","ServiceType":"Win32OwnProcess","CanStop":false},"RawData":null},{"Timestamp":"2026-07-07T15:01:12.529Z","EventId":"437b94b7-1ae9-401d-b1f0-a4eb81e1c482","EventType":"Service","Action":"Snapshot","ActorPid":null,"ActorName":null,"User":null,"Target":"Dhcp","Status":"Success","Details":{"ServiceName":"Dhcp","DisplayName":"DHCP Client","Status":"Running","ServiceType":"Win32ShareProcess","CanStop":true},"RawData":null},{"Timestamp":"2026-07-07T15:01:12.529Z","EventId":"d1939e99-97ea-488f-bea7-62e067152cea","EventType":"Service","Action":"Snapshot","ActorPid":null,"ActorName":null,"User":null,"Target":"DispBrokerDesktopSvc","Status":"Success","Details":{"ServiceName":"DispBrokerDesktopSvc","DisplayName":"Display Policy Service","Status":"Running","ServiceType":"Win32ShareProcess","CanStop":true},"RawData":null},{"Timestamp":"2026-07-07T15:01:12.529Z","EventId":"3f19b88a-c789-4b03-a3e0-aa0101f572d2","EventType":"Service","Action":"Snapshot","ActorPid":null,"ActorName":null,"User":null,"Target":"DisplayEnhancementService","Status":"Success","Details":{"ServiceName":"DisplayEnhancementService","DisplayName":"Display Enhancement Service","Status":"Running","ServiceType":"Win32ShareProcess","CanStop":true},"RawData":null},{"Timestamp":"2026-07-07T15:01:12.529Z","EventId":"5a4dec77-8ecf-4f9f-82e4-3ac89fba9563","EventType":"Service","Action":"Snapshot","ActorPid":null,"ActorName":null,"User":null,"Target":"DmEnrollmentSvc","Status":"Success","Details":{"ServiceName":"DmEnrollmentSvc","DisplayName":"Device Management Enrollment Service","Status":"Stopped","ServiceType":"Win32OwnProcess","CanStop":false},"RawData":null},{"Timestamp":"2026-07-07T15:01:12.529Z","EventId":"06904346-61bf-4c9b-94ae-a85cfabeb9d4","EventType":"Service","Action":"Snapshot","ActorPid":null,"ActorName":null,"User":null,"Target":"diagsvc","Status":"Success","Details":{"ServiceName":"diagsvc","DisplayName":"Diagnostic Execution Service","Status":"Stopped","ServiceType":"Win32ShareProcess","CanStop":false},"RawData":null},{"Timestamp":"2026-07-07T15:01:12.529Z","EventId":"8a20948a-03e6-45da-b217-729633d368ad","EventType":"Service","Action":"Snapshot","ActorPid":null,"ActorName":null,"User":null,"Target":"DiagTrack","Status":"Success","Details":{"ServiceName":"DiagTrack","DisplayName":"Connected User Experiences and Telemetry","Status":"Stopped","ServiceType":"Win32OwnProcess","CanStop":false},"RawData":null},{"Timestamp":"2026-07-07T15:01:12.529Z","EventId":"3155d3c4-a587-4919-b21f-d0f31484abe0","EventType":"Service","Action":"Snapshot","ActorPid":null,"ActorName":null,"User":null,"Target":"DiscordSystemHelper","Status":"Success","Details":{"ServiceName":"DiscordSystemHelper","DisplayName":"Discord System Helper","Status":"Stopped","ServiceType":"Win32OwnProcess","CanStop":false},"RawData":null},{"Timestamp":"2026-07-07T15:01:12.530Z","EventId":"39a516cf-a6ef-45d3-98b0-19f51340d439","EventType":"Service","Action":"Snapshot","ActorPid":null,"ActorName":null,"User":null,"Target":"WebClient","Status":"Success","Details":{"ServiceName":"WebClient","DisplayName":"WebClient","Status":"Stopped","ServiceType":"Win32ShareProcess","CanStop":false},"RawData":null},{"Timestamp":"2026-07-07T15:01:12.530Z","EventId":"55a814c1-5b0c-4cac-8890-c5fd361d9175","EventType":"Service","Action":"Snapshot","ActorPid":null,"ActorName":null,"User":null,"Target":"WdNisSvc","Status":"Success","Details":{"ServiceName":"WdNisSvc","DisplayName":"Microsoft Defender Antivirus Network Inspection Service","Status":"Stopped","ServiceType":"Win32OwnProcess","CanStop":false},"RawData":null},{"Timestamp":"2026-07-07T15:01:12.530Z","EventId":"2f6adcc9-b45d-4098-a542-606dea6e8eeb","EventType":"Service","Action":"Snapshot","ActorPid":null,"ActorName":null,"User":null,"Target":"webthreatdefsvc","Status":"Success","Details":{"ServiceName":"webthreatdefsvc","DisplayName":"Web Threat Defense Service","Status":"Running","ServiceType":"Win32ShareProcess","CanStop":true},"RawData":null},{"Timestamp":"2026-07-07T15:01:12.530Z","EventId":"b82c672e-66ef-4a45-a205-d487f6710e81","EventType":"Service","Action":"Snapshot","ActorPid":null,"ActorName":null,"User":null,"Target":"WEPHOSTSVC","Status":"Success","Details":{"ServiceName":"WEPHOSTSVC","DisplayName":"Windows Encryption Provider Host Service","Status":"Stopped","ServiceType":"Win32ShareProcess","CanStop":false},"RawData":null},{"Timestamp":"2026-07-07T15:01:12.530Z","EventId":"ec1d999b-dad3-447e-af37-061411e47718","EventType":"Service","Action":"Snapshot","ActorPid":null,"ActorName":null,"User":null,"Target":"Wecsvc","Status":"Success","Details":{"ServiceName":"Wecsvc","DisplayName":"Windows Event Collector","Status":"Stopped","ServiceType":"Win32ShareProcess","CanStop":false},"RawData":null},{"Timestamp":"2026-07-07T15:01:12.530Z","EventId":"ee42b072-787d-44a6-a98a-155d508670b8","EventType":"Service","Action":"Snapshot","ActorPid":null,"ActorName":null,"User":null,"Target":"WdiSystemHost","Status":"Success","Details":{"ServiceName":"WdiSystemHost","DisplayName":"Diagnostic System Host","Status":"Running","ServiceType":"Win32ShareProcess","CanStop":true},"RawData":null},{"Timestamp":"2026-07-07T15:01:12.530Z","EventId":"8b47bd5a-ad83-49e9-9c5c-7bf437c996dc","EventType":"Service","Action":"Snapshot","ActorPid":null,"ActorName":null,"User":null,"Target":"WbioSrvc","Status":"Success","Details":{"ServiceName":"WbioSrvc","DisplayName":"Windows Biometric Service","Status":"Stopped","ServiceType":"Win32ShareProcess","CanStop":false},"RawData":null},{"Timestamp":"2026-07-07T15:01:12.530Z","EventId":"ed0c28db-6c28-4d38-8727-d8351b400416","EventType":"Service","Action":"Snapshot","ActorPid":null,"ActorName":null,"User":null,"Target":"wbengine","Status":"Success","Details":{"ServiceName":"wbengine","DisplayName":"Block Level Backup Engine Service","Status":"Stopped","ServiceType":"Win32OwnProcess","CanStop":false},"RawData":null},{"Timestamp":"2026-07-07T15:01:12.530Z","EventId":"25eca050-fadd-4cc1-9277-321e8bde8c7d","EventType":"Service","Action":"Snapshot","ActorPid":null,"ActorName":null,"User":null,"Target":"Wcmsvc","Status":"Success","Details":{"ServiceName":"Wcmsvc","DisplayName":"Windows Connection Manager","Status":"Running","ServiceType":"Win32OwnProcess","CanStop":true},"RawData":null},{"Timestamp":"2026-07-07T15:01:12.530Z","EventId":"84559042-07c0-4df1-8421-092a8488c0f6","EventType":"Service","Action":"Snapshot","ActorPid":null,"ActorName":null,"User":null,"Target":"WdiServiceHost","Status":"Success","Details":{"ServiceName":"WdiServiceHost","DisplayName":"Diagnostic Service Host","Status":"Stopped","ServiceType":"Win32ShareProcess","CanStop":false},"RawData":null},{"Timestamp":"2026-07-07T15:01:12.530Z","EventId":"6a98a8ca-2775-4753-b4b1-c6e228430f66","EventType":"Service","Action":"Snapshot","ActorPid":null,"ActorName":null,"User":null,"Target":"wcncsvc","Status":"Success","Details":{"ServiceName":"wcncsvc","DisplayName":"Windows Connect Now - Config Registrar","Status":"Stopped","ServiceType":"Win32ShareProcess","CanStop":false},"RawData":null},{"Timestamp":"2026-07-07T15:01:12.530Z","EventId":"a2b73245-43a3-4b2f-939e-efdbce1c5921","EventType":"Service","Action":"Snapshot","ActorPid":null,"ActorName":null,"User":null,"Target":"Winmgmt","Status":"Success","Details":{"ServiceName":"Winmgmt","DisplayName":"Windows Management Instrumentation","Status":"Running","ServiceType":"Win32ShareProcess","CanStop":true},"RawData":null},{"Timestamp":"2026-07-07T15:01:12.530Z","EventId":"86e750d2-d105-4585-97a2-c928311412c6","EventType":"Service","Action":"Snapshot","ActorPid":null,"ActorName":null,"User":null,"Target":"WinHttpAutoProxySvc","Status":"Success","Details":{"ServiceName":"WinHttpAutoProxySvc","DisplayName":"WinHTTP Web Proxy Auto-Discovery Service","Status":"Running","ServiceType":"Win32OwnProcess","CanStop":false},"RawData":null},{"Timestamp":"2026-07-07T15:01:12.530Z","EventId":"46d5ea72-64ce-4eea-a52e-c50a3f35c724","EventType":"Service","Action":"Snapshot","ActorPid":null,"ActorName":null,"User":null,"Target":"WinRM","Status":"Success","Details":{"ServiceName":"WinRM","DisplayName":"Windows Remote Management (WS-Management)","Status":"Stopped","ServiceType":"Win32ShareProcess","CanStop":false},"RawData":null},{"Timestamp":"2026-07-07T15:01:12.530Z","EventId":"73a03681-85ff-4e0d-a36f-f5ce0aa80004","EventType":"Service","Action":"Snapshot","ActorPid":null,"ActorName":null,"User":null,"Target":"WlanSvc","Status":"Success","Details":{"ServiceName":"WlanSvc","DisplayName":"WLAN AutoConfig","Status":"Running","ServiceType":"Win32OwnProcess","CanStop":true},"RawData":null},{"Timestamp":"2026-07-07T15:01:12.530Z","EventId":"ae84db6a-6420-4e7e-bdf5-c08118098a1d","EventType":"Service","Action":"Snapshot","ActorPid":null,"ActorName":null,"User":null,"Target":"wisvc","Status":"Success","Details":{"ServiceName":"wisvc","DisplayName":"Windows Insider Service","Status":"Stopped","ServiceType":"Win32ShareProcess","CanStop":false},"RawData":null},{"Timestamp":"2026-07-07T15:01:12.530Z","EventId":"091a0643-b7e9-4b32-887f-ca4e596ed45e","EventType":"Service","Action":"Snapshot","ActorPid":null,"ActorName":null,"User":null,"Target":"WinDefend","Status":"Success","Details":{"ServiceName":"WinDefend","DisplayName":"Microsoft Defender Antivirus Service","Status":"Running","ServiceType":"Win32OwnProcess","CanStop":false},"RawData":null},{"Timestamp":"2026-07-07T15:01:12.530Z","EventId":"0e3d1670-7a3b-4c81-afc0-326f9f9fc2a2","EventType":"Service","Action":"Snapshot","ActorPid":null,"ActorName":null,"User":null,"Target":"WerSvc","Status":"Success","Details":{"ServiceName":"WerSvc","DisplayName":"Windows Error Reporting Service","Status":"Stopped","ServiceType":"Win32OwnProcess","CanStop":false},"RawData":null},{"Timestamp":"2026-07-07T15:01:12.530Z","EventId":"4df92ae4-d090-4aaf-a18d-5214bd6ac43c","EventType":"Service","Action":"Snapshot","ActorPid":null,"ActorName":null,"User":null,"Target":"wercplsupport","Status":"Success","Details":{"ServiceName":"wercplsupport","DisplayName":"Problem Reports Control Panel Support","Status":"Stopped","ServiceType":"Win32ShareProcess","CanStop":false},"RawData":null},{"Timestamp":"2026-07-07T15:01:12.530Z","EventId":"6c534c5c-81db-47a9-a748-3b83b06cf52c","EventType":"Service","Action":"Snapshot","ActorPid":null,"ActorName":null,"User":null,"Target":"WFDSConMgrSvc","Status":"Success","Details":{"ServiceName":"WFDSConMgrSvc","DisplayName":"Wi-Fi Direct Services Connection Manager Service","Status":"Stopped","ServiceType":"Win32ShareProcess","CanStop":false},"RawData":null},{"Timestamp":"2026-07-07T15:01:12.530Z","EventId":"ae82748b-20c8-4432-94cc-66b2da8dc80d","EventType":"Service","Action":"Snapshot","ActorPid":null,"ActorName":null,"User":null,"Target":"WiaRpc","Status":"Success","Details":{"ServiceName":"WiaRpc","DisplayName":"Still Image Acquisition Events","Status":"Stopped","ServiceType":"Win32ShareProcess","CanStop":false},"RawData":null},{"Timestamp":"2026-07-07T15:01:12.530Z","EventId":"1e0cf29c-860e-48a5-9ce3-8a18ff925c60","EventType":"Service","Action":"Snapshot","ActorPid":null,"ActorName":null,"User":null,"Target":"whesvc","Status":"Success","Details":{"ServiceName":"whesvc","DisplayName":"Windows Health and Optimized Experiences","Status":"Running","ServiceType":"Win32ShareProcess","CanStop":true},"RawData":null},{"Timestamp":"2026-07-07T15:01:12.530Z","EventId":"2e6d110d-b8c2-446b-989d-80eeeb8789d4","EventType":"Service","Action":"Snapshot","ActorPid":null,"ActorName":null,"User":null,"Target":"vds","Status":"Success","Details":{"ServiceName":"vds","DisplayName":"Virtual Disk","Status":"Stopped","ServiceType":"Win32OwnProcess","CanStop":false},"RawData":null},{"Timestamp":"2026-07-07T15:01:12.530Z","EventId":"92f5dd98-f527-4f45-98f0-ed78a0c9e121","EventType":"Service","Action":"Snapshot","ActorPid":null,"ActorName":null,"User":null,"Target":"VaultSvc","Status":"Success","Details":{"ServiceName":"VaultSvc","DisplayName":"Credential Manager","Status":"Running","ServiceType":"Win32ShareProcess","CanStop":true},"RawData":null},{"Timestamp":"2026-07-07T15:01:12.530Z","EventId":"6b6c073c-2940-4062-b8d4-87f6a2243ce3","EventType":"Service","Action":"Snapshot","ActorPid":null,"ActorName":null,"User":null,"Target":"vmicguestinterface","Status":"Success","Details":{"ServiceName":"vmicguestinterface","DisplayName":"Hyper-V Guest Service Interface","Status":"Stopped","ServiceType":"Win32ShareProcess","CanStop":false},"RawData":null},{"Timestamp":"2026-07-07T15:01:12.530Z","EventId":"4261346e-c19c-4d44-9e10-705afc299b68","EventType":"Service","Action":"Snapshot","ActorPid":null,"ActorName":null,"User":null,"Target":"vmickvpexchange","Status":"Success","Details":{"ServiceName":"vmickvpexchange","DisplayName":"Hyper-V Data Exchange Service","Status":"Stopped","ServiceType":"Win32ShareProcess","CanStop":false},"RawData":null},{"Timestamp":"2026-07-07T15:01:12.530Z","EventId":"e210bbd9-c7d7-4aba-9bad-abe8b365e9ba","EventType":"Service","Action":"Snapshot","ActorPid":null,"ActorName":null,"User":null,"Target":"vmicheartbeat","Status":"Success","Details":{"ServiceName":"vmicheartbeat","DisplayName":"Hyper-V Heartbeat Service","Status":"Stopped","ServiceType":"Win32ShareProcess","CanStop":false},"RawData":null},{"Timestamp":"2026-07-07T15:01:12.530Z","EventId":"064b981c-233f-4f66-b383-9e9d65ac05cb","EventType":"Service","Action":"Snapshot","ActorPid":null,"ActorName":null,"User":null,"Target":"UsoSvc","Status":"Success","Details":{"ServiceName":"UsoSvc","DisplayName":"Update Orchestrator Service","Status":"Running","ServiceType":"Win32ShareProcess","CanStop":true},"RawData":null},{"Timestamp":"2026-07-07T15:01:12.530Z","EventId":"f1d9251d-d7eb-4056-9697-71ef4f12e564","EventType":"Service","Action":"Snapshot","ActorPid":null,"ActorName":null,"User":null,"Target":"UDCService","Status":"Success","Details":{"ServiceName":"UDCService","DisplayName":"Universal Device Client Service","Status":"Running","ServiceType":"Win32OwnProcess","CanStop":true},"RawData":null},{"Timestamp":"2026-07-07T15:01:12.530Z","EventId":"4b795945-904c-4d35-a274-c90452b3270a","EventType":"Service","Action":"Snapshot","ActorPid":null,"ActorName":null,"User":null,"Target":"tzautoupdate","Status":"Success","Details":{"ServiceName":"tzautoupdate","DisplayName":"Auto Time Zone Updater","Status":"Stopped","ServiceType":"Win32ShareProcess","CanStop":false},"RawData":null},{"Timestamp":"2026-07-07T15:01:12.530Z","EventId":"52edf3d6-c27f-4859-ba4f-316e98f82538","EventType":"Service","Action":"Snapshot","ActorPid":null,"ActorName":null,"User":null,"Target":"UmRdpService","Status":"Success","Details":{"ServiceName":"UmRdpService","DisplayName":"Remote Desktop Services UserMode Port Redirector","Status":"Stopped","ServiceType":"Win32ShareProcess","CanStop":false},"RawData":null},{"Timestamp":"2026-07-07T15:01:12.530Z","EventId":"a20cf432-1909-4005-ab87-1803ca880f9d","EventType":"Service","Action":"Snapshot","ActorPid":null,"ActorName":null,"User":null,"Target":"UserManager","Status":"Success","Details":{"ServiceName":"UserManager","DisplayName":"User Manager","Status":"Running","ServiceType":"Win32ShareProcess","CanStop":true},"RawData":null},{"Timestamp":"2026-07-07T15:01:12.530Z","EventId":"e9399f94-ffad-4598-9737-a44fe919c9cc","EventType":"Service","Action":"Snapshot","ActorPid":null,"ActorName":null,"User":null,"Target":"upnphost","Status":"Success","Details":{"ServiceName":"upnphost","DisplayName":"UPnP Device Host","Status":"Running","ServiceType":"Win32ShareProcess","CanStop":true},"RawData":null},{"Timestamp":"2026-07-07T15:01:12.530Z","EventId":"581ed0d8-7beb-43ba-8004-d70cb24abc6e","EventType":"Service","Action":"Snapshot","ActorPid":null,"ActorName":null,"User":null,"Target":"W32Time","Status":"Success","Details":{"ServiceName":"W32Time","DisplayName":"Windows Time","Status":"Running","ServiceType":"Win32ShareProcess","CanStop":true},"RawData":null},{"Timestamp":"2026-07-07T15:01:12.530Z","EventId":"d262d1dc-0b74-46f6-9bbd-9da51f05bd46","EventType":"Service","Action":"Snapshot","ActorPid":null,"ActorName":null,"User":null,"Target":"VSS","Status":"Success","Details":{"ServiceName":"VSS","DisplayName":"Volume Shadow Copy","Status":"Stopped","ServiceType":"Win32OwnProcess","CanStop":false},"RawData":null},{"Timestamp":"2026-07-07T15:01:12.530Z","EventId":"181a7677-ddb0-4f13-9269-5c4392469546","EventType":"Service","Action":"Snapshot","ActorPid":null,"ActorName":null,"User":null,"Target":"WaaSMedicSvc","Status":"Success","Details":{"ServiceName":"WaaSMedicSvc","DisplayName":"WaaSMedicSvc","Status":"Stopped","ServiceType":"Win32ShareProcess","CanStop":false},"RawData":null},{"Timestamp":"2026-07-07T15:01:12.530Z","EventId":"3c9f7da3-8dab-4da9-975a-2ffcf6a86816","EventType":"Service","Action":"Snapshot","ActorPid":null,"ActorName":null,"User":null,"Target":"WarpJITSvc","Status":"Success","Details":{"ServiceName":"WarpJITSvc","DisplayName":"Warp JIT Service","Status":"Stopped","ServiceType":"Win32OwnProcess","CanStop":false},"RawData":null},{"Timestamp":"2026-07-07T15:01:12.530Z","EventId":"31a9e649-d61a-4259-b840-fbbfc2061f0e","EventType":"Service","Action":"Snapshot","ActorPid":null,"ActorName":null,"User":null,"Target":"WalletService","Status":"Success","Details":{"ServiceName":"WalletService","DisplayName":"WalletService","Status":"Stopped","ServiceType":"Win32ShareProcess","CanStop":false},"RawData":null},{"Timestamp":"2026-07-07T15:01:12.530Z","EventId":"9109ab20-6838-4f7d-8f49-7f679d018595","EventType":"Service","Action":"Snapshot","ActorPid":null,"ActorName":null,"User":null,"Target":"VSInstallerElevationService","Status":"Success","Details":{"ServiceName":"VSInstallerElevationService","DisplayName":"Visual Studio Installer Elevation Service","Status":"Stopped","ServiceType":"Win32OwnProcess","CanStop":false},"RawData":null},{"Timestamp":"2026-07-07T15:01:12.530Z","EventId":"c9b8432d-f58c-4ae3-9ae4-bf6c20b0475f","EventType":"Service","Action":"Snapshot","ActorPid":null,"ActorName":null,"User":null,"Target":"vmicshutdown","Status":"Success","Details":{"ServiceName":"vmicshutdown","DisplayName":"Hyper-V Guest Shutdown Service","Status":"Stopped","ServiceType":"Win32ShareProcess","CanStop":false},"RawData":null},{"Timestamp":"2026-07-07T15:01:12.530Z","EventId":"41a3c47d-3bbc-42a9-bdc9-d304e3f2fd30","EventType":"Service","Action":"Snapshot","ActorPid":null,"ActorName":null,"User":null,"Target":"vmicrdv","Status":"Success","Details":{"ServiceName":"vmicrdv","DisplayName":"Hyper-V Remote Desktop Virtualization Service","Status":"Stopped","ServiceType":"Win32ShareProcess","CanStop":false},"RawData":null},{"Timestamp":"2026-07-07T15:01:12.530Z","EventId":"0b9e662b-0184-4be9-adc2-2d04633006a0","EventType":"Service","Action":"Snapshot","ActorPid":null,"ActorName":null,"User":null,"Target":"vmictimesync","Status":"Success","Details":{"ServiceName":"vmictimesync","DisplayName":"Hyper-V Time Synchronization Service","Status":"Stopped","ServiceType":"Win32ShareProcess","CanStop":false},"RawData":null},{"Timestamp":"2026-07-07T15:01:12.530Z","EventId":"01b8b488-ac80-4812-ad0c-85e324e12126","EventType":"Service","Action":"Snapshot","ActorPid":null,"ActorName":null,"User":null,"Target":"vmicvss","Status":"Success","Details":{"ServiceName":"vmicvss","DisplayName":"Hyper-V Volume Shadow Copy Requestor","Status":"Stopped","ServiceType":"Win32ShareProcess","CanStop":false},"RawData":null},{"Timestamp":"2026-07-07T15:01:12.530Z","EventId":"f30d5c37-1b50-4ee9-8b30-8a0784138d3b","EventType":"Service","Action":"Snapshot","ActorPid":null,"ActorName":null,"User":null,"Target":"vmicvmsession","Status":"Success","Details":{"ServiceName":"vmicvmsession","DisplayName":"Hyper-V PowerShell Direct Service","Status":"Stopped","ServiceType":"Win32ShareProcess","CanStop":false},"RawData":null},{"Timestamp":"2026-07-07T15:01:12.530Z","EventId":"74da507b-7a04-4fd5-ba43-4ff3c2c0b087","EventType":"Service","Action":"Snapshot","ActorPid":null,"ActorName":null,"User":null,"Target":"DeviceAssociationBrokerSvc_7b796","Status":"Success","Details":{"ServiceName":"DeviceAssociationBrokerSvc_7b796","DisplayName":"DeviceAssociationBrokerSvc_7b796","Status":"Stopped","ServiceType":"224","CanStop":false},"RawData":null},{"Timestamp":"2026-07-07T15:01:12.530Z","EventId":"2443b7a3-73c0-454a-92c2-a10631adb4d3","EventType":"Service","Action":"Snapshot","ActorPid":null,"ActorName":null,"User":null,"Target":"CredentialEnrollmentManagerUserSvc_7b796","Status":"Success","Details":{"ServiceName":"CredentialEnrollmentManagerUserSvc_7b796","DisplayName":"CredentialEnrollmentManagerUserSvc_7b796","Status":"Stopped","ServiceType":"208","CanStop":false},"RawData":null},{"Timestamp":"2026-07-07T15:01:12.530Z","EventId":"020fa7cb-f751-49ad-814a-875ce49a4c6d","EventType":"Service","Action":"Snapshot","ActorPid":null,"ActorName":null,"User":null,"Target":"DevicePickerUserSvc_7b796","Status":"Success","Details":{"ServiceName":"DevicePickerUserSvc_7b796","DisplayName":"DevicePickerUserSvc_7b796","Status":"Stopped","ServiceType":"224","CanStop":false},"RawData":null},{"Timestamp":"2026-07-07T15:01:12.530Z","EventId":"5e8e033f-08b3-4d4e-94b3-9a08b4400ab2","EventType":"Service","Action":"Snapshot","ActorPid":null,"ActorName":null,"User":null,"Target":"MessagingService_7b796","Status":"Success","Details":{"ServiceName":"MessagingService_7b796","DisplayName":"MessagingService_7b796","Status":"Stopped","ServiceType":"224","CanStop":false},"RawData":null},{"Timestamp":"2026-07-07T15:01:12.530Z","EventId":"64eab4cf-5d0f-45c7-a87f-2f3a3ab440cd","EventType":"Service","Action":"Snapshot","ActorPid":null,"ActorName":null,"User":null,"Target":"DevicesFlowUserSvc_7b796","Status":"Success","Details":{"ServiceName":"DevicesFlowUserSvc_7b796","DisplayName":"DevicesFlowUserSvc_7b796","Status":"Running","ServiceType":"224","CanStop":true},"RawData":null},{"Timestamp":"2026-07-07T15:01:12.530Z","EventId":"3bf4fcaf-34d5-41cb-838c-df4fc69b8915","EventType":"Service","Action":"Snapshot","ActorPid":null,"ActorName":null,"User":null,"Target":"ConsentUxUserSvc_7b796","Status":"Success","Details":{"ServiceName":"ConsentUxUserSvc_7b796","DisplayName":"ConsentUxUserSvc_7b796","Status":"Stopped","ServiceType":"224","CanStop":false},"RawData":null},{"Timestamp":"2026-07-07T15:01:12.530Z","EventId":"b7051017-b520-4e3e-8d64-79a00fb1a2dc","EventType":"Service","Action":"Snapshot","ActorPid":null,"ActorName":null,"User":null,"Target":"CaptureService_7b796","Status":"Success","Details":{"ServiceName":"CaptureService_7b796","DisplayName":"CaptureService_7b796","Status":"Stopped","ServiceType":"224","CanStop":false},"RawData":null},{"Timestamp":"2026-07-07T15:01:12.530Z","EventId":"d9f19e7c-bfee-4621-9fa3-e3678a583150","EventType":"Service","Action":"Snapshot","ActorPid":null,"ActorName":null,"User":null,"Target":"BluetoothUserService_7b796","Status":"Success","Details":{"ServiceName":"BluetoothUserService_7b796","DisplayName":"BluetoothUserService_7b796","Status":"Stopped","ServiceType":"224","CanStop":false},"RawData":null},{"Timestamp":"2026-07-07T15:01:12.530Z","EventId":"3ad04d4a-689b-473d-8c7b-2ab1689b381e","EventType":"Service","Action":"Snapshot","ActorPid":null,"ActorName":null,"User":null,"Target":"cbdhsvc_7b796","Status":"Success","Details":{"ServiceName":"cbdhsvc_7b796","DisplayName":"cbdhsvc_7b796","Status":"Running","ServiceType":"224","CanStop":true},"RawData":null},{"Timestamp":"2026-07-07T15:01:12.530Z","EventId":"69b6c03b-0ee3-4158-ac44-6aa30f80a83c","EventType":"Service","Action":"Snapshot","ActorPid":null,"ActorName":null,"User":null,"Target":"CloudBackupRestoreSvc_7b796","Status":"Success","Details":{"ServiceName":"CloudBackupRestoreSvc_7b796","DisplayName":"CloudBackupRestoreSvc_7b796","Status":"Stopped","ServiceType":"224","CanStop":false},"RawData":null},{"Timestamp":"2026-07-07T15:01:12.530Z","EventId":"d9bdb44d-ca1a-4ad8-ac6c-554fd5f774ea","EventType":"Service","Action":"Snapshot","ActorPid":null,"ActorName":null,"User":null,"Target":"CDPUserSvc_7b796","Status":"Success","Details":{"ServiceName":"CDPUserSvc_7b796","DisplayName":"CDPUserSvc_7b796","Status":"Running","ServiceType":"224","CanStop":true},"RawData":null},{"Timestamp":"2026-07-07T15:01:12.530Z","EventId":"2a5b5a8a-53a3-4e65-a69f-856f41496ab8","EventType":"Service","Action":"Snapshot","ActorPid":null,"ActorName":null,"User":null,"Target":"UnistoreSvc_7b796","Status":"Success","Details":{"ServiceName":"UnistoreSvc_7b796","DisplayName":"UnistoreSvc_7b796","Status":"Running","ServiceType":"224","CanStop":true},"RawData":null},{"Timestamp":"2026-07-07T15:01:12.530Z","EventId":"e27134cf-2f77-4a46-b0f8-f60c74e76005","EventType":"Service","Action":"Snapshot","ActorPid":null,"ActorName":null,"User":null,"Target":"UdkUserSvc_7b796","Status":"Success","Details":{"ServiceName":"UdkUserSvc_7b796","DisplayName":"UdkUserSvc_7b796","Status":"Running","ServiceType":"224","CanStop":true},"RawData":null},{"Timestamp":"2026-07-07T15:01:12.530Z","EventId":"005310e7-82ed-4179-af85-e3c90a4c1089","EventType":"Service","Action":"Snapshot","ActorPid":null,"ActorName":null,"User":null,"Target":"UserDataSvc_7b796","Status":"Success","Details":{"ServiceName":"UserDataSvc_7b796","DisplayName":"UserDataSvc_7b796","Status":"Running","ServiceType":"224","CanStop":true},"RawData":null},{"Timestamp":"2026-07-07T15:01:12.530Z","EventId":"5ec434b8-3605-495e-9c93-540f688a31eb","EventType":"Service","Action":"Snapshot","ActorPid":null,"ActorName":null,"User":null,"Target":"WpnUserService_7b796","Status":"Success","Details":{"ServiceName":"WpnUserService_7b796","DisplayName":"WpnUserService_7b796","Status":"Running","ServiceType":"224","CanStop":true},"RawData":null},{"Timestamp":"2026-07-07T15:01:12.530Z","EventId":"7792b78d-25cd-447e-9e1d-bcee43d86cec","EventType":"Service","Action":"Snapshot","ActorPid":null,"ActorName":null,"User":null,"Target":"webthreatdefusersvc_7b796","Status":"Success","Details":{"ServiceName":"webthreatdefusersvc_7b796","DisplayName":"webthreatdefusersvc_7b796","Status":"Running","ServiceType":"224","CanStop":true},"RawData":null},{"Timestamp":"2026-07-07T15:01:12.530Z","EventId":"21c6eb95-c97a-4c61-9750-c0a04d0a0923","EventType":"Service","Action":"Snapshot","ActorPid":null,"ActorName":null,"User":null,"Target":"PrintWorkflowUserSvc_7b796","Status":"Success","Details":{"ServiceName":"PrintWorkflowUserSvc_7b796","DisplayName":"PrintWorkflowUserSvc_7b796","Status":"Stopped","ServiceType":"224","CanStop":false},"RawData":null},{"Timestamp":"2026-07-07T15:01:12.530Z","EventId":"8b6bc507-73fc-4fbf-b7ba-81e61f823488","EventType":"Service","Action":"Snapshot","ActorPid":null,"ActorName":null,"User":null,"Target":"OneSyncSvc_7b796","Status":"Success","Details":{"ServiceName":"OneSyncSvc_7b796","DisplayName":"OneSyncSvc_7b796","Status":"Stopped","ServiceType":"224","CanStop":false},"RawData":null},{"Timestamp":"2026-07-07T15:01:12.530Z","EventId":"e1262b14-c1bf-42ff-8bda-931cc8cb2584","EventType":"Service","Action":"Snapshot","ActorPid":null,"ActorName":null,"User":null,"Target":"NPSMSvc_7b796","Status":"Success","Details":{"ServiceName":"NPSMSvc_7b796","DisplayName":"NPSMSvc_7b796","Status":"Running","ServiceType":"224","CanStop":true},"RawData":null},{"Timestamp":"2026-07-07T15:01:12.530Z","EventId":"609b7bc4-e338-46a9-aa1c-bb158c54005c","EventType":"Service","Action":"Snapshot","ActorPid":null,"ActorName":null,"User":null,"Target":"P9RdrService_7b796","Status":"Success","Details":{"ServiceName":"P9RdrService_7b796","DisplayName":"P9RdrService_7b796","Status":"Stopped","ServiceType":"224","CanStop":false},"RawData":null},{"Timestamp":"2026-07-07T15:01:12.530Z","EventId":"d59e0d36-7635-45d3-8809-fe56ef195c01","EventType":"Service","Action":"Snapshot","ActorPid":null,"ActorName":null,"User":null,"Target":"PimIndexMaintenanceSvc_7b796","Status":"Success","Details":{"ServiceName":"PimIndexMaintenanceSvc_7b796","DisplayName":"PimIndexMaintenanceSvc_7b796","Status":"Running","ServiceType":"224","CanStop":true},"RawData":null},{"Timestamp":"2026-07-07T15:01:12.530Z","EventId":"ae59ce3b-a1e9-41a7-9cea-1cbaee5f39fc","EventType":"Service","Action":"Snapshot","ActorPid":null,"ActorName":null,"User":null,"Target":"PenService_7b796","Status":"Success","Details":{"ServiceName":"PenService_7b796","DisplayName":"PenService_7b796","Status":"Stopped","ServiceType":"224","CanStop":false},"RawData":null},{"Timestamp":"2026-07-07T15:01:12.530Z","EventId":"06b80156-ecc2-490d-a168-008f3e46284d","EventType":"Service","Action":"Snapshot","ActorPid":null,"ActorName":null,"User":null,"Target":"WpcMonSvc","Status":"Success","Details":{"ServiceName":"WpcMonSvc","DisplayName":"Parental Controls","Status":"Stopped","ServiceType":"Win32OwnProcess","CanStop":false},"RawData":null},{"Timestamp":"2026-07-07T15:01:12.530Z","EventId":"13062fb0-9794-4c8f-beba-ac206733824a","EventType":"Service","Action":"Snapshot","ActorPid":null,"ActorName":null,"User":null,"Target":"workfolderssvc","Status":"Success","Details":{"ServiceName":"workfolderssvc","DisplayName":"Work Folders","Status":"Stopped","ServiceType":"Win32ShareProcess","CanStop":false},"RawData":null},{"Timestamp":"2026-07-07T15:01:12.530Z","EventId":"9e465bb1-cff6-4463-8e40-f95a97601ae0","EventType":"Service","Action":"Snapshot","ActorPid":null,"ActorName":null,"User":null,"Target":"WPDBusEnum","Status":"Success","Details":{"ServiceName":"WPDBusEnum","DisplayName":"Portable Device Enumerator Service","Status":"Stopped","ServiceType":"Win32ShareProcess","CanStop":false},"RawData":null},{"Timestamp":"2026-07-07T15:01:12.530Z","EventId":"a45e7f37-192f-44be-8050-015042a7e044","EventType":"Service","Action":"Snapshot","ActorPid":null,"ActorName":null,"User":null,"Target":"WSAIFabricSvc","Status":"Success","Details":{"ServiceName":"WSAIFabricSvc","DisplayName":"WSAIFabricSvc","Status":"Stopped","ServiceType":"Win32ShareProcess","CanStop":false},"RawData":null},{"Timestamp":"2026-07-07T15:01:12.530Z","EventId":"8ec221fd-e774-435a-9e56-8ddf44eea8ab","EventType":"Service","Action":"Snapshot","ActorPid":null,"ActorName":null,"User":null,"Target":"WpnService","Status":"Success","Details":{"ServiceName":"WpnService","DisplayName":"Windows Push Notifications System Service","Status":"Running","ServiceType":"Win32ShareProcess","CanStop":true},"RawData":null},{"Timestamp":"2026-07-07T15:01:12.530Z","EventId":"2006a73f-db79-46f8-b2f4-e03ee7a63b4b","EventType":"Service","Action":"Snapshot","ActorPid":null,"ActorName":null,"User":null,"Target":"WMPNetworkSvc","Status":"Success","Details":{"ServiceName":"WMPNetworkSvc","DisplayName":"Windows Media Player Network Sharing Service","Status":"Stopped","ServiceType":"Win32OwnProcess","CanStop":false},"RawData":null},{"Timestamp":"2026-07-07T15:01:12.530Z","EventId":"9d6a184d-94b3-48c1-aa4c-6981c402c4d5","EventType":"Service","Action":"Snapshot","ActorPid":null,"ActorName":null,"User":null,"Target":"wlpasvc","Status":"Success","Details":{"ServiceName":"wlpasvc","DisplayName":"Local Profile Assistant Service","Status":"Stopped","ServiceType":"Win32ShareProcess","CanStop":false},"RawData":null},{"Timestamp":"2026-07-07T15:01:12.530Z","EventId":"c3191722-e06e-49e6-8051-18b33691a497","EventType":"Service","Action":"Snapshot","ActorPid":null,"ActorName":null,"User":null,"Target":"wlidsvc","Status":"Success","Details":{"ServiceName":"wlidsvc","DisplayName":"Microsoft Account Sign-in Assistant","Status":"Running","ServiceType":"Win32ShareProcess","CanStop":true},"RawData":null},{"Timestamp":"2026-07-07T15:01:12.530Z","EventId":"133a608a-caa7-4a7b-b00a-5bd660639d30","EventType":"Service","Action":"Snapshot","ActorPid":null,"ActorName":null,"User":null,"Target":"WManSvc","Status":"Success","Details":{"ServiceName":"WManSvc","DisplayName":"Windows Management Service","Status":"Stopped","ServiceType":"Win32ShareProcess","CanStop":false},"RawData":null},{"Timestamp":"2026-07-07T15:01:12.530Z","EventId":"34aa1227-1edd-46e4-898d-2303a4827d20","EventType":"Service","Action":"Snapshot","ActorPid":null,"ActorName":null,"User":null,"Target":"WMIRegistrationService","Status":"Success","Details":{"ServiceName":"WMIRegistrationService","DisplayName":"Intel(R) Management Engine WMI Provider Registration","Status":"Running","ServiceType":"Win32OwnProcess","CanStop":true},"RawData":null},{"Timestamp":"2026-07-07T15:01:12.530Z","EventId":"b7c46562-1e49-42c8-8038-4bdbf21806fc","EventType":"Service","Action":"Snapshot","ActorPid":null,"ActorName":null,"User":null,"Target":"wmiApSrv","Status":"Success","Details":{"ServiceName":"wmiApSrv","DisplayName":"WMI Performance Adapter","Status":"Running","ServiceType":"Win32OwnProcess","CanStop":true},"RawData":null},{"Timestamp":"2026-07-07T15:01:12.530Z","EventId":"04a4ca48-1b46-4fea-abff-164c48732613","EventType":"Service","Action":"Snapshot","ActorPid":null,"ActorName":null,"User":null,"Target":"XboxGipSvc","Status":"Success","Details":{"ServiceName":"XboxGipSvc","DisplayName":"Xbox Accessory Management Service","Status":"Stopped","ServiceType":"Win32ShareProcess","CanStop":false},"RawData":null},{"Timestamp":"2026-07-07T15:01:12.530Z","EventId":"ad704887-6517-4c4a-9548-78fad94e2019","EventType":"Service","Action":"Snapshot","ActorPid":null,"ActorName":null,"User":null,"Target":"XblGameSave","Status":"Success","Details":{"ServiceName":"XblGameSave","DisplayName":"Xbox Live Game Save","Status":"Stopped","ServiceType":"Win32ShareProcess","CanStop":false},"RawData":null},{"Timestamp":"2026-07-07T15:01:12.530Z","EventId":"5da98722-9a6f-43fe-bc69-f409efee81f8","EventType":"Service","Action":"Snapshot","ActorPid":null,"ActorName":null,"User":null,"Target":"XboxNetApiSvc","Status":"Success","Details":{"ServiceName":"XboxNetApiSvc","DisplayName":"Xbox Live Networking Service","Status":"Stopped","ServiceType":"Win32ShareProcess","CanStop":false},"RawData":null},{"Timestamp":"2026-07-07T15:01:12.530Z","EventId":"87687ccf-19e4-492a-95eb-a74577beb220","EventType":"Service","Action":"Snapshot","ActorPid":null,"ActorName":null,"User":null,"Target":"BcastDVRUserService_7b796","Status":"Success","Details":{"ServiceName":"BcastDVRUserService_7b796","DisplayName":"BcastDVRUserService_7b796","Status":"Stopped","ServiceType":"224","CanStop":false},"RawData":null},{"Timestamp":"2026-07-07T15:01:12.530Z","EventId":"9553c368-fdb5-47f5-ab31-38a7c5e9f8e4","EventType":"Service","Action":"Snapshot","ActorPid":null,"ActorName":null,"User":null,"Target":"AarSvc_7b796","Status":"Success","Details":{"ServiceName":"AarSvc_7b796","DisplayName":"AarSvc_7b796","Status":"Stopped","ServiceType":"224","CanStop":false},"RawData":null},{"Timestamp":"2026-07-07T15:01:12.530Z","EventId":"3417834a-5e62-4e1d-86be-0fd8d8ca8793","EventType":"Service","Action":"Snapshot","ActorPid":null,"ActorName":null,"User":null,"Target":"XblAuthManager","Status":"Success","Details":{"ServiceName":"XblAuthManager","DisplayName":"Xbox Live Auth Manager","Status":"Stopped","ServiceType":"Win32ShareProcess","CanStop":false},"RawData":null},{"Timestamp":"2026-07-07T15:01:12.530Z","EventId":"69829bcf-cf96-40ff-a110-ff33427c699e","EventType":"Service","Action":"Snapshot","ActorPid":null,"ActorName":null,"User":null,"Target":"WSearch","Status":"Success","Details":{"ServiceName":"WSearch","DisplayName":"Windows Search","Status":"Running","ServiceType":"Win32OwnProcess","CanStop":true},"RawData":null},{"Timestamp":"2026-07-07T15:01:12.530Z","EventId":"0b10bced-dd5e-4df5-887d-816fc6804294","EventType":"Service","Action":"Snapshot","ActorPid":null,"ActorName":null,"User":null,"Target":"wscsvc","Status":"Success","Details":{"ServiceName":"wscsvc","DisplayName":"Security Center","Status":"Running","ServiceType":"Win32ShareProcess","CanStop":true},"RawData":null},{"Timestamp":"2026-07-07T15:01:12.530Z","EventId":"f8d41843-bfd7-4475-8c12-f00e47c57af6","EventType":"Service","Action":"Snapshot","ActorPid":null,"ActorName":null,"User":null,"Target":"wuauserv","Status":"Success","Details":{"ServiceName":"wuauserv","DisplayName":"Windows Update","Status":"Stopped","ServiceType":"Win32ShareProcess","CanStop":false},"RawData":null},{"Timestamp":"2026-07-07T15:01:12.530Z","EventId":"0605a1df-e787-4ebb-9bc9-5e72383de2ca","EventType":"Service","Action":"Snapshot","ActorPid":null,"ActorName":null,"User":null,"Target":"WwanSvc","Status":"Success","Details":{"ServiceName":"WwanSvc","DisplayName":"WWAN AutoConfig","Status":"Stopped","ServiceType":"Win32ShareProcess","CanStop":false},"RawData":null},{"Timestamp":"2026-07-07T15:01:12.530Z","EventId":"a639f6da-e2de-4f34-a483-82f73588f0a0","EventType":"Service","Action":"Snapshot","ActorPid":null,"ActorName":null,"User":null,"Target":"wuqisvc","Status":"Success","Details":{"ServiceName":"wuqisvc","DisplayName":"Microsoft Usage and Quality Insights","Status":"Stopped","ServiceType":"Win32ShareProcess","CanStop":false},"RawData":null},{"Timestamp":"2026-07-07T15:01:12.530Z","EventId":"6dd7bb2c-3283-46f1-abc0-3514c54da2b0","EventType":"Service","Action":"Snapshot","ActorPid":null,"ActorName":null,"User":null,"Target":"PushToInstall","Status":"Success","Details":{"ServiceName":"PushToInstall","DisplayName":"Windows PushToInstall Service","Status":"Stopped","ServiceType":"Win32ShareProcess","CanStop":false},"RawData":null},{"Timestamp":"2026-07-07T15:01:12.530Z","EventId":"765b35f2-0896-407f-ac0f-5f79fc2ad853","EventType":"Service","Action":"Snapshot","ActorPid":null,"ActorName":null,"User":null,"Target":"ProfSvc","Status":"Success","Details":{"ServiceName":"ProfSvc","DisplayName":"User Profile Service","Status":"Running","ServiceType":"Win32ShareProcess","CanStop":true},"RawData":null},{"Timestamp":"2026-07-07T15:01:12.530Z","EventId":"7fdf3e30-cd42-4f16-8293-7066388a56c3","EventType":"Service","Action":"Snapshot","ActorPid":null,"ActorName":null,"User":null,"Target":"QWAVE","Status":"Success","Details":{"ServiceName":"QWAVE","DisplayName":"Quality Windows Audio Video Experience","Status":"Stopped","ServiceType":"Win32ShareProcess","CanStop":false},"RawData":null},{"Timestamp":"2026-07-07T15:01:12.530Z","EventId":"1d734eea-4043-4259-b475-c024d49670c1","EventType":"Service","Action":"Snapshot","ActorPid":null,"ActorName":null,"User":null,"Target":"RasMan","Status":"Success","Details":{"ServiceName":"RasMan","DisplayName":"Remote Access Connection Manager","Status":"Running","ServiceType":"Win32ShareProcess","CanStop":true},"RawData":null},{"Timestamp":"2026-07-07T15:01:12.530Z","EventId":"ad63c9b3-7c88-4b68-a7ed-5c420aba8dc9","EventType":"Service","Action":"Snapshot","ActorPid":null,"ActorName":null,"User":null,"Target":"RasAuto","Status":"Success","Details":{"ServiceName":"RasAuto","DisplayName":"Remote Access Auto Connection Manager","Status":"Stopped","ServiceType":"Win32ShareProcess","CanStop":false},"RawData":null},{"Timestamp":"2026-07-07T15:01:12.530Z","EventId":"8dbf0fa3-be69-4486-851d-dadb51c376ab","EventType":"Service","Action":"Snapshot","ActorPid":null,"ActorName":null,"User":null,"Target":"PrintScanBrokerService","Status":"Success","Details":{"ServiceName":"PrintScanBrokerService","DisplayName":"PrintScanBrokerService","Status":"Stopped","ServiceType":"Win32ShareProcess","CanStop":false},"RawData":null},{"Timestamp":"2026-07-07T15:01:12.530Z","EventId":"e28f9b19-90cd-43f6-b061-4e1baae9293d","EventType":"Service","Action":"Snapshot","ActorPid":null,"ActorName":null,"User":null,"Target":"PolicyAgent","Status":"Success","Details":{"ServiceName":"PolicyAgent","DisplayName":"IPsec Policy Agent","Status":"Stopped","ServiceType":"Win32ShareProcess","CanStop":false},"RawData":null},{"Timestamp":"2026-07-07T15:01:12.530Z","EventId":"e40fd578-1fae-4767-bba1-841b49435c3b","EventType":"Service","Action":"Snapshot","ActorPid":null,"ActorName":null,"User":null,"Target":"PlugPlay","Status":"Success","Details":{"ServiceName":"PlugPlay","DisplayName":"Plug and Play","Status":"Running","ServiceType":"Win32ShareProcess","CanStop":true},"RawData":null},{"Timestamp":"2026-07-07T15:01:12.530Z","EventId":"75bcb293-f9b4-4d41-be17-0de71dc74443","EventType":"Service","Action":"Snapshot","ActorPid":null,"ActorName":null,"User":null,"Target":"Power","Status":"Success","Details":{"ServiceName":"Power","DisplayName":"Power","Status":"Running","ServiceType":"Win32ShareProcess","CanStop":false},"RawData":null},{"Timestamp":"2026-07-07T15:01:12.530Z","EventId":"10b39979-5202-4e1b-96d8-9d811272621b","EventType":"Service","Action":"Snapshot","ActorPid":null,"ActorName":null,"User":null,"Target":"PrintNotify","Status":"Success","Details":{"ServiceName":"PrintNotify","DisplayName":"Printer Extensions and Notifications","Status":"Stopped","ServiceType":"Win32ShareProcess, InteractiveProcess","CanStop":false},"RawData":null},{"Timestamp":"2026-07-07T15:01:12.530Z","EventId":"9f19fd9c-3b78-4630-8b83-5f3a62d9393d","EventType":"Service","Action":"Snapshot","ActorPid":null,"ActorName":null,"User":null,"Target":"PrintDeviceConfigurationService","Status":"Success","Details":{"ServiceName":"PrintDeviceConfigurationService","DisplayName":"Print Device Configuration Service","Status":"Stopped","ServiceType":"Win32ShareProcess","CanStop":false},"RawData":null},{"Timestamp":"2026-07-07T15:01:12.530Z","EventId":"affe7a30-f99c-4acb-ae4a-e4f73d82519b","EventType":"Service","Action":"Snapshot","ActorPid":null,"ActorName":null,"User":null,"Target":"RpcSs","Status":"Success","Details":{"ServiceName":"RpcSs","DisplayName":"Remote Procedure Call (RPC)","Status":"Running","ServiceType":"Win32ShareProcess","CanStop":false},"RawData":null},{"Timestamp":"2026-07-07T15:01:12.530Z","EventId":"d9c42c94-91bf-49ff-8bd7-4b5c839f4248","EventType":"Service","Action":"Snapshot","ActorPid":null,"ActorName":null,"User":null,"Target":"RpcLocator","Status":"Success","Details":{"ServiceName":"RpcLocator","DisplayName":"Remote Procedure Call (RPC) Locator","Status":"Running","ServiceType":"Win32OwnProcess","CanStop":true},"RawData":null},{"Timestamp":"2026-07-07T15:01:12.530Z","EventId":"f7a8541d-67c8-48b1-8272-059464cd71d3","EventType":"Service","Action":"Snapshot","ActorPid":null,"ActorName":null,"User":null,"Target":"RtkAudioUniversalService","Status":"Success","Details":{"ServiceName":"RtkAudioUniversalService","DisplayName":"Realtek Audio Universal Service","Status":"Running","ServiceType":"Win32OwnProcess","CanStop":true},"RawData":null},{"Timestamp":"2026-07-07T15:01:12.530Z","EventId":"70dcadf1-87ae-49b6-a4d4-8a533d0bf7b7","EventType":"Service","Action":"Snapshot","ActorPid":null,"ActorName":null,"User":null,"Target":"SamSs","Status":"Success","Details":{"ServiceName":"SamSs","DisplayName":"Security Accounts Manager","Status":"Running","ServiceType":"Win32ShareProcess","CanStop":false},"RawData":null},{"Timestamp":"2026-07-07T15:01:12.530Z","EventId":"efe4205d-8a4b-4fa4-b9df-6e42034b66db","EventType":"Service","Action":"Snapshot","ActorPid":null,"ActorName":null,"User":null,"Target":"RtkBtManServ","Status":"Success","Details":{"ServiceName":"RtkBtManServ","DisplayName":"Realtek Bluetooth Device Manager Service","Status":"Running","ServiceType":"Win32OwnProcess","CanStop":true},"RawData":null},{"Timestamp":"2026-07-07T15:01:12.530Z","EventId":"23d2e633-c64e-44e4-ad86-7cd410641722","EventType":"Service","Action":"Snapshot","ActorPid":null,"ActorName":null,"User":null,"Target":"RpcEptMapper","Status":"Success","Details":{"ServiceName":"RpcEptMapper","DisplayName":"RPC Endpoint Mapper","Status":"Running","ServiceType":"Win32ShareProcess","CanStop":false},"RawData":null},{"Timestamp":"2026-07-07T15:01:12.530Z","EventId":"296a65a9-7b60-4a8b-9460-a4377d76e5cd","EventType":"Service","Action":"Snapshot","ActorPid":null,"ActorName":null,"User":null,"Target":"RemoteAccess","Status":"Success","Details":{"ServiceName":"RemoteAccess","DisplayName":"Routing and Remote Access","Status":"Stopped","ServiceType":"Win32ShareProcess","CanStop":false},"RawData":null},{"Timestamp":"2026-07-07T15:01:12.530Z","EventId":"30948e13-f8b0-4559-9557-d66d4792ad04","EventType":"Service","Action":"Snapshot","ActorPid":null,"ActorName":null,"User":null,"Target":"refsdedupsvc","Status":"Success","Details":{"ServiceName":"refsdedupsvc","DisplayName":"ReFS Dedup Service","Status":"Stopped","ServiceType":"Win32OwnProcess","CanStop":false},"RawData":null},{"Timestamp":"2026-07-07T15:01:12.530Z","EventId":"4d17f529-16d4-4542-8ccc-584571508c89","EventType":"Service","Action":"Snapshot","ActorPid":null,"ActorName":null,"User":null,"Target":"RemoteRegistry","Status":"Success","Details":{"ServiceName":"RemoteRegistry","DisplayName":"Remote Registry","Status":"Stopped","ServiceType":"Win32ShareProcess","CanStop":false},"RawData":null},{"Timestamp":"2026-07-07T15:01:12.530Z","EventId":"a93eefb4-b383-4ca1-8175-0366104a771a","EventType":"Service","Action":"Snapshot","ActorPid":null,"ActorName":null,"User":null,"Target":"RmSvc","Status":"Success","Details":{"ServiceName":"RmSvc","DisplayName":"Radio Management Service","Status":"Running","ServiceType":"Win32ShareProcess","CanStop":true},"RawData":null},{"Timestamp":"2026-07-07T15:01:12.530Z","EventId":"5eaa5532-cd9f-45fa-919c-04b78b2527b9","EventType":"Service","Action":"Snapshot","ActorPid":null,"ActorName":null,"User":null,"Target":"RetailDemo","Status":"Success","Details":{"ServiceName":"RetailDemo","DisplayName":"Retail Demo Service","Status":"Stopped","ServiceType":"Win32ShareProcess","CanStop":false},"RawData":null},