{"System":{"Hostname":"LENOVO_TB_15","OsVersion":"Microsoft Windows NT 6.2.9200.0","Username":"LENOVO_TB_15\\itzme","ScanStart":"2026-07-07T15:01:06.666Z","ScanEnd":"2026-07-07T15:01:12.530Z"},"Timeline":[{"Timestamp":"2026-07-03T12:32:29.347Z","EventId":"097f0ae6-567e-4a5b-a461-9e7308a4a8d6","EventType":"FileSystem","Action":"Snapshot","ActorPid":null,"ActorName":null,"User":null,"Target":"C:\\Users\\itzme\\Downloads\\20062026 - Schedule.md","Status":"Success","Details":{"FileName":"20062026 - Schedule.md","Length":0,"Extension":".md","LastWriteTime":"2026-07-03T18:02:29.347Z"},"RawData":null},{"Timestamp":"2026-07-03T13:19:48.679Z","EventId":"989425b8-d441-4aaf-8845-c3ccf6887925","EventType":"FileSystem","Action":"Snapshot","ActorPid":null,"ActorName":null,"User":null,"Target":"C:\\Users\\itzme\\Downloads\\cbse-class-11-mathematics-worksheet-set-theory-2.pdf","Status":"Success","Details":{"FileName":"cbse-class-11-mathematics-worksheet-set-theory-2.pdf","Length":898862,"Extension":".pdf","LastWriteTime":"2026-07-03T18:49:48.679Z"},"RawData":null},{"Timestamp":"2026-07-03T13:28:08.834Z","EventId":"616549d1-4c4e-4a2d-b24e-74cb2cea0080","EventType":"FileSystem","Action":"Snapshot","ActorPid":null,"ActorName":null,"User":null,"Target":"C:\\Users\\itzme\\Downloads\\Screenshot (1).pdf","Status":"Success","Details":{"FileName":"Screenshot (1).pdf","Length":1482589,"Extension":".pdf","LastWriteTime":"2026-07-03T18:58:08.834Z"},"RawData":null},{"Timestamp":"2026-07-04T00:33:14.413Z","EventId":"c5ab999b-c787-4d76-968c-2d96f5c61d37","EventType":"FileSystem","Action":"Snapshot","ActorPid":null,"ActorName":null,"User":null,"Target":"C:\\Users\\itzme\\Downloads\\AI-Powered-Cyber-Deception-Platform.pptx","Status":"Success","Details":{"FileName":"AI-Powered-Cyber-Deception-Platform.pptx","Length":2390532,"Extension":".pptx","LastWriteTime":"2026-07-04T06:03:14.413Z"},"RawData":null},{"Timestamp":"2026-07-04T00:33:23.059Z","EventId":"6b8552f6-d910-4f92-bc0a-c61072b5a856","EventType":"FileSystem","Action":"Snapshot","ActorPid":null,"ActorName":null,"User":null,"Target":"C:\\Users\\itzme\\Downloads\\smart_attendance_styled.pptx","Status":"Success","Details":{"FileName":"smart_attendance_styled.pptx","Length":35909,"Extension":".pptx","LastWriteTime":"2026-07-04T06:03:23.059Z"},"RawData":null},{"Timestamp":"2026-07-04T00:47:36.940Z","EventId":"c501257c-b455-4458-b501-ee000d93311f","EventType":"FileSystem","Action":"Snapshot","ActorPid":null,"ActorName":null,"User":null,"Target":"C:\\Users\\itzme\\Downloads\\28157.pptx","Status":"Success","Details":{"FileName":"28157.pptx","Length":39689,"Extension":".pptx","LastWriteTime":"2026-07-04T06:17:36.940Z"},"RawData":null},{"Timestamp":"2026-07-05T05:42:55.716Z","EventId":"4780c5aa-3f32-432d-81ff-2fdabbb3b1e2","EventType":"FileSystem","Action":"Snapshot","ActorPid":null,"ActorName":null,"User":null,"Target":"C:\\Users\\itzme\\Downloads\\node-v24.18.0-x64.msi","Status":"Success","Details":{"FileName":"node-v24.18.0-x64.msi","Length":32874496,"Extension":".msi","LastWriteTime":"2026-07-05T11:12:55.716Z"},"RawData":null},{"Timestamp":"2026-07-05T08:54:17.548Z","EventId":"7eeadf28-c3e0-46c8-8547-e8725989b155","EventType":"FileSystem","Action":"Snapshot","ActorPid":null,"ActorName":null,"User":null,"Target":"C:\\Users\\itzme\\Downloads\\1. Sets.pdf","Status":"Success","Details":{"FileName":"1. Sets.pdf","Length":364556,"Extension":".pdf","LastWriteTime":"2026-07-05T14:24:17.548Z"},"RawData":null},{"Timestamp":"2026-07-05T08:54:19.490Z","EventId":"480a8924-1a96-4c2c-b1b4-5230a459370e","EventType":"FileSystem","Action":"Snapshot","ActorPid":null,"ActorName":null,"User":null,"Target":"C:\\Users\\itzme\\Downloads\\15. Linear Inequations.pdf","Status":"Success","Details":{"FileName":"15. Linear Inequations.pdf","Length":2049672,"Extension":".pdf","LastWriteTime":"2026-07-05T14:24:19.490Z"},"RawData":null},{"Timestamp":"2026-07-05T09:30:30.759Z","EventId":"5bf8e620-5f2d-44a6-971a-2e80e5a10ec6","EventType":"FileSystem","Action":"Snapshot","ActorPid":null,"ActorName":null,"User":null,"Target":"C:\\Users\\itzme\\Downloads\\paper 1.png","Status":"Success","Details":{"FileName":"paper 1.png","Length":1696210,"Extension":".png","LastWriteTime":"2026-07-05T15:00:30.759Z"},"RawData":null},{"Timestamp":"2026-07-05T09:40:35.254Z","EventId":"d692a0dc-7781-4b98-b43d-48bdbba7eb80","EventType":"FileSystem","Action":"Snapshot","ActorPid":null,"ActorName":null,"User":null,"Target":"C:\\Users\\itzme\\Downloads\\paper 2.png","Status":"Success","Details":{"FileName":"paper 2.png","Length":1752659,"Extension":".png","LastWriteTime":"2026-07-05T15:10:35.254Z"},"RawData":null},{"Timestamp":"2026-07-05T10:31:40.706Z","EventId":"664c7a22-5597-44aa-92e5-c70897bd1fdf","EventType":"FileSystem","Action":"Snapshot","ActorPid":null,"ActorName":null,"User":null,"Target":"C:\\Users\\itzme\\Downloads\\paper3.png","Status":"Success","Details":{"FileName":"paper3.png","Length":1744968,"Extension":".png","LastWriteTime":"2026-07-05T16:01:40.706Z"},"RawData":null},{"Timestamp":"2026-07-05T10:36:45.237Z","EventId":"178d08db-966b-45ad-9dea-e4c49a250981","EventType":"FileSystem","Action":"Snapshot","ActorPid":null,"ActorName":null,"User":null,"Target":"C:\\Users\\itzme\\Downloads\\paper 4.png","Status":"Success","Details":{"FileName":"paper 4.png","Length":1718763,"Extension":".png","LastWriteTime":"2026-07-05T16:06:45.237Z"},"RawData":null},{"Timestamp":"2026-07-05T10:40:53.498Z","EventId":"4a02615a-a3e5-4541-bbc6-44458fe3c656","EventType":"FileSystem","Action":"Snapshot","ActorPid":null,"ActorName":null,"User":null,"Target":"C:\\Users\\itzme\\Downloads\\sets paper.png","Status":"Success","Details":{"FileName":"sets paper.png","Length":1606399,"Extension":".png","LastWriteTime":"2026-07-05T16:10:53.498Z"},"RawData":null},{"Timestamp":"2026-07-05T10:46:54.039Z","EventId":"29e52f10-381b-4cc5-b8f4-eba9d1f904a4","EventType":"FileSystem","Action":"Snapshot","ActorPid":null,"ActorName":null,"User":null,"Target":"C:\\Users\\itzme\\Downloads\\inequalities paper.png","Status":"Success","Details":{"FileName":"inequalities paper.png","Length":1560297,"Extension":".png","LastWriteTime":"2026-07-05T16:16:54.039Z"},"RawData":null},{"Timestamp":"2026-07-06T14:17:59.023Z","EventId":"95b7070a-99b3-44c6-9e42-8adfb5b14402","EventType":"FileSystem","Action":"Snapshot","ActorPid":null,"ActorName":null,"User":null,"Target":"C:\\Users\\itzme\\Downloads\\PROJECT.md Master Authoring TODO.pdf","Status":"Success","Details":{"FileName":"PROJECT.md Master Authoring TODO.pdf","Length":38577,"Extension":".pdf","LastWriteTime":"2026-07-06T19:47:59.023Z"},"RawData":null},{"Timestamp":"2026-07-06T14:33:49.951Z","EventId":"c84f92fb-8243-477d-b4c8-def220010242","EventType":"FileSystem","Action":"Snapshot","ActorPid":null,"ActorName":null,"User":null,"Target":"C:\\Users\\itzme\\Downloads\\phy.png","Status":"Success","Details":{"FileName":"phy.png","Length":1485415,"Extension":".png","LastWriteTime":"2026-07-06T20:03:49.951Z"},"RawData":null},{"Timestamp":"2026-07-06T14:47:27.109Z","EventId":"8071dbf2-9363-47a6-8893-8052effbbfc5","EventType":"FileSystem","Action":"Snapshot","ActorPid":null,"ActorName":null,"User":null,"Target":"C:\\Users\\itzme\\Downloads\\units and measurement paper gpt.png","Status":"Success","Details":{"FileName":"units and measurement paper gpt.png","Length":1724263,"Extension":".png","LastWriteTime":"2026-07-06T20:17:27.109Z"},"RawData":null},{"Timestamp":"2026-07-06T23:54:43.592Z","EventId":"3d2fabad-d687-4900-9938-44dd556ca102","EventType":"FileSystem","Action":"Snapshot","ActorPid":null,"ActorName":null,"User":null,"Target":"C:\\Users\\itzme\\Downloads\\HardwareScanLog_20260707_052441.html","Status":"Success","Details":{"FileName":"HardwareScanLog_20260707_052441.html","Length":230841,"Extension":".html","LastWriteTime":"2026-07-07T05:24:43.592Z"},"RawData":null},{"Timestamp":"2026-07-07T14:15:26.000Z","EventId":"bb365ef9-1dfc-45e0-b7df-1ccbbd6c31a6","EventType":"EventLog","Action":"Snapshot","ActorPid":null,"ActorName":"SpotifySessionConnectedTask","User":null,"Target":"Application/1","Status":"Success","Details":{"LogName":"Application","Source":"SpotifySessionConnectedTask","InstanceId":1,"EntryType":"Information","Message":"The description for Event ID '1' in Source 'SpotifySessionConnectedTask' cannot be found.  The local computer may not have the necessary registry information or message DLL files to display the message, or you may not have permission to access them.  The following information is part of the event:'Spotify SessionConnectedTask: Completed successfully'"},"RawData":null},{"Timestamp":"2026-07-07T14:15:26.000Z","EventId":"99eef02a-771b-475e-9012-286a3348346c","EventType":"EventLog","Action":"Snapshot","ActorPid":null,"ActorName":"SpotifySessionConnectedTask","User":null,"Target":"Application/1","Status":"Success","Details":{"LogName":"Application","Source":"SpotifySessionConnectedTask","InstanceId":1,"EntryType":"Information","Message":"The description for Event ID '1' in Source 'SpotifySessionConnectedTask' cannot be found.  The local computer may not have the necessary registry information or message DLL files to display the message, or you may not have permission to access them.  The following information is part of the event:'Spotify SessionConnectedTask: Completed successfully'"},"RawData":null},{"Timestamp":"2026-07-07T14:15:26.000Z","EventId":"7b5970e3-c81b-49ce-a15c-cc55792acdc9","EventType":"EventLog","Action":"Snapshot","ActorPid":null,"ActorName":"SpotifySessionConnectedTask","User":null,"Target":"Application/1","Status":"Success","Details":{"LogName":"Application","Source":"SpotifySessionConnectedTask","InstanceId":1,"EntryType":"Information","Message":"The description for Event ID '1' in Source 'SpotifySessionConnectedTask' cannot be found.  The local computer may not have the necessary registry information or message DLL files to display the message, or you may not have permission to access them.  The following information is part of the event:'Spotify SessionConnectedTask: Completed successfully'"},"RawData":null},{"Timestamp":"2026-07-07T14:15:26.000Z","EventId":"e9ab6b99-02a3-47fa-a204-f08ad8ede7e4","EventType":"EventLog","Action":"Snapshot","ActorPid":null,"ActorName":"SpotifySessionConnectedTask","User":null,"Target":"Application/1","Status":"Success","Details":{"LogName":"Application","Source":"SpotifySessionConnectedTask","InstanceId":1,"EntryType":"Information","Message":"The description for Event ID '1' in Source 'SpotifySessionConnectedTask' cannot be found.  The local computer may not have the necessary registry information or message DLL files to display the message, or you may not have permission to access them.  The following information is part of the event:'Spotify SessionConnectedTask: Started'"},"RawData":null},{"Timestamp":"2026-07-07T14:15:27.000Z","EventId":"336e5f8a-f600-42e8-b877-6e6c9c82b9ff","EventType":"EventLog","Action":"Snapshot","ActorPid":null,"ActorName":"SpotifySessionConnectedTask","User":null,"Target":"Application/1","Status":"Success","Details":{"LogName":"Application","Source":"SpotifySessionConnectedTask","InstanceId":1,"EntryType":"Information","Message":"The description for Event ID '1' in Source 'SpotifySessionConnectedTask' cannot be found.  The local computer may not have the necessary registry information or message DLL files to display the message, or you may not have permission to access them.  The following information is part of the event:'Spotify SessionConnectedTask: Completed successfully'"},"RawData":null},{"Timestamp":"2026-07-07T14:15:41.000Z","EventId":"d9d48fab-e081-4084-8927-9a220e32dc32","EventType":"EventLog","Action":"Snapshot","ActorPid":null,"ActorName":"Microsoft-Windows-IsolatedUserMode","User":"LENOVO_TB_15\\itzme","Target":"System/5","Status":"Success","Details":{"LogName":"System","Source":"Microsoft-Windows-IsolatedUserMode","InstanceId":5,"EntryType":"Information","Message":"Secure Trustlet NULL Id 0 and Pid 0 started with status 0."},"RawData":null},{"Timestamp":"2026-07-07T14:15:43.000Z","EventId":"b56a73c9-88f9-47cc-8337-ed6929052b8e","EventType":"EventLog","Action":"Snapshot","ActorPid":null,"ActorName":"Windows Error Reporting","User":"NT AUTHORITY\\SYSTEM","Target":"Application/1001","Status":"Success","Details":{"LogName":"Application","Source":"Windows Error Reporting","InstanceId":1001,"EntryType":"Information","Message":"Fault bucket 1775127611961577831, type 4\r\nEvent Name: APPCRASH\r\nResponse: Not available\r\nCab Id: 0\r\n\r\nProblem signature:\r\nP1: UDClientService.exe\r\nP2: 26.5.0.21\r\nP3: 6a04339e\r\nP4: DeployAgent.dll\r\nP5: 26.5.0.21\r\nP6: 6a0432ce\r\nP7: c0000005\r\nP8: 00000000000336d8\r\nP9: \r\nP10: \r\n\r\nAttached files:\r\n\\\\?\\C:\\ProgramData\\Microsoft\\Windows\\WER\\Temp\\WER.04e8028d-bcfd-4c52-ac53-8197e7d14551.tmp.WERInternalMetadata.xml\r\n\r\nThese files may be available here:\r\n\\\\?\\C:\\ProgramData\\Microsoft\\Windows\\WER\\ReportArchive\\AppCrash_UDClientService._b69ac0e0d1b1695bbddb141cd7e7792a672117c6_30083c8b_67ce73e4-edd8-469d-9ad4-7b7230fe902c\r\n\r\nAnalysis symbol: \r\nRechecking for solution: 0\r\nReport Id: 6709101b-2356-482b-bdc3-d2df73cfe211\r\nReport Status: 268435558\r\nHashed bucket: a869ac7aba747cbfe8a2852875f51167\r\nCab Guid: 0"},"RawData":null},{"Timestamp":"2026-07-07T14:16:00.000Z","EventId":"59694acc-e2c1-4c1b-9191-e0c98219a037","EventType":"EventLog","Action":"Snapshot","ActorPid":null,"ActorName":"edgeupdate","User":null,"Target":"Application/0","Status":"Success","Details":{"LogName":"Application","Source":"edgeupdate","InstanceId":0,"EntryType":"Information","Message":"Service stopped."},"RawData":null},{"Timestamp":"2026-07-07T14:16:07.000Z","EventId":"6e493286-aa58-41fd-8b82-45034982fdfb","EventType":"EventLog","Action":"Snapshot","ActorPid":null,"ActorName":"Software Protection Platform Service","User":null,"Target":"Application/1073742727","Status":"Success","Details":{"LogName":"Application","Source":"Software Protection Platform Service","InstanceId":1073742727,"EntryType":"0","Message":"The Software Protection service has stopped.\r\n"},"RawData":null},{"Timestamp":"2026-07-07T14:16:07.000Z","EventId":"b6d69642-a246-4703-88b1-3a981eed2089","EventType":"EventLog","Action":"Snapshot","ActorPid":null,"ActorName":"Software Protection Platform Service","User":null,"Target":"Application/1073758208","Status":"Success","Details":{"LogName":"Application","Source":"Software Protection Platform Service","InstanceId":1073758208,"EntryType":"Information","Message":"Successfully scheduled Software Protection service for re-start at 2126-06-13T14:16:07Z. Reason: RulesEngine."},"RawData":null},{"Timestamp":"2026-07-07T14:16:07.000Z","EventId":"70545eb4-97cf-4f4e-aedf-2ef6aa446702","EventType":"EventLog","Action":"Snapshot","ActorPid":null,"ActorName":"Service Control Manager","User":"NT AUTHORITY\\SYSTEM","Target":"System/1073748869","Status":"Success","Details":{"LogName":"System","Source":"Service Control Manager","InstanceId":1073748869,"EntryType":"Information","Message":"A service was installed in the system.\r\n\r\nService Name:  McAfee Scheduled Task - (McAfee-Dynamicappdownloader)\r\nService File Name:  \"C:\\Program Files\\McAfee\\wps\\1.40.161.1\\dad\\mc-dad.exe\"\r\nService Type:  user mode service\r\nService Start Type:  demand start\r\nService Account:  LocalSystem"},"RawData":null},{"Timestamp":"2026-07-07T14:16:08.000Z","EventId":"cb878c70-2f95-4cd0-850f-4bebdd9612b3","EventType":"EventLog","Action":"Snapshot","ActorPid":null,"ActorName":"Microsoft-Windows-Kernel-Processor-Power","User":"NT AUTHORITY\\SYSTEM","Target":"System/37","Status":"Success","Details":{"LogName":"System","Source":"Microsoft-Windows-Kernel-Processor-Power","InstanceId":37,"EntryType":"Warning","Message":"The speed of Hyper-V logical processor 7 is being limited by system firmware. The processor has been in this reduced performance state for 71 seconds since the last report."},"RawData":null},{"Timestamp":"2026-07-07T14:16:08.000Z","EventId":"1b9047e1-cc22-4251-b5e8-3a846debe294","EventType":"EventLog","Action":"Snapshot","ActorPid":null,"ActorName":"Microsoft-Windows-Kernel-Processor-Power","User":"NT AUTHORITY\\SYSTEM","Target":"System/37","Status":"Success","Details":{"LogName":"System","Source":"Microsoft-Windows-Kernel-Processor-Power","InstanceId":37,"EntryType":"Warning","Message":"The speed of Hyper-V logical processor 11 is being limited by system firmware. The processor has been in this reduced performance state for 71 seconds since the last report."},"RawData":null},{"Timestamp":"2026-07-07T14:16:11.000Z","EventId":"ffa6a9f1-fe5e-447e-aab7-350461f37cc0","EventType":"EventLog","Action":"Snapshot","ActorPid":null,"ActorName":"Edge","User":"LENOVO_TB_15\\itzme","Target":"Application/2147483904","Status":"Success","Details":{"LogName":"Application","Source":"Edge","InstanceId":2147483904,"EntryType":"Information","Message":"["},"RawData":null},{"Timestamp":"2026-07-07T14:16:16.000Z","EventId":"0835e310-a71f-4daf-a261-c53e73f91897","EventType":"EventLog","Action":"Snapshot","ActorPid":null,"ActorName":"DCOM","User":"LENOVO_TB_15\\itzme","Target":"System/10016","Status":"Success","Details":{"LogName":"System","Source":"DCOM","InstanceId":10016,"EntryType":"Warning","Message":"The description for Event ID '10016' in Source 'DCOM' cannot be found.  The local computer may not have the necessary registry information or message DLL files to display the message, or you may not have permission to access them.  The following information is part of the event:'application-specific', 'Local', 'Activation', '{2593F8B9-4EAF-457C-B68A-50F6B8EA6B54}', '{15C20B67-12E7-4BB6-92BB-7AFF07997402}', 'Lenovo_TB_15', 'itzme', 'S-1-5-21-2075745355-2322696003-4257091966-1001', 'LocalHost (Using LRPC)', 'Unavailable', 'Unavailable'"},"RawData":null},{"Timestamp":"2026-07-07T14:16:17.000Z","EventId":"69489884-95bb-4587-a27b-1bbc910f2129","EventType":"EventLog","Action":"Snapshot","ActorPid":null,"ActorName":"Service Control Manager","User":"NT AUTHORITY\\SYSTEM","Target":"System/1073748864","Status":"Success","Details":{"LogName":"System","Source":"Service Control Manager","InstanceId":1073748864,"EntryType":"Information","Message":"The start type of the McAfee Scheduled Task - (McAfee-Dynamicappdownloader) service was changed from demand start to disabled."},"RawData":null},{"Timestamp":"2026-07-07T14:16:22.000Z","EventId":"b5652620-8009-4979-80e1-40d7f1e39ab9","EventType":"EventLog","Action":"Snapshot","ActorPid":null,"ActorName":"Microsoft-Windows-GroupPolicy","User":"NT AUTHORITY\\SYSTEM","Target":"System/1500","Status":"Success","Details":{"LogName":"System","Source":"Microsoft-Windows-GroupPolicy","InstanceId":1500,"EntryType":"Information","Message":"The Group Policy settings for the computer were processed successfully. There were no changes detected since the last successful processing of Group Policy."},"RawData":null},{"Timestamp":"2026-07-07T14:16:51.000Z","EventId":"0f34e934-0680-48a8-a7e2-da70a2a24b55","EventType":"EventLog","Action":"Snapshot","ActorPid":null,"ActorName":"SecurityCenter","User":null,"Target":"Application/1","Status":"Success","Details":{"LogName":"Application","Source":"SecurityCenter","InstanceId":1,"EntryType":"Information","Message":"The Windows Security Center Service has started."},"RawData":null},{"Timestamp":"2026-07-07T14:16:51.000Z","EventId":"df1ade4c-25f8-41fb-b170-0c12fcd79060","EventType":"EventLog","Action":"Snapshot","ActorPid":null,"ActorName":"DCOM","User":"NT AUTHORITY\\SYSTEM","Target":"System/10016","Status":"Success","Details":{"LogName":"System","Source":"DCOM","InstanceId":10016,"EntryType":"Warning","Message":"The description for Event ID '10016' in Source 'DCOM' cannot be found.  The local computer may not have the necessary registry information or message DLL files to display the message, or you may not have permission to access them.  The following information is part of the event:'application-specific', 'Local', 'Launch', 'Windows.SecurityCenter.SecurityAppBroker', 'Unavailable', 'NT AUTHORITY', 'SYSTEM', 'S-1-5-18', 'LocalHost (Using LRPC)', 'Unavailable', 'Unavailable'"},"RawData":null},{"Timestamp":"2026-07-07T14:16:51.000Z","EventId":"97fce977-70e3-42f7-a3fd-27d50aa2cb40","EventType":"EventLog","Action":"Snapshot","ActorPid":null,"ActorName":"DCOM","User":"NT AUTHORITY\\SYSTEM","Target":"System/10016","Status":"Success","Details":{"LogName":"System","Source":"DCOM","InstanceId":10016,"EntryType":"Warning","Message":"The description for Event ID '10016' in Source 'DCOM' cannot be found.  The local computer may not have the necessary registry information or message DLL files to display the message, or you may not have permission to access them.  The following information is part of the event:'application-specific', 'Local', 'Launch', 'Windows.SecurityCenter.WscBrokerManager', 'Unavailable', 'NT AUTHORITY', 'SYSTEM', 'S-1-5-18', 'LocalHost (Using LRPC)', 'Unavailable', 'Unavailable'"},"RawData":null},{"Timestamp":"2026-07-07T14:16:56.000Z","EventId":"c51ff8c0-f271-43e0-977d-bd70035de1c1","EventType":"EventLog","Action":"Snapshot","ActorPid":null,"ActorName":"SecurityCenter","User":null,"Target":"Application/15","Status":"Success","Details":{"LogName":"Application","Source":"SecurityCenter","InstanceId":15,"EntryType":"Information","Message":"Updated McAfee status successfully to SECURITY_PRODUCT_STATE_ON."},"RawData":null},{"Timestamp":"2026-07-07T14:17:10.000Z","EventId":"9512d12d-e83f-4fcd-910f-d96c1faa1c6c","EventType":"EventLog","Action":"Snapshot","ActorPid":null,"ActorName":"Software Protection Platform Service","User":null,"Target":"Application/1073742724","Status":"Success","Details":{"LogName":"Application","Source":"Software Protection Platform Service","InstanceId":1073742724,"EntryType":"Information","Message":"The Software Protection service is starting.\r\nParameters:<explicit>"},"RawData":null},{"Timestamp":"2026-07-07T14:17:10.000Z","EventId":"9836923e-d92c-440c-adf1-319058d90410","EventType":"EventLog","Action":"Snapshot","ActorPid":null,"ActorName":"Software Protection Platform Service","User":null,"Target":"Application/3221241866","Status":"Success","Details":{"LogName":"Application","Source":"Software Protection Platform Service","InstanceId":3221241866,"EntryType":"Information","Message":"Offline downlevel migration succeeded."},"RawData":null},{"Timestamp":"2026-07-07T14:17:10.000Z","EventId":"d9d60ea8-7880-4ee3-a3e0-263fec59dde5","EventType":"EventLog","Action":"Snapshot","ActorPid":null,"ActorName":"DCOM","User":"NT AUTHORITY\\NETWORK SERVICE","Target":"System/10016","Status":"Success","Details":{"LogName":"System","Source":"DCOM","InstanceId":10016,"EntryType":"Warning","Message":"The description for Event ID '10016' in Source 'DCOM' cannot be found.  The local computer may not have the necessary registry information or message DLL files to display the message, or you may not have permission to access them.  The following information is part of the event:'application-specific', 'Local', 'Activation', '{9EA82395-E31B-41CA-8DF7-EC1CEE7194DF}', '{2ED83BAA-B2FD-43B1-99BF-E6149C622692}', 'NT AUTHORITY', 'NETWORK SERVICE', 'S-1-5-20', 'LocalHost (Using LRPC)', 'Unavailable', 'Unavailable'"},"RawData":null},{"Timestamp":"2026-07-07T14:17:10.000Z","EventId":"b58cc868-3115-49ed-8972-9d3571716d92","EventType":"EventLog","Action":"Snapshot","ActorPid":null,"ActorName":"edgeupdate","User":null,"Target":"Application/0","Status":"Success","Details":{"LogName":"Application","Source":"edgeupdate","InstanceId":0,"EntryType":"Information","Message":"Service stopped."},"RawData":null},{"Timestamp":"2026-07-07T14:17:11.000Z","EventId":"1d4e6af8-bc44-4574-abb1-2936cd33e8bd","EventType":"EventLog","Action":"Snapshot","ActorPid":null,"ActorName":"Microsoft-Windows-Time-Service","User":"NT AUTHORITY\\LOCAL SERVICE","Target":"System/158","Status":"Success","Details":{"LogName":"System","Source":"Microsoft-Windows-Time-Service","InstanceId":158,"EntryType":"Information","Message":"The time provider 'VMICTimeProvider' has indicated that the current hardware and operating environment is not supported and has stopped. This behavior is expected for VMICTimeProvider on non-HyperV-guest environments. This may be the expected behavior for the current provider in the current operating environment as well."},"RawData":null},{"Timestamp":"2026-07-07T14:17:11.000Z","EventId":"7febd3f4-f1a5-409c-ba53-93720d178af4","EventType":"EventLog","Action":"Snapshot","ActorPid":null,"ActorName":"Microsoft-Windows-Time-Service","User":"NT AUTHORITY\\LOCAL SERVICE","Target":"System/37","Status":"Success","Details":{"LogName":"System","Source":"Microsoft-Windows-Time-Service","InstanceId":37,"EntryType":"Information","Message":"The time provider NtpClient is currently receiving valid time data from time.windows.com,0x9 (ntp.m|0x9|[::]:123->[64:ff9b::2851:5e41]:123)."},"RawData":null},{"Timestamp":"2026-07-07T14:17:12.000Z","EventId":"a621ae3a-4356-45fc-80ab-8dd01b0a6dd1","EventType":"EventLog","Action":"Snapshot","ActorPid":null,"ActorName":"Microsoft-Windows-Time-Service","User":"NT AUTHORITY\\LOCAL SERVICE","Target":"System/37","Status":"Success","Details":{"LogName":"System","Source":"Microsoft-Windows-Time-Service","InstanceId":37,"EntryType":"Information","Message":"The time provider NtpClient is currently receiving valid time data from time.windows.com,0x9 (ntp.m|0x9|[::]:123->[64:ff9b::2851:5e41]:123)."},"RawData":null},{"Timestamp":"2026-07-07T14:17:16.000Z","EventId":"e32ba6b0-955a-48ca-b167-97b4da9c4d7d","EventType":"EventLog","Action":"Snapshot","ActorPid":null,"ActorName":"Microsoft UET SDK","User":null,"Target":"Application/0","Status":"Success","Details":{"LogName":"Application","Source":"Microsoft UET SDK","InstanceId":0,"EntryType":"Information","Message":"The description for Event ID '0' in Source 'Microsoft UET SDK' cannot be found.  The local computer may not have the necessary registry information or message DLL files to display the message, or you may not have permission to access them.  The following information is part of the event:'Microsoft UET SDK', 'Get campaignId (default): '"},"RawData":null},{"Timestamp":"2026-07-07T14:17:20.000Z","EventId":"4a2304e6-9f0d-4c41-b400-90a7c42c90fc","EventType":"EventLog","Action":"Snapshot","ActorPid":null,"ActorName":"Microsoft UET SDK","User":null,"Target":"Application/0","Status":"Success","Details":{"LogName":"Application","Source":"Microsoft UET SDK","InstanceId":0,"EntryType":"Information","Message":"The description for Event ID '0' in Source 'Microsoft UET SDK' cannot be found.  The local computer may not have the necessary registry information or message DLL files to display the message, or you may not have permission to access them.  The following information is part of the event:'Microsoft UET SDK', 'status Code: 1  URL Path bat.bing.com/action/0?et=windows-sdk-w32_1.3.5&sr=1.000000&ver=2.4&evt=custom&ti=187159204&sh=864&vid=ac8609d5eab043eaa9a2a2308858c7ae&sw=1536&ea=launch'"},"RawData":null},{"Timestamp":"2026-07-07T14:17:20.000Z","EventId":"d53241f7-0b91-4165-8627-e380680eb70c","EventType":"EventLog","Action":"Snapshot","ActorPid":null,"ActorName":"Microsoft UET SDK","User":null,"Target":"Application/0","Status":"Success","Details":{"LogName":"Application","Source":"Microsoft UET SDK","InstanceId":0,"EntryType":"Information","Message":"The description for Event ID '0' in Source 'Microsoft UET SDK' cannot be found.  The local computer may not have the necessary registry information or message DLL files to display the message, or you may not have permission to access them.  The following information is part of the event:'Microsoft UET SDK', 'Get campaignId (alternative): '"},"RawData":null},{"Timestamp":"2026-07-07T14:17:25.000Z","EventId":"bd93a5a4-5dae-4b62-98b8-cb0162e093ee","EventType":"EventLog","Action":"Snapshot","ActorPid":null,"ActorName":"DCOM","User":"LENOVO_TB_15\\itzme","Target":"System/10016","Status":"Success","Details":{"LogName":"System","Source":"DCOM","InstanceId":10016,"EntryType":"Warning","Message":"The description for Event ID '10016' in Source 'DCOM' cannot be found.  The local computer may not have the necessary registry information or message DLL files to display the message, or you may not have permission to access them.  The following information is part of the event:'application-specific', 'Local', 'Activation', '{2593F8B9-4EAF-457C-B68A-50F6B8EA6B54}', '{15C20B67-12E7-4BB6-92BB-7AFF07997402}', 'Lenovo_TB_15', 'itzme', 'S-1-5-21-2075745355-2322696003-4257091966-1001', 'LocalHost (Using LRPC)', 'SpotifyAB.SpotifyMusic_1.293.667.0_x64__zpdnekdrzrea0', 'Unavailable'"},"RawData":null},{"Timestamp":"2026-07-07T14:17:27.000Z","EventId":"5af121d7-9eef-43da-bfcf-a60e3b665be8","EventType":"EventLog","Action":"Snapshot","ActorPid":null,"ActorName":"Microsoft-Windows-Time-Service","User":"NT AUTHORITY\\LOCAL SERVICE","Target":"System/35","Status":"Success","Details":{"LogName":"System","Source":"Microsoft-Windows-Time-Service","InstanceId":35,"EntryType":"Information","Message":"The time service is now synchronizing the system time with the time source time.windows.com,0x9 (ntp.m|0x9|[::]:123->[64:ff9b::2851:5e41]:123) with reference id 3611644667. Current local stratum number is 5."},"RawData":null},{"Timestamp":"2026-07-07T14:17:41.000Z","EventId":"3af7b347-da41-4b58-ac94-cf868c20ea0b","EventType":"EventLog","Action":"Snapshot","ActorPid":null,"ActorName":"Software Protection Platform Service","User":null,"Target":"Application/1073758208","Status":"Success","Details":{"LogName":"Application","Source":"Software Protection Platform Service","InstanceId":1073758208,"EntryType":"Information","Message":"Successfully scheduled Software Protection service for re-start at 2126-06-13T14:17:41Z. Reason: RulesEngine."},"RawData":null},{"Timestamp":"2026-07-07T14:17:44.000Z","EventId":"90629f48-2ed5-424f-8d76-dc80d8981609","EventType":"EventLog","Action":"Snapshot","ActorPid":null,"ActorName":"Microsoft-Windows-Kernel-General","User":"NT AUTHORITY\\SYSTEM","Target":"System/16","Status":"Success","Details":{"LogName":"System","Source":"Microsoft-Windows-Kernel-General","InstanceId":16,"EntryType":"Information","Message":"The description for Event ID '16' in Source 'Microsoft-Windows-Kernel-General' cannot be found.  The local computer may not have the necessary registry information or message DLL files to display the message, or you may not have permission to access them.  The following information is part of the event:'165', '\\??\\C:\\ProgramData\\Packages\\Microsoft.WindowsStore_8wekyb3d8bbwe\\S-1-5-21-2075745355-2322696003-4257091966-1001\\SystemAppData\\Helium\\Cache\\581b485a642644c7_COM15.dat', '1', '1'"},"RawData":null},{"Timestamp":"2026-07-07T14:18:13.000Z","EventId":"3af2c742-eb80-4099-8906-e57363d16f11","EventType":"EventLog","Action":"Snapshot","ActorPid":null,"ActorName":"DCOM","User":"LENOVO_TB_15\\itzme","Target":"System/10010","Status":"Success","Details":{"LogName":"System","Source":"DCOM","InstanceId":10010,"EntryType":"Error","Message":"The description for Event ID '10010' in Source 'DCOM' cannot be found.  The local computer may not have the necessary registry information or message DLL files to display the message, or you may not have permission to access them.  The following information is part of the event:'{583C0B7A-E536-4020-9F62-002DA58A5B81}'"},"RawData":null},{"Timestamp":"2026-07-07T14:18:52.000Z","EventId":"e823926d-6ded-402b-a1b3-542eb675cd60","EventType":"EventLog","Action":"Snapshot","ActorPid":null,"ActorName":"SecurityCenter","User":null,"Target":"Application/15","Status":"Success","Details":{"LogName":"Application","Source":"SecurityCenter","InstanceId":15,"EntryType":"Information","Message":"Updated McAfee status successfully to SECURITY_PRODUCT_STATE_ON."},"RawData":null},{"Timestamp":"2026-07-07T14:20:05.000Z","EventId":"4d402041-d6ff-431b-9612-c60c6bb02688","EventType":"EventLog","Action":"Snapshot","ActorPid":null,"ActorName":"Microsoft-Windows-TPM-WMI","User":"NT AUTHORITY\\SYSTEM","Target":"System/1808","Status":"Success","Details":{"LogName":"System","Source":"Microsoft-Windows-TPM-WMI","InstanceId":1808,"EntryType":"Information","Message":"This device has updated Secure Boot CA/keys. This device signature information is included here.\r\nDeviceAttributes: FirmwareVersion:JFCN51WW(V2.17);OEMManufacturerName:LENOVO;OEMModelSKU:LENOVO_MT_21DJ_BU_idea_FM_ThinkBook 15 G4 IAP;OSArchitecture:amd64;\r\nBucketId: 09b528e1b5b135fa4d39eb68562292c8e0f104d26d7620b944f7b6968dfea1ee\r\nBucketConfidenceLevel: High Confidence\r\nUpdateType: Windows UEFI CA 2023 (DB), Option ROM CA 2023 (DB), 3P UEFI CA 2023 (DB), KEK 2023, Boot Manager (2023)\r\nFor more information, please see https://go.microsoft.com/fwlink/?linkid=2301018."},"RawData":null},{"Timestamp":"2026-07-07T14:20:46.000Z","EventId":"2f3e115b-3611-4638-b572-e0a1a48cebe2","EventType":"EventLog","Action":"Snapshot","ActorPid":null,"ActorName":"DCOM","User":"LENOVO_TB_15\\itzme","Target":"System/10016","Status":"Success","Details":{"LogName":"System","Source":"DCOM","InstanceId":10016,"EntryType":"Warning","Message":"The description for Event ID '10016' in Source 'DCOM' cannot be found.  The local computer may not have the necessary registry information or message DLL files to display the message, or you may not have permission to access them.  The following information is part of the event:'application-specific', 'Local', 'Activation', '{2593F8B9-4EAF-457C-B68A-50F6B8EA6B54}', '{15C20B67-12E7-4BB6-92BB-7AFF07997402}', 'Lenovo_TB_15', 'itzme', 'S-1-5-21-2075745355-2322696003-4257091966-1001', 'LocalHost (Using LRPC)', 'Unavailable', 'Unavailable'"},"RawData":null},{"Timestamp":"2026-07-07T14:21:15.000Z","EventId":"924ee5d2-021b-4591-94cc-5f0b0706cb82","EventType":"EventLog","Action":"Snapshot","ActorPid":null,"ActorName":"DCOM","User":"LENOVO_TB_15\\itzme","Target":"System/10016","Status":"Success","Details":{"LogName":"System","Source":"DCOM","InstanceId":10016,"EntryType":"Warning","Message":"The description for Event ID '10016' in Source 'DCOM' cannot be found.  The local computer may not have the necessary registry information or message DLL files to display the message, or you may not have permission to access them.  The following information is part of the event:'application-specific', 'Local', 'Activation', '{2593F8B9-4EAF-457C-B68A-50F6B8EA6B54}', '{15C20B67-12E7-4BB6-92BB-7AFF07997402}', 'Lenovo_TB_15', 'itzme', 'S-1-5-21-2075745355-2322696003-4257091966-1001', 'LocalHost (Using LRPC)', 'OpenAI.ChatGPT-Desktop_1.2026.133.0_x64__2p2nqsd0c76g0', 'Unavailable'"},"RawData":null},{"Timestamp":"2026-07-07T14:21:40.000Z","EventId":"1a79200d-91d7-49d2-b42d-d3647133dea9","EventType":"EventLog","Action":"Snapshot","ActorPid":null,"ActorName":"mc-wps-update","User":null,"Target":"Application/0","Status":"Success","Details":{"LogName":"Application","Source":"mc-wps-update","InstanceId":0,"EntryType":"Information","Message":"The description for Event ID '0' in Source 'mc-wps-update' cannot be found.  The local computer may not have the necessary registry information or message DLL files to display the message, or you may not have permission to access them.  The following information is part of the event:'Service started/resumed'"},"RawData":null},{"Timestamp":"2026-07-07T14:21:48.000Z","EventId":"73bbe353-540a-4657-850f-46972a51c044","EventType":"EventLog","Action":"Snapshot","ActorPid":null,"ActorName":"SecurityCenter","User":null,"Target":"Application/15","Status":"Success","Details":{"LogName":"Application","Source":"SecurityCenter","InstanceId":15,"EntryType":"Information","Message":"Updated McAfee status successfully to SECURITY_PRODUCT_STATE_ON."},"RawData":null},{"Timestamp":"2026-07-07T14:22:07.000Z","EventId":"967e1a05-e340-4cef-a2bb-b311680ecc3d","EventType":"EventLog","Action":"Snapshot","ActorPid":null,"ActorName":"Software Protection Platform Service","User":null,"Target":"Application/3221241866","Status":"Success","Details":{"LogName":"Application","Source":"Software Protection Platform Service","InstanceId":3221241866,"EntryType":"Information","Message":"Offline downlevel migration succeeded."},"RawData":null},{"Timestamp":"2026-07-07T14:22:55.000Z","EventId":"d20fa91f-0e0f-410e-bc4a-6b1fb89e127b","EventType":"EventLog","Action":"Snapshot","ActorPid":null,"ActorName":"Software Protection Platform Service","User":null,"Target":"Application/1073758208","Status":"Success","Details":{"LogName":"Application","Source":"Software Protection Platform Service","InstanceId":1073758208,"EntryType":"Information","Message":"Successfully scheduled Software Protection service for re-start at 2126-06-13T14:22:55Z. Reason: RulesEngine."},"RawData":null},{"Timestamp":"2026-07-07T14:25:46.000Z","EventId":"08056f48-ff09-49ea-92f2-cf1b7f9d3c40","EventType":"EventLog","Action":"Snapshot","ActorPid":null,"ActorName":"DCOM","User":"NT AUTHORITY\\LOCAL SERVICE","Target":"System/10016","Status":"Success","Details":{"LogName":"System","Source":"DCOM","InstanceId":10016,"EntryType":"Warning","Message":"The description for Event ID '10016' in Source 'DCOM' cannot be found.  The local computer may not have the necessary registry information or message DLL files to display the message, or you may not have permission to access them.  The following information is part of the event:'application-specific', 'Local', 'Activation', '{6B3B8D23-FA8D-40B9-8DBD-B950333E2C52}', '{4839DDB7-58C2-48F5-8283-E1D1807D0D7D}', 'NT AUTHORITY', 'LOCAL SERVICE', 'S-1-5-19', 'LocalHost (Using LRPC)', 'Unavailable', 'Unavailable'"},"RawData":null},{"Timestamp":"2026-07-07T14:25:46.000Z","EventId":"9ab1b0d2-13d1-4569-85f0-e5ed4dc52451","EventType":"EventLog","Action":"Snapshot","ActorPid":null,"ActorName":"DCOM","User":"NT AUTHORITY\\LOCAL SERVICE","Target":"System/10016","Status":"Success","Details":{"LogName":"System","Source":"DCOM","InstanceId":10016,"EntryType":"Warning","Message":"The description for Event ID '10016' in Source 'DCOM' cannot be found.  The local computer may not have the necessary registry information or message DLL files to display the message, or you may not have permission to access them.  The following information is part of the event:'application-specific', 'Local', 'Activation', '{6B3B8D23-FA8D-40B9-8DBD-B950333E2C52}', '{4839DDB7-58C2-48F5-8283-E1D1807D0D7D}', 'NT AUTHORITY', 'LOCAL SERVICE', 'S-1-5-19', 'LocalHost (Using LRPC)', 'Unavailable', 'Unavailable'"},"RawData":null},{"Timestamp":"2026-07-07T14:25:46.000Z","EventId":"75959b2f-412f-44fb-9141-90aaf94f3d31","EventType":"EventLog","Action":"Snapshot","ActorPid":null,"ActorName":"DCOM","User":"NT AUTHORITY\\LOCAL SERVICE","Target":"System/10016","Status":"Success","Details":{"LogName":"System","Source":"DCOM","InstanceId":10016,"EntryType":"Warning","Message":"The description for Event ID '10016' in Source 'DCOM' cannot be found.  The local computer may not have the necessary registry information or message DLL files to display the message, or you may not have permission to access them.  The following information is part of the event:'machine-default', 'Local', 'Activation', '{C2F03A33-21F5-47FA-B4BB-156362A2F239}', '{316CDED5-E4AE-4B15-9113-7055D84DCC97}', 'NT AUTHORITY', 'LOCAL SERVICE', 'S-1-5-19', 'LocalHost (Using LRPC)', 'Unavailable', 'Unavailable'"},"RawData":null},{"Timestamp":"2026-07-07T14:25:46.000Z","EventId":"d0e53561-5f00-4626-a063-c07a2b74c8bb","EventType":"EventLog","Action":"Snapshot","ActorPid":null,"ActorName":"DCOM","User":"NT AUTHORITY\\LOCAL SERVICE","Target":"System/10016","Status":"Success","Details":{"LogName":"System","Source":"DCOM","InstanceId":10016,"EntryType":"Warning","Message":"The description for Event ID '10016' in Source 'DCOM' cannot be found.  The local computer may not have the necessary registry information or message DLL files to display the message, or you may not have permission to access them.  The following information is part of the event:'machine-default', 'Local', 'Activation', '{C2F03A33-21F5-47FA-B4BB-156362A2F239}', '{316CDED5-E4AE-4B15-9113-7055D84DCC97}', 'NT AUTHORITY', 'LOCAL SERVICE', 'S-1-5-19', 'LocalHost (Using LRPC)', 'Unavailable', 'Unavailable'"},"RawData":null},{"Timestamp":"2026-07-07T14:27:16.000Z","EventId":"c5e2d84d-5c92-485d-968d-fce88c382945","EventType":"EventLog","Action":"Snapshot","ActorPid":null,"ActorName":"Microsoft-Windows-WindowsUpdateClient","User":"NT AUTHORITY\\SYSTEM","Target":"System/44","Status":"Success","Details":{"LogName":"System","Source":"Microsoft-Windows-WindowsUpdateClient","InstanceId":44,"EntryType":"Information","Message":"Windows Update started downloading an update."},"RawData":null},{"Timestamp":"2026-07-07T14:27:17.678Z","EventId":"3ef251d3-e965-4070-b899-9da51fc4a09b","EventType":"FileSystem","Action":"Snapshot","ActorPid":null,"ActorName":null,"User":null,"Target":"C:\\Users\\itzme\\Downloads\\Antigravity-x64.exe","Status":"Success","Details":{"FileName":"Antigravity-x64.exe","Length":135506192,"Extension":".exe","LastWriteTime":"2026-07-07T19:57:17.678Z"},"RawData":null},{"Timestamp":"2026-07-07T14:27:25.000Z","EventId":"5df32338-8025-4966-a8b8-7bd173b20b4e","EventType":"EventLog","Action":"Snapshot","ActorPid":null,"ActorName":"Microsoft-Windows-WindowsUpdateClient","User":"NT AUTHORITY\\SYSTEM","Target":"System/43","Status":"Success","Details":{"LogName":"System","Source":"Microsoft-Windows-WindowsUpdateClient","InstanceId":43,"EntryType":"Information","Message":"Installation Started: Windows has started installing the following update: Security Intelligence Update for Microsoft Defender Antivirus - KB2267602 (Version 1.453.463.0) - Current Channel (Broad)"},"RawData":null},{"Timestamp":"2026-07-07T14:27:36.000Z","EventId":"3e8f1e03-9956-4d73-acbf-21ccf32ec4d1","EventType":"EventLog","Action":"Snapshot","ActorPid":null,"ActorName":"Microsoft-Windows-WindowsUpdateClient","User":"NT AUTHORITY\\SYSTEM","Target":"System/19","Status":"Success","Details":{"LogName":"System","Source":"Microsoft-Windows-WindowsUpdateClient","InstanceId":19,"EntryType":"Information","Message":"Installation Successful: Windows successfully installed the following update: Security Intelligence Update for Microsoft Defender Antivirus - KB2267602 (Version 1.453.463.0) - Current Channel (Broad)"},"RawData":null},{"Timestamp":"2026-07-07T14:30:08.000Z","EventId":"e8ee3e7e-69bc-4203-a1c9-9329bd04763b","EventType":"EventLog","Action":"Snapshot","ActorPid":null,"ActorName":"Software Protection Platform Service","User":null,"Target":"Application/3221241866","Status":"Success","Details":{"LogName":"Application","Source":"Software Protection Platform Service","InstanceId":3221241866,"EntryType":"Information","Message":"Offline downlevel migration succeeded."},"RawData":null},{"Timestamp":"2026-07-07T14:30:50.000Z","EventId":"ba0c3933-5162-4c3c-9781-9fa4f01fe823","EventType":"EventLog","Action":"Snapshot","ActorPid":null,"ActorName":"Software Protection Platform Service","User":null,"Target":"Application/1073758208","Status":"Success","Details":{"LogName":"Application","Source":"Software Protection Platform Service","InstanceId":1073758208,"EntryType":"Information","Message":"Successfully scheduled Software Protection service for re-start at 2126-06-13T14:30:50Z. Reason: RulesEngine."},"RawData":null},{"Timestamp":"2026-07-07T14:30:54.000Z","EventId":"e25e3453-167c-40b9-9312-d86716eea085","EventType":"EventLog","Action":"Snapshot","ActorPid":null,"ActorName":"DCOM","User":"LENOVO_TB_15\\itzme","Target":"System/10016","Status":"Success","Details":{"LogName":"System","Source":"DCOM","InstanceId":10016,"EntryType":"Warning","Message":"The description for Event ID '10016' in Source 'DCOM' cannot be found.  The local computer may not have the necessary registry information or message DLL files to display the message, or you may not have permission to access them.  The following information is part of the event:'application-specific', 'Local', 'Activation', '{2593F8B9-4EAF-457C-B68A-50F6B8EA6B54}', '{15C20B67-12E7-4BB6-92BB-7AFF07997402}', 'Lenovo_TB_15', 'itzme', 'S-1-5-21-2075745355-2322696003-4257091966-1001', 'LocalHost (Using LRPC)', '5319275A.WhatsAppDesktop_2.2620.102.0_x64__cv1g1gvanyjgm', 'Unavailable'"},"RawData":null},{"Timestamp":"2026-07-07T14:34:31.000Z","EventId":"3e275ab6-c34f-42e2-8d6a-e8be73004b8e","EventType":"EventLog","Action":"Snapshot","ActorPid":null,"ActorName":"Microsoft-Windows-Time-Service","User":"NT AUTHORITY\\LOCAL SERVICE","Target":"System/158","Status":"Success","Details":{"LogName":"System","Source":"Microsoft-Windows-Time-Service","InstanceId":158,"EntryType":"Information","Message":"The time provider 'VMICTimeProvider' has indicated that the current hardware and operating environment is not supported and has stopped. This behavior is expected for VMICTimeProvider on non-HyperV-guest environments. This may be the expected behavior for the current provider in the current operating environment as well."},"RawData":null},{"Timestamp":"2026-07-07T14:35:44.465Z","EventId":"8bc1f3ed-9f21-42ab-b42b-34e985f6c6be","EventType":"FileSystem","Action":"Snapshot","ActorPid":null,"ActorName":null,"User":null,"Target":"C:\\Users\\itzme\\AppData\\Local\\Temp\\xml_file (37).xml","Status":"Success","Details":{"FileName":"xml_file (37).xml","Length":0,"Extension":".xml","LastWriteTime":"2026-07-07T20:05:44.465Z"},"RawData":null},{"Timestamp":"2026-07-07T14:35:44.469Z","EventId":"35827d33-d274-4388-bc43-b21e82c9fcbf","EventType":"FileSystem","Action":"Snapshot","ActorPid":null,"ActorName":null,"User":null,"Target":"C:\\Users\\itzme\\AppData\\Local\\Temp\\xml_file (38).xml","Status":"Success","Details":{"FileName":"xml_file (38).xml","Length":0,"Extension":".xml","LastWriteTime":"2026-07-07T20:05:44.469Z"},"RawData":null},{"Timestamp":"2026-07-07T14:36:04.571Z","EventId":"84d7ca06-2486-473c-ac7a-6e96adb9d4e2","EventType":"FileSystem","Action":"Snapshot","ActorPid":null,"ActorName":null,"User":null,"Target":"C:\\Users\\itzme\\AppData\\Local\\Temp\\aa464cfe-f895-4948-b489-c13117fba350.png","Status":"Success","Details":{"FileName":"aa464cfe-f895-4948-b489-c13117fba350.png","Length":9778,"Extension":".png","LastWriteTime":"2026-07-07T20:06:04.571Z"},"RawData":null},{"Timestamp":"2026-07-07T14:37:47.054Z","EventId":"c811926f-060a-421c-9fbe-b930be7a78dd","EventType":"FileSystem","Action":"Snapshot","ActorPid":null,"ActorName":null,"User":null,"Target":"C:\\Users\\itzme\\AppData\\Local\\Temp\\Setup Log 2026-07-07 #001.txt","Status":"Success","Details":{"FileName":"Setup Log 2026-07-07 #001.txt","Length":1270,"Extension":".txt","LastWriteTime":"2026-07-07T20:07:47.054Z"},"RawData":null},{"Timestamp":"2026-07-07T14:38:44.519Z","EventId":"b9b9da64-42df-406d-9cd2-723d2120b840","EventType":"FileSystem","Action":"Snapshot","ActorPid":null,"ActorName":null,"User":null,"Target":"C:\\Users\\itzme\\AppData\\Local\\Temp\\xml_file (39).xml","Status":"Success","Details":{"FileName":"xml_file (39).xml","Length":0,"Extension":".xml","LastWriteTime":"2026-07-07T20:08:44.519Z"},"RawData":null},{"Timestamp":"2026-07-07T14:38:44.519Z","EventId":"460c792a-23e5-45b5-8a17-05c0b2567f5a","EventType":"FileSystem","Action":"Snapshot","ActorPid":null,"ActorName":null,"User":null,"Target":"C:\\Users\\itzme\\AppData\\Local\\Temp\\xml_file (40).xml","Status":"Success","Details":{"FileName":"xml_file (40).xml","Length":0,"Extension":".xml","LastWriteTime":"2026-07-07T20:08:44.519Z"},"RawData":null},{"Timestamp":"2026-07-07T14:40:10.000Z","EventId":"31b1b2e2-98a8-45a5-aeee-c1dde2b35a0e","EventType":"EventLog","Action":"Snapshot","ActorPid":null,"ActorName":"Microsoft-Windows-AppXDeploymentServer/Operational","User":null,"Target":"Application/2562","Status":"Success","Details":{"LogName":"Application","Source":"Microsoft-Windows-AppXDeploymentServer/Operational","InstanceId":2562,"EntryType":"Information","Message":"The description for Event ID '2562' in Source 'Microsoft-Windows-AppXDeploymentServer/Operational' cannot be found.  The local computer may not have the necessary registry information or message DLL files to display the message, or you may not have permission to access them.  The following information is part of the event:'MSIXDeployment', 'windows.applicationData', 'DeleteMachineFolder', 'Package Microsoft.VisualStudioCode_1.0.118.1_neutral__8wekyb3d8bbwe removed machine folder C:\\ProgramData\\Microsoft\\Windows\\AppRepository\\Families\\ApplicationData\\Microsoft.VisualStudioCode_8wekyb3d8bbwe: The system cannot find the path specified.'"},"RawData":null},{"Timestamp":"2026-07-07T14:40:40.000Z","EventId":"24a34acc-1a7d-41ae-abbb-a71c11000efe","EventType":"EventLog","Action":"Snapshot","ActorPid":null,"ActorName":"Software Protection Platform Service","User":null,"Target":"Application/3221241866","Status":"Success","Details":{"LogName":"Application","Source":"Software Protection Platform Service","InstanceId":3221241866,"EntryType":"Information","Message":"Offline downlevel migration succeeded."},"RawData":null},{"Timestamp":"2026-07-07T14:40:58.009Z","EventId":"874ae991-d829-43c1-9ce6-ecb14fe2f49b","EventType":"FileSystem","Action":"Snapshot","ActorPid":null,"ActorName":null,"User":null,"Target":"C:\\Users\\itzme\\AppData\\Local\\Temp\\4ff88436-7f85-4afe-bfac-0904e04b69ee.png","Status":"Success","Details":{"FileName":"4ff88436-7f85-4afe-bfac-0904e04b69ee.png","Length":53894,"Extension":".png","LastWriteTime":"2026-07-07T20:10:58.009Z"},"RawData":null},