{"Timestamp":"2026-07-07T14:36:04.571Z","EventId":"84d7ca06-2486-473c-ac7a-6e96adb9d4e2","EventType":"FileSystem","Action":"Snapshot","ActorPid":null,"ActorName":null,"User":null,"Target":"C:\\Users\\itzme\\AppData\\Local\\Temp\\aa464cfe-f895-4948-b489-c13117fba350.png","Status":"Success","Details":{"FileName":"aa464cfe-f895-4948-b489-c13117fba350.png","Length":9778,"Extension":".png","LastWriteTime":"2026-07-07T20:06:04.571Z"},"RawData":null},{"Timestamp":"2026-07-07T14:37:47.054Z","EventId":"c811926f-060a-421c-9fbe-b930be7a78dd","EventType":"FileSystem","Action":"Snapshot","ActorPid":null,"ActorName":null,"User":null,"Target":"C:\\Users\\itzme\\AppData\\Local\\Temp\\Setup Log 2026-07-07 #001.txt","Status":"Success","Details":{"FileName":"Setup Log 2026-07-07 #001.txt","Length":1270,"Extension":".txt","LastWriteTime":"2026-07-07T20:07:47.054Z"},"RawData":null},{"Timestamp":"2026-07-07T14:38:44.519Z","EventId":"b9b9da64-42df-406d-9cd2-723d2120b840","EventType":"FileSystem","Action":"Snapshot","ActorPid":null,"ActorName":null,"User":null,"Target":"C:\\Users\\itzme\\AppData\\Local\\Temp\\xml_file (39).xml","Status":"Success","Details":{"FileName":"xml_file (39).xml","Length":0,"Extension":".xml","LastWriteTime":"2026-07-07T20:08:44.519Z"},"RawData":null},{"Timestamp":"2026-07-07T14:38:44.519Z","EventId":"460c792a-23e5-45b5-8a17-05c0b2567f5a","EventType":"FileSystem","Action":"Snapshot","ActorPid":null,"ActorName":null,"User":null,"Target":"C:\\Users\\itzme\\AppData\\Local\\Temp\\xml_file (40).xml","Status":"Success","Details":{"FileName":"xml_file (40).xml","Length":0,"Extension":".xml","LastWriteTime":"2026-07-07T20:08:44.519Z"},"RawData":null},{"Timestamp":"2026-07-07T14:40:58.009Z","EventId":"874ae991-d829-43c1-9ce6-ecb14fe2f49b","EventType":"FileSystem","Action":"Snapshot","ActorPid":null,"ActorName":null,"User":null,"Target":"C:\\Users\\itzme\\AppData\\Local\\Temp\\4ff88436-7f85-4afe-bfac-0904e04b69ee.png","Status":"Success","Details":{"FileName":"4ff88436-7f85-4afe-bfac-0904e04b69ee.png","Length":53894,"Extension":".png","LastWriteTime":"2026-07-07T20:10:58.009Z"},"RawData":null},{"Timestamp":"2026-07-07T14:41:56.211Z","EventId":"6659ed59-33db-4764-bc9e-ff33606e4bcd","EventType":"FileSystem","Action":"Snapshot","ActorPid":null,"ActorName":null,"User":null,"Target":"C:\\Users\\itzme\\AppData\\Local\\Temp\\c60a2280-ec7b-464a-b737-e215f4326913.png","Status":"Success","Details":{"FileName":"c60a2280-ec7b-464a-b737-e215f4326913.png","Length":9679,"Extension":".png","LastWriteTime":"2026-07-07T20:11:56.211Z"},"RawData":null},{"Timestamp":"2026-07-07T14:46:07.097Z","EventId":"5fa8c69a-9f2c-4172-9a3a-7ebffae4a7a3","EventType":"FileSystem","Action":"Snapshot","ActorPid":null,"ActorName":null,"User":null,"Target":"C:\\Users\\itzme\\AppData\\Local\\Temp\\925c6ea3-3d81-43f9-96ae-694769b54367.tmp","Status":"Success","Details":{"FileName":"925c6ea3-3d81-43f9-96ae-694769b54367.tmp","Length":0,"Extension":".tmp","LastWriteTime":"2026-07-07T20:16:07.097Z"},"RawData":null},{"Timestamp":"2026-07-07T14:47:19.692Z","EventId":"7a5e4b58-2ddc-4715-b5cb-e5ae03dd0af6","EventType":"FileSystem","Action":"Snapshot","ActorPid":null,"ActorName":null,"User":null,"Target":"C:\\Users\\itzme\\AppData\\Local\\Temp\\aaa6c4d4-1455-41d0-bc66-b9c47fe3d7d7.tmp","Status":"Success","Details":{"FileName":"aaa6c4d4-1455-41d0-bc66-b9c47fe3d7d7.tmp","Length":0,"Extension":".tmp","LastWriteTime":"2026-07-07T20:17:19.692Z"},"RawData":null},{"Timestamp":"2026-07-07T14:54:20.107Z","EventId":"3884f1d2-9794-48b5-bf19-bd2f1537b8ff","EventType":"FileSystem","Action":"Snapshot","ActorPid":null,"ActorName":null,"User":null,"Target":"C:\\Users\\itzme\\AppData\\Local\\Temp\\77b27c82-9ee3-42da-aba8-7ac66db8fea1.png","Status":"Success","Details":{"FileName":"77b27c82-9ee3-42da-aba8-7ac66db8fea1.png","Length":29873,"Extension":".png","LastWriteTime":"2026-07-07T20:24:20.107Z"},"RawData":null},{"Timestamp":"2026-07-07T14:55:11.170Z","EventId":"84aa22fa-5b89-4240-9853-6964ff403731","EventType":"FileSystem","Action":"Snapshot","ActorPid":null,"ActorName":null,"User":null,"Target":"C:\\Users\\itzme\\AppData\\Local\\Temp\\4af52129-bce4-48a2-bcd3-513c9ddaf976.png","Status":"Success","Details":{"FileName":"4af52129-bce4-48a2-bcd3-513c9ddaf976.png","Length":45805,"Extension":".png","LastWriteTime":"2026-07-07T20:25:11.170Z"},"RawData":null},{"Timestamp":"2026-07-07T14:55:51.920Z","EventId":"6b6e8520-8497-4b5e-84c8-f4c78f9d7da5","EventType":"FileSystem","Action":"Snapshot","ActorPid":null,"ActorName":null,"User":null,"Target":"C:\\Users\\itzme\\AppData\\Local\\Temp\\725ab7ec-2b11-4f92-90cc-c7f2776af897.png","Status":"Success","Details":{"FileName":"725ab7ec-2b11-4f92-90cc-c7f2776af897.png","Length":19431,"Extension":".png","LastWriteTime":"2026-07-07T20:25:51.920Z"},"RawData":null},{"Timestamp":"2026-07-07T14:57:10.125Z","EventId":"35594100-5c21-4a05-a608-4aee50c37dee","EventType":"FileSystem","Action":"Snapshot","ActorPid":null,"ActorName":null,"User":null,"Target":"C:\\Users\\itzme\\AppData\\Local\\Temp\\6daecb4e-52ff-4aed-90c1-a771b9f62c0d.png","Status":"Success","Details":{"FileName":"6daecb4e-52ff-4aed-90c1-a771b9f62c0d.png","Length":27854,"Extension":".png","LastWriteTime":"2026-07-07T20:27:10.125Z"},"RawData":null},{"Timestamp":"2026-07-07T14:58:21.819Z","EventId":"6dbb28c2-13b5-4680-a208-ca8adceecf60","EventType":"FileSystem","Action":"Snapshot","ActorPid":null,"ActorName":null,"User":null,"Target":"C:\\Users\\itzme\\AppData\\Local\\Temp\\d3e6dc1f-8ef4-4f22-9e8a-f8074a68c3f3.png","Status":"Success","Details":{"FileName":"d3e6dc1f-8ef4-4f22-9e8a-f8074a68c3f3.png","Length":27660,"Extension":".png","LastWriteTime":"2026-07-07T20:28:21.819Z"},"RawData":null},{"Timestamp":"2026-07-07T14:59:13.436Z","EventId":"3a0b575f-44dc-4561-809c-d6116b047612","EventType":"FileSystem","Action":"Snapshot","ActorPid":null,"ActorName":null,"User":null,"Target":"C:\\Users\\itzme\\AppData\\Local\\Temp\\bca674c7-5731-410f-afb3-11be8ef8941a.tmp","Status":"Success","Details":{"FileName":"bca674c7-5731-410f-afb3-11be8ef8941a.tmp","Length":0,"Extension":".tmp","LastWriteTime":"2026-07-07T20:29:13.436Z"},"RawData":null},{"Timestamp":"2026-07-07T15:00:16.157Z","EventId":"3c74415b-f562-4503-8e6f-62aeff7f5644","EventType":"FileSystem","Action":"Snapshot","ActorPid":null,"ActorName":null,"User":null,"Target":"C:\\Users\\itzme\\AppData\\Local\\Temp\\14314089-b757-4d0c-bdf0-c9df897e6755.png","Status":"Success","Details":{"FileName":"14314089-b757-4d0c-bdf0-c9df897e6755.png","Length":9792,"Extension":".png","LastWriteTime":"2026-07-07T20:30:16.157Z"},"RawData":null},{"Timestamp":"2026-07-07T15:00:31.297Z","EventId":"c4b9d575-f427-4f7f-95f4-126507dc3195","EventType":"FileSystem","Action":"Snapshot","ActorPid":null,"ActorName":null,"User":null,"Target":"C:\\Users\\itzme\\AppData\\Local\\Temp\\24802eed-f039-47ca-b3f4-f1f8fb0e9e21.tmp","Status":"Success","Details":{"FileName":"24802eed-f039-47ca-b3f4-f1f8fb0e9e21.tmp","Length":0,"Extension":".tmp","LastWriteTime":"2026-07-07T20:30:31.297Z"},"RawData":null},{"Timestamp":"2026-07-07T15:00:39.942Z","EventId":"cab16edc-c6be-487a-ac2c-1248cfc93144","EventType":"FileSystem","Action":"Snapshot","ActorPid":null,"ActorName":null,"User":null,"Target":"C:\\Users\\itzme\\AppData\\Local\\Temp\\d56d23ff-693e-4a02-ab11-5c1a8edb60a7.png","Status":"Success","Details":{"FileName":"d56d23ff-693e-4a02-ab11-5c1a8edb60a7.png","Length":19443,"Extension":".png","LastWriteTime":"2026-07-07T20:30:39.942Z"},"RawData":null},{"Timestamp":"2026-07-07T15:01:06.165Z","EventId":"54c8c09b-a179-4dbe-a5e8-2f2a53d2b872","EventType":"FileSystem","Action":"Snapshot","ActorPid":null,"ActorName":null,"User":null,"Target":"C:\\Users\\itzme\\AppData\\Local\\Temp\\agy-cert-3356412121.crt","Status":"Success","Details":{"FileName":"agy-cert-3356412121.crt","Length":566,"Extension":".crt","LastWriteTime":"2026-07-07T20:31:06.165Z"},"RawData":null}],"Registry":[{"Timestamp":"2026-07-07T15:01:06.938Z","EventId":"29461125-3574-491a-8ccc-3593f3242262","EventType":"Registry","Action":"Snapshot","ActorPid":null,"ActorName":null,"User":null,"Target":"HKCU\\Software\\Microsoft\\Windows\\CurrentVersion\\Run\\Discord","Status":"Success","Details":{"Hive":"HKCU","KeyPath":"Software\\Microsoft\\Windows\\CurrentVersion\\Run","ValueName":"Discord","ValueData":"\"C:\\Users\\itzme\\AppData\\Local\\Discord\\Update.exe\" --processStart Discord.exe"},"RawData":null},{"Timestamp":"2026-07-07T15:01:06.938Z","EventId":"6c2b0bd1-a988-43b3-81a6-aa81597c7968","EventType":"Registry","Action":"Snapshot","ActorPid":null,"ActorName":null,"User":null,"Target":"HKCU\\Software\\Microsoft\\Windows\\CurrentVersion\\Run\\MicrosoftEdgeAutoLaunch_A0D121EA2382C8804C6D044FF25E6F42","Status":"Success","Details":{"Hive":"HKCU","KeyPath":"Software\\Microsoft\\Windows\\CurrentVersion\\Run","ValueName":"MicrosoftEdgeAutoLaunch_A0D121EA2382C8804C6D044FF25E6F42","ValueData":"\"C:\\Program Files (x86)\\Microsoft\\Edge\\Application\\msedge.exe\" --no-startup-window --win-session-start"},"RawData":null},{"Timestamp":"2026-07-07T15:01:06.938Z","EventId":"386ec98f-caf4-403b-b1ba-cd5169c01005","EventType":"Registry","Action":"Snapshot","ActorPid":null,"ActorName":null,"User":null,"Target":"HKLM\\Software\\Microsoft\\Windows\\CurrentVersion\\Run\\RtkAudUService","Status":"Success","Details":{"Hive":"HKLM","KeyPath":"Software\\Microsoft\\Windows\\CurrentVersion\\Run","ValueName":"RtkAudUService","ValueData":"\"C:\\WINDOWS\\System32\\DriverStore\\FileRepository\\realtekservice.inf_amd64_c607c18cb15933d8\\RtkAudUService64.exe\" -background"},"RawData":null},{"Timestamp":"2026-07-07T15:01:06.938Z","EventId":"4e57f1eb-df14-40b8-bc40-23b4627aa4f9","EventType":"Registry","Action":"Snapshot","ActorPid":null,"ActorName":null,"User":null,"Target":"HKLM\\Software\\Microsoft\\Windows\\CurrentVersion\\Run\\SecurityHealth","Status":"Success","Details":{"Hive":"HKLM","KeyPath":"Software\\Microsoft\\Windows\\CurrentVersion\\Run","ValueName":"SecurityHealth","ValueData":"C:\\WINDOWS\\system32\\SecurityHealthSystray.exe"},"RawData":null},{"Timestamp":"2026-07-07T15:01:12.525Z","EventId":"bd0b5d0d-0778-4387-8631-ee3cfe76011e","EventType":"Registry","Action":"Snapshot","ActorPid":null,"ActorName":null,"User":null,"Target":"HKCU\\Software\\Microsoft\\Windows\\CurrentVersion\\Run\\MicrosoftEdgeAutoLaunch_A0D121EA2382C8804C6D044FF25E6F42","Status":"Success","Details":{"Hive":"HKCU","KeyPath":"Software\\Microsoft\\Windows\\CurrentVersion\\Run","ValueName":"MicrosoftEdgeAutoLaunch_A0D121EA2382C8804C6D044FF25E6F42","ValueData":"\"C:\\Program Files (x86)\\Microsoft\\Edge\\Application\\msedge.exe\" --no-startup-window --win-session-start"},"RawData":null},{"Timestamp":"2026-07-07T15:01:12.525Z","EventId":"eeb8eb81-f89a-4379-85de-41a3e6b21e92","EventType":"Registry","Action":"Snapshot","ActorPid":null,"ActorName":null,"User":null,"Target":"HKCU\\Software\\Microsoft\\Windows\\CurrentVersion\\Run\\Discord","Status":"Success","Details":{"Hive":"HKCU","KeyPath":"Software\\Microsoft\\Windows\\CurrentVersion\\Run","ValueName":"Discord","ValueData":"\"C:\\Users\\itzme\\AppData\\Local\\Discord\\Update.exe\" --processStart Discord.exe"},"RawData":null},{"Timestamp":"2026-07-07T15:01:12.525Z","EventId":"87ae737a-b082-40d6-8555-4b63c0f5371e","EventType":"Registry","Action":"Snapshot","ActorPid":null,"ActorName":null,"User":null,"Target":"HKLM\\Software\\Microsoft\\Windows\\CurrentVersion\\Run\\RtkAudUService","Status":"Success","Details":{"Hive":"HKLM","KeyPath":"Software\\Microsoft\\Windows\\CurrentVersion\\Run","ValueName":"RtkAudUService","ValueData":"\"C:\\WINDOWS\\System32\\DriverStore\\FileRepository\\realtekservice.inf_amd64_c607c18cb15933d8\\RtkAudUService64.exe\" -background"},"RawData":null},{"Timestamp":"2026-07-07T15:01:12.525Z","EventId":"8d88ce48-0883-4219-944e-4dcb4114a59e","EventType":"Registry","Action":"Snapshot","ActorPid":null,"ActorName":null,"User":null,"Target":"HKLM\\Software\\Microsoft\\Windows\\CurrentVersion\\Run\\SecurityHealth","Status":"Success","Details":{"Hive":"HKLM","KeyPath":"Software\\Microsoft\\Windows\\CurrentVersion\\Run","ValueName":"SecurityHealth","ValueData":"C:\\WINDOWS\\system32\\SecurityHealthSystray.exe"},"RawData":null}],"Services":[{"Timestamp":"2026-07-07T15:01:06.954Z","EventId":"ac607944-34c8-42e0-9e6d-d241def92310","EventType":"Service","Action":"Snapshot","ActorPid":null,"ActorName":null,"User":null,"Target":"vmictimesync","Status":"Success","Details":{"ServiceName":"vmictimesync","DisplayName":"Hyper-V Time Synchronization Service","Status":"Stopped","ServiceType":"Win32ShareProcess","CanStop":false},"RawData":null},{"Timestamp":"2026-07-07T15:01:06.954Z","EventId":"f1786fe0-42b4-41b1-9cb1-e3f09c338f93","EventType":"Service","Action":"Snapshot","ActorPid":null,"ActorName":null,"User":null,"Target":"vmicshutdown","Status":"Success","Details":{"ServiceName":"vmicshutdown","DisplayName":"Hyper-V Guest Shutdown Service","Status":"Stopped","ServiceType":"Win32ShareProcess","CanStop":false},"RawData":null},{"Timestamp":"2026-07-07T15:01:06.954Z","EventId":"153b23e4-4c6c-40be-9089-de58482c760f","EventType":"Service","Action":"Snapshot","ActorPid":null,"ActorName":null,"User":null,"Target":"vmicrdv","Status":"Success","Details":{"ServiceName":"vmicrdv","DisplayName":"Hyper-V Remote Desktop Virtualization Service","Status":"Stopped","ServiceType":"Win32ShareProcess","CanStop":false},"RawData":null},{"Timestamp":"2026-07-07T15:01:06.954Z","EventId":"6d878459-1fff-4c59-abf2-636be31f18b2","EventType":"Service","Action":"Snapshot","ActorPid":null,"ActorName":null,"User":null,"Target":"vmicvmsession","Status":"Success","Details":{"ServiceName":"vmicvmsession","DisplayName":"Hyper-V PowerShell Direct Service","Status":"Stopped","ServiceType":"Win32ShareProcess","CanStop":false},"RawData":null},{"Timestamp":"2026-07-07T15:01:06.954Z","EventId":"8ee1ade6-6037-4059-b017-73967405615a","EventType":"Service","Action":"Snapshot","ActorPid":null,"ActorName":null,"User":null,"Target":"VSS","Status":"Success","Details":{"ServiceName":"VSS","DisplayName":"Volume Shadow Copy","Status":"Stopped","ServiceType":"Win32OwnProcess","CanStop":false},"RawData":null},{"Timestamp":"2026-07-07T15:01:06.954Z","EventId":"8aae5253-6176-461a-b86a-44ffcf26b7dc","EventType":"Service","Action":"Snapshot","ActorPid":null,"ActorName":null,"User":null,"Target":"VSInstallerElevationService","Status":"Success","Details":{"ServiceName":"VSInstallerElevationService","DisplayName":"Visual Studio Installer Elevation Service","Status":"Stopped","ServiceType":"Win32OwnProcess","CanStop":false},"RawData":null},{"Timestamp":"2026-07-07T15:01:06.954Z","EventId":"a23c480b-afd2-41d9-99d8-5e856214910a","EventType":"Service","Action":"Snapshot","ActorPid":null,"ActorName":null,"User":null,"Target":"vmicvss","Status":"Success","Details":{"ServiceName":"vmicvss","DisplayName":"Hyper-V Volume Shadow Copy Requestor","Status":"Stopped","ServiceType":"Win32ShareProcess","CanStop":false},"RawData":null},{"Timestamp":"2026-07-07T15:01:06.954Z","EventId":"b6cb42d6-9046-4662-8fcc-144441644942","EventType":"Service","Action":"Snapshot","ActorPid":null,"ActorName":null,"User":null,"Target":"VaultSvc","Status":"Success","Details":{"ServiceName":"VaultSvc","DisplayName":"Credential Manager","Status":"Running","ServiceType":"Win32ShareProcess","CanStop":true},"RawData":null},{"Timestamp":"2026-07-07T15:01:06.954Z","EventId":"34bdd4db-a2a9-46dc-8595-0cc0554aa457","EventType":"Service","Action":"Snapshot","ActorPid":null,"ActorName":null,"User":null,"Target":"UsoSvc","Status":"Success","Details":{"ServiceName":"UsoSvc","DisplayName":"Update Orchestrator Service","Status":"Running","ServiceType":"Win32ShareProcess","CanStop":true},"RawData":null},{"Timestamp":"2026-07-07T15:01:06.954Z","EventId":"c6f3f627-86d5-41d1-990d-739b33a1eabe","EventType":"Service","Action":"Snapshot","ActorPid":null,"ActorName":null,"User":null,"Target":"UserManager","Status":"Success","Details":{"ServiceName":"UserManager","DisplayName":"User Manager","Status":"Running","ServiceType":"Win32ShareProcess","CanStop":true},"RawData":null},{"Timestamp":"2026-07-07T15:01:06.954Z","EventId":"f9e410a1-36c2-4536-8867-ba5ff86a0996","EventType":"Service","Action":"Snapshot","ActorPid":null,"ActorName":null,"User":null,"Target":"vds","Status":"Success","Details":{"ServiceName":"vds","DisplayName":"Virtual Disk","Status":"Stopped","ServiceType":"Win32OwnProcess","CanStop":false},"RawData":null},{"Timestamp":"2026-07-07T15:01:06.954Z","EventId":"3a4d5429-3417-4743-9ff3-8a9760b23521","EventType":"Service","Action":"Snapshot","ActorPid":null,"ActorName":null,"User":null,"Target":"vmickvpexchange","Status":"Success","Details":{"ServiceName":"vmickvpexchange","DisplayName":"Hyper-V Data Exchange Service","Status":"Stopped","ServiceType":"Win32ShareProcess","CanStop":false},"RawData":null},{"Timestamp":"2026-07-07T15:01:06.954Z","EventId":"7d5d0bd1-dda3-456a-975e-846dc20936ab","EventType":"Service","Action":"Snapshot","ActorPid":null,"ActorName":null,"User":null,"Target":"vmicheartbeat","Status":"Success","Details":{"ServiceName":"vmicheartbeat","DisplayName":"Hyper-V Heartbeat Service","Status":"Stopped","ServiceType":"Win32ShareProcess","CanStop":false},"RawData":null},{"Timestamp":"2026-07-07T15:01:06.954Z","EventId":"e9dc07fd-d142-4f40-9640-a4e48fac33cb","EventType":"Service","Action":"Snapshot","ActorPid":null,"ActorName":null,"User":null,"Target":"vmicguestinterface","Status":"Success","Details":{"ServiceName":"vmicguestinterface","DisplayName":"Hyper-V Guest Service Interface","Status":"Stopped","ServiceType":"Win32ShareProcess","CanStop":false},"RawData":null},{"Timestamp":"2026-07-07T15:01:06.954Z","EventId":"75998657-d655-4db7-b2fb-95a828c71c3e","EventType":"Service","Action":"Snapshot","ActorPid":null,"ActorName":null,"User":null,"Target":"WdiSystemHost","Status":"Success","Details":{"ServiceName":"WdiSystemHost","DisplayName":"Diagnostic System Host","Status":"Running","ServiceType":"Win32ShareProcess","CanStop":true},"RawData":null},{"Timestamp":"2026-07-07T15:01:06.954Z","EventId":"1afd3b68-0dcc-4e0c-aefd-1e6fb301d7d9","EventType":"Service","Action":"Snapshot","ActorPid":null,"ActorName":null,"User":null,"Target":"WdiServiceHost","Status":"Success","Details":{"ServiceName":"WdiServiceHost","DisplayName":"Diagnostic Service Host","Status":"Stopped","ServiceType":"Win32ShareProcess","CanStop":false},"RawData":null},{"Timestamp":"2026-07-07T15:01:06.954Z","EventId":"51d959a8-e782-45ee-8d3c-c38c2ce921d9","EventType":"Service","Action":"Snapshot","ActorPid":null,"ActorName":null,"User":null,"Target":"wcncsvc","Status":"Success","Details":{"ServiceName":"wcncsvc","DisplayName":"Windows Connect Now - Config Registrar","Status":"Stopped","ServiceType":"Win32ShareProcess","CanStop":false},"RawData":null},{"Timestamp":"2026-07-07T15:01:06.954Z","EventId":"5f091a34-39cf-4a2b-81ac-9b2c8fb97df3","EventType":"Service","Action":"Snapshot","ActorPid":null,"ActorName":null,"User":null,"Target":"WdNisSvc","Status":"Success","Details":{"ServiceName":"WdNisSvc","DisplayName":"Microsoft Defender Antivirus Network Inspection Service","Status":"Stopped","ServiceType":"Win32OwnProcess","CanStop":false},"RawData":null},{"Timestamp":"2026-07-07T15:01:06.954Z","EventId":"4dd070df-62eb-4ce3-b94a-a6f2cbf58059","EventType":"Service","Action":"Snapshot","ActorPid":null,"ActorName":null,"User":null,"Target":"Wecsvc","Status":"Success","Details":{"ServiceName":"Wecsvc","DisplayName":"Windows Event Collector","Status":"Stopped","ServiceType":"Win32ShareProcess","CanStop":false},"RawData":null},{"Timestamp":"2026-07-07T15:01:06.954Z","EventId":"ac13a6bf-017a-4bb3-a876-893ad3952f2c","EventType":"Service","Action":"Snapshot","ActorPid":null,"ActorName":null,"User":null,"Target":"webthreatdefsvc","Status":"Success","Details":{"ServiceName":"webthreatdefsvc","DisplayName":"Web Threat Defense Service","Status":"Running","ServiceType":"Win32ShareProcess","CanStop":true},"RawData":null},{"Timestamp":"2026-07-07T15:01:06.954Z","EventId":"d41a9bed-6e37-41df-a83d-95dbcfd2c2d2","EventType":"Service","Action":"Snapshot","ActorPid":null,"ActorName":null,"User":null,"Target":"WebClient","Status":"Success","Details":{"ServiceName":"WebClient","DisplayName":"WebClient","Status":"Stopped","ServiceType":"Win32ShareProcess","CanStop":false},"RawData":null},{"Timestamp":"2026-07-07T15:01:06.954Z","EventId":"0d916fa6-f624-4856-936d-f13169f606ab","EventType":"Service","Action":"Snapshot","ActorPid":null,"ActorName":null,"User":null,"Target":"WalletService","Status":"Success","Details":{"ServiceName":"WalletService","DisplayName":"WalletService","Status":"Stopped","ServiceType":"Win32ShareProcess","CanStop":false},"RawData":null},{"Timestamp":"2026-07-07T15:01:06.954Z","EventId":"2e019490-1612-4e66-b184-cf81061d8ee0","EventType":"Service","Action":"Snapshot","ActorPid":null,"ActorName":null,"User":null,"Target":"WaaSMedicSvc","Status":"Success","Details":{"ServiceName":"WaaSMedicSvc","DisplayName":"WaaSMedicSvc","Status":"Stopped","ServiceType":"Win32ShareProcess","CanStop":false},"RawData":null},{"Timestamp":"2026-07-07T15:01:06.954Z","EventId":"43a18428-deca-4a4c-8ea0-aad2213f5df1","EventType":"Service","Action":"Snapshot","ActorPid":null,"ActorName":null,"User":null,"Target":"W32Time","Status":"Success","Details":{"ServiceName":"W32Time","DisplayName":"Windows Time","Status":"Running","ServiceType":"Win32ShareProcess","CanStop":true},"RawData":null},{"Timestamp":"2026-07-07T15:01:06.954Z","EventId":"add192d3-a02c-46ed-8fc7-c2843f9fa73e","EventType":"Service","Action":"Snapshot","ActorPid":null,"ActorName":null,"User":null,"Target":"WarpJITSvc","Status":"Success","Details":{"ServiceName":"WarpJITSvc","DisplayName":"Warp JIT Service","Status":"Stopped","ServiceType":"Win32OwnProcess","CanStop":false},"RawData":null},{"Timestamp":"2026-07-07T15:01:06.954Z","EventId":"0f5eff18-aabb-4178-940a-46faafcec41e","EventType":"Service","Action":"Snapshot","ActorPid":null,"ActorName":null,"User":null,"Target":"Wcmsvc","Status":"Success","Details":{"ServiceName":"Wcmsvc","DisplayName":"Windows Connection Manager","Status":"Running","ServiceType":"Win32OwnProcess","CanStop":true},"RawData":null},{"Timestamp":"2026-07-07T15:01:06.954Z","EventId":"ff3b4211-2098-46ee-a7fd-81405f43a56c","EventType":"Service","Action":"Snapshot","ActorPid":null,"ActorName":null,"User":null,"Target":"WbioSrvc","Status":"Success","Details":{"ServiceName":"WbioSrvc","DisplayName":"Windows Biometric Service","Status":"Stopped","ServiceType":"Win32ShareProcess","CanStop":false},"RawData":null},{"Timestamp":"2026-07-07T15:01:06.954Z","EventId":"48aefba7-b58b-47e9-9efd-a41d0547cf00","EventType":"Service","Action":"Snapshot","ActorPid":null,"ActorName":null,"User":null,"Target":"wbengine","Status":"Success","Details":{"ServiceName":"wbengine","DisplayName":"Block Level Backup Engine Service","Status":"Stopped","ServiceType":"Win32OwnProcess","CanStop":false},"RawData":null},{"Timestamp":"2026-07-07T15:01:06.954Z","EventId":"044d8f79-77a7-4dc4-a25e-ba35f67c30c2","EventType":"Service","Action":"Snapshot","ActorPid":null,"ActorName":null,"User":null,"Target":"StorSvc","Status":"Success","Details":{"ServiceName":"StorSvc","DisplayName":"Storage Service","Status":"Running","ServiceType":"Win32OwnProcess","CanStop":true},"RawData":null},{"Timestamp":"2026-07-07T15:01:06.954Z","EventId":"265c1e0c-00f2-4ee5-b6cf-732290f5c2ee","EventType":"Service","Action":"Snapshot","ActorPid":null,"ActorName":null,"User":null,"Target":"StiSvc","Status":"Success","Details":{"ServiceName":"StiSvc","DisplayName":"Windows Image Acquisition (WIA)","Status":"Stopped","ServiceType":"Win32OwnProcess","CanStop":false},"RawData":null},{"Timestamp":"2026-07-07T15:01:06.954Z","EventId":"beeda66a-0dde-404f-9751-cffb0e77d9bc","EventType":"Service","Action":"Snapshot","ActorPid":null,"ActorName":null,"User":null,"Target":"StateRepository","Status":"Success","Details":{"ServiceName":"StateRepository","DisplayName":"State Repository Service","Status":"Running","ServiceType":"Win32ShareProcess","CanStop":true},"RawData":null},{"Timestamp":"2026-07-07T15:01:06.954Z","EventId":"fcd51dca-0877-4014-a3a2-71d489a00e33","EventType":"Service","Action":"Snapshot","ActorPid":null,"ActorName":null,"User":null,"Target":"svsvc","Status":"Success","Details":{"ServiceName":"svsvc","DisplayName":"Spot Verifier","Status":"Stopped","ServiceType":"Win32ShareProcess","CanStop":false},"RawData":null},{"Timestamp":"2026-07-07T15:01:06.954Z","EventId":"fcc1a4b1-7123-4128-a9df-024beb50ffee","EventType":"Service","Action":"Snapshot","ActorPid":null,"ActorName":null,"User":null,"Target":"SystemEventsBroker","Status":"Success","Details":{"ServiceName":"SystemEventsBroker","DisplayName":"System Events Broker","Status":"Running","ServiceType":"Win32ShareProcess","CanStop":true},"RawData":null},{"Timestamp":"2026-07-07T15:01:06.954Z","EventId":"41e0b525-e538-4bdf-93ef-fbf785abcdc6","EventType":"Service","Action":"Snapshot","ActorPid":null,"ActorName":null,"User":null,"Target":"SysMain","Status":"Success","Details":{"ServiceName":"SysMain","DisplayName":"SysMain","Status":"Running","ServiceType":"Win32ShareProcess","CanStop":true},"RawData":null},{"Timestamp":"2026-07-07T15:01:06.954Z","EventId":"662bff12-4458-469c-ae8c-06d9379fbb9c","EventType":"Service","Action":"Snapshot","ActorPid":null,"ActorName":null,"User":null,"Target":"swprv","Status":"Success","Details":{"ServiceName":"swprv","DisplayName":"Microsoft Software Shadow Copy Provider","Status":"Stopped","ServiceType":"Win32OwnProcess","CanStop":false},"RawData":null},{"Timestamp":"2026-07-07T15:01:06.954Z","EventId":"6c1b18f5-0bf5-483a-8409-759fd816b655","EventType":"Service","Action":"Snapshot","ActorPid":null,"ActorName":null,"User":null,"Target":"sppsvc","Status":"Success","Details":{"ServiceName":"sppsvc","DisplayName":"Software Protection","Status":"Stopped","ServiceType":"Win32OwnProcess","CanStop":false},"RawData":null},{"Timestamp":"2026-07-07T15:01:06.954Z","EventId":"2f4e3da8-6ab2-4ac9-9267-53ab5ab8e81a","EventType":"Service","Action":"Snapshot","ActorPid":null,"ActorName":null,"User":null,"Target":"Spooler","Status":"Success","Details":{"ServiceName":"Spooler","DisplayName":"Print Spooler","Status":"Running","ServiceType":"Win32OwnProcess, InteractiveProcess","CanStop":true},"RawData":null},{"Timestamp":"2026-07-07T15:01:06.954Z","EventId":"9cecdf67-8cbd-4f6a-9fac-99200d2252fe","EventType":"Service","Action":"Snapshot","ActorPid":null,"ActorName":null,"User":null,"Target":"SNMPTrap","Status":"Success","Details":{"ServiceName":"SNMPTrap","DisplayName":"SNMP Trap","Status":"Stopped","ServiceType":"Win32OwnProcess","CanStop":false},"RawData":null},{"Timestamp":"2026-07-07T15:01:06.954Z","EventId":"d9c6b335-cccb-43b8-a63d-dd6ec65d8c9d","EventType":"Service","Action":"Snapshot","ActorPid":null,"ActorName":null,"User":null,"Target":"SSDPSRV","Status":"Success","Details":{"ServiceName":"SSDPSRV","DisplayName":"SSDP Discovery","Status":"Running","ServiceType":"Win32ShareProcess","CanStop":true},"RawData":null},{"Timestamp":"2026-07-07T15:01:06.954Z","EventId":"d4fb2b6a-6cdb-482a-9058-d23d977b1387","EventType":"Service","Action":"Snapshot","ActorPid":null,"ActorName":null,"User":null,"Target":"SstpSvc","Status":"Success","Details":{"ServiceName":"SstpSvc","DisplayName":"Secure Socket Tunneling Protocol Service","Status":"Running","ServiceType":"Win32ShareProcess","CanStop":true},"RawData":null},{"Timestamp":"2026-07-07T15:01:06.954Z","EventId":"47c68ca3-5c8b-4a85-b664-3d0390f65c31","EventType":"Service","Action":"Snapshot","ActorPid":null,"ActorName":null,"User":null,"Target":"sshd","Status":"Success","Details":{"ServiceName":"sshd","DisplayName":"OpenSSH SSH Server","Status":"Stopped","ServiceType":"Win32OwnProcess","CanStop":false},"RawData":null},{"Timestamp":"2026-07-07T15:01:06.954Z","EventId":"875b02d5-95cf-4cee-8c98-af420471b58c","EventType":"Service","Action":"Snapshot","ActorPid":null,"ActorName":null,"User":null,"Target":"ssh-agent","Status":"Success","Details":{"ServiceName":"ssh-agent","DisplayName":"OpenSSH Authentication Agent","Status":"Stopped","ServiceType":"Win32OwnProcess","CanStop":false},"RawData":null},{"Timestamp":"2026-07-07T15:01:06.954Z","EventId":"116cdd05-6ced-4e67-8c02-06a94a848996","EventType":"Service","Action":"Snapshot","ActorPid":null,"ActorName":null,"User":null,"Target":"TrustedInstaller","Status":"Success","Details":{"ServiceName":"TrustedInstaller","DisplayName":"Windows Modules Installer","Status":"Stopped","ServiceType":"Win32OwnProcess","CanStop":false},"RawData":null},{"Timestamp":"2026-07-07T15:01:06.954Z","EventId":"2641d967-b4e8-49ac-90b3-46ac08774965","EventType":"Service","Action":"Snapshot","ActorPid":null,"ActorName":null,"User":null,"Target":"TroubleshootingSvc","Status":"Success","Details":{"ServiceName":"TroubleshootingSvc","DisplayName":"Recommended Troubleshooting Service","Status":"Stopped","ServiceType":"Win32ShareProcess","CanStop":false},"RawData":null},{"Timestamp":"2026-07-07T15:01:06.954Z","EventId":"bbc72405-732b-436b-bdff-996dad964423","EventType":"Service","Action":"Snapshot","ActorPid":null,"ActorName":null,"User":null,"Target":"TrkWks","Status":"Success","Details":{"ServiceName":"TrkWks","DisplayName":"Distributed Link Tracking Client","Status":"Running","ServiceType":"Win32ShareProcess","CanStop":true},"RawData":null},{"Timestamp":"2026-07-07T15:01:06.954Z","EventId":"3e7fc3d0-8857-49dc-906b-2ddec9e4524e","EventType":"Service","Action":"Snapshot","ActorPid":null,"ActorName":null,"User":null,"Target":"tzautoupdate","Status":"Success","Details":{"ServiceName":"tzautoupdate","DisplayName":"Auto Time Zone Updater","Status":"Stopped","ServiceType":"Win32ShareProcess","CanStop":false},"RawData":null},{"Timestamp":"2026-07-07T15:01:06.954Z","EventId":"165350e1-c795-473f-9507-2b1c787fd039","EventType":"Service","Action":"Snapshot","ActorPid":null,"ActorName":null,"User":null,"Target":"upnphost","Status":"Success","Details":{"ServiceName":"upnphost","DisplayName":"UPnP Device Host","Status":"Running","ServiceType":"Win32ShareProcess","CanStop":true},"RawData":null},{"Timestamp":"2026-07-07T15:01:06.954Z","EventId":"103fc35c-a75e-446c-96e0-a9ab63c7f77b","EventType":"Service","Action":"Snapshot","ActorPid":null,"ActorName":null,"User":null,"Target":"UmRdpService","Status":"Success","Details":{"ServiceName":"UmRdpService","DisplayName":"Remote Desktop Services UserMode Port Redirector","Status":"Stopped","ServiceType":"Win32ShareProcess","CanStop":false},"RawData":null},{"Timestamp":"2026-07-07T15:01:06.954Z","EventId":"31122351-5150-4ab5-b9b1-63cb41d25c56","EventType":"Service","Action":"Snapshot","ActorPid":null,"ActorName":null,"User":null,"Target":"UDCService","Status":"Success","Details":{"ServiceName":"UDCService","DisplayName":"Universal Device Client Service","Status":"Running","ServiceType":"Win32OwnProcess","CanStop":true},"RawData":null},{"Timestamp":"2026-07-07T15:01:06.954Z","EventId":"dbe356f5-b479-4baf-9f30-3370edf3bc9a","EventType":"Service","Action":"Snapshot","ActorPid":null,"ActorName":null,"User":null,"Target":"TextInputManagementService","Status":"Success","Details":{"ServiceName":"TextInputManagementService","DisplayName":"Text Input Management Service","Status":"Running","ServiceType":"Win32ShareProcess","CanStop":false},"RawData":null},{"Timestamp":"2026-07-07T15:01:06.954Z","EventId":"54724e1e-94ad-4ef1-989a-5d5a69f5a1a0","EventType":"Service","Action":"Snapshot","ActorPid":null,"ActorName":null,"User":null,"Target":"TermService","Status":"Success","Details":{"ServiceName":"TermService","DisplayName":"Remote Desktop Services","Status":"Stopped","ServiceType":"Win32ShareProcess","CanStop":false},"RawData":null},{"Timestamp":"2026-07-07T15:01:06.954Z","EventId":"1ac79400-4c4f-47f6-bac0-c9a5a1157782","EventType":"Service","Action":"Snapshot","ActorPid":null,"ActorName":null,"User":null,"Target":"TapiSrv","Status":"Success","Details":{"ServiceName":"TapiSrv","DisplayName":"Telephony","Status":"Stopped","ServiceType":"Win32ShareProcess","CanStop":false},"RawData":null},{"Timestamp":"2026-07-07T15:01:06.954Z","EventId":"75f427c5-7941-42e5-95b9-7084476d0f63","EventType":"Service","Action":"Snapshot","ActorPid":null,"ActorName":null,"User":null,"Target":"Themes","Status":"Success","Details":{"ServiceName":"Themes","DisplayName":"Themes","Status":"Running","ServiceType":"Win32ShareProcess","CanStop":true},"RawData":null},{"Timestamp":"2026-07-07T15:01:06.954Z","EventId":"0214293b-5261-491a-842b-1c947ed215a8","EventType":"Service","Action":"Snapshot","ActorPid":null,"ActorName":null,"User":null,"Target":"TokenBroker","Status":"Success","Details":{"ServiceName":"TokenBroker","DisplayName":"Web Account Manager","Status":"Running","ServiceType":"Win32ShareProcess","CanStop":true},"RawData":null},{"Timestamp":"2026-07-07T15:01:06.954Z","EventId":"1618eabc-4ec1-4f4d-ad80-b4f78c8aa8ae","EventType":"Service","Action":"Snapshot","ActorPid":null,"ActorName":null,"User":null,"Target":"TimeBrokerSvc","Status":"Success","Details":{"ServiceName":"TimeBrokerSvc","DisplayName":"Time Broker","Status":"Running","ServiceType":"Win32ShareProcess","CanStop":true},"RawData":null},{"Timestamp":"2026-07-07T15:01:06.954Z","EventId":"21979562-e346-4560-9530-b108bf869cea","EventType":"Service","Action":"Snapshot","ActorPid":null,"ActorName":null,"User":null,"Target":"TieringEngineService","Status":"Success","Details":{"ServiceName":"TieringEngineService","DisplayName":"Storage Tiers Management","Status":"Stopped","ServiceType":"Win32OwnProcess","CanStop":false},"RawData":null},{"Timestamp":"2026-07-07T15:01:06.954Z","EventId":"e3f0e1e8-b33d-44eb-8c01-f7f4a2884da6","EventType":"Service","Action":"Snapshot","ActorPid":null,"ActorName":null,"User":null,"Target":"CDPUserSvc_7b796","Status":"Success","Details":{"ServiceName":"CDPUserSvc_7b796","DisplayName":"CDPUserSvc_7b796","Status":"Running","ServiceType":"224","CanStop":true},"RawData":null},{"Timestamp":"2026-07-07T15:01:06.954Z","EventId":"0aa0eded-2527-4739-93fe-6bebc11028fe","EventType":"Service","Action":"Snapshot","ActorPid":null,"ActorName":null,"User":null,"Target":"cbdhsvc_7b796","Status":"Success","Details":{"ServiceName":"cbdhsvc_7b796","DisplayName":"cbdhsvc_7b796","Status":"Running","ServiceType":"224","CanStop":true},"RawData":null},{"Timestamp":"2026-07-07T15:01:06.954Z","EventId":"36008a34-4856-4f7a-b9b7-a131730e6241","EventType":"Service","Action":"Snapshot","ActorPid":null,"ActorName":null,"User":null,"Target":"CaptureService_7b796","Status":"Success","Details":{"ServiceName":"CaptureService_7b796","DisplayName":"CaptureService_7b796","Status":"Stopped","ServiceType":"224","CanStop":false},"RawData":null},{"Timestamp":"2026-07-07T15:01:06.954Z","EventId":"5b8c5c83-0edf-4804-9f11-a21b086400d3","EventType":"Service","Action":"Snapshot","ActorPid":null,"ActorName":null,"User":null,"Target":"CloudBackupRestoreSvc_7b796","Status":"Success","Details":{"ServiceName":"CloudBackupRestoreSvc_7b796","DisplayName":"CloudBackupRestoreSvc_7b796","Status":"Stopped","ServiceType":"224","CanStop":false},"RawData":null},{"Timestamp":"2026-07-07T15:01:06.954Z","EventId":"86cc2d29-bc0b-4564-84e5-f68c19265886","EventType":"Service","Action":"Snapshot","ActorPid":null,"ActorName":null,"User":null,"Target":"DeviceAssociationBrokerSvc_7b796","Status":"Success","Details":{"ServiceName":"DeviceAssociationBrokerSvc_7b796","DisplayName":"DeviceAssociationBrokerSvc_7b796","Status":"Stopped","ServiceType":"224","CanStop":false},"RawData":null},{"Timestamp":"2026-07-07T15:01:06.954Z","EventId":"b11adfb0-3c40-4baa-856a-68bb7dd86168","EventType":"Service","Action":"Snapshot","ActorPid":null,"ActorName":null,"User":null,"Target":"CredentialEnrollmentManagerUserSvc_7b796","Status":"Success","Details":{"ServiceName":"CredentialEnrollmentManagerUserSvc_7b796","DisplayName":"CredentialEnrollmentManagerUserSvc_7b796","Status":"Stopped","ServiceType":"208","CanStop":false},"RawData":null},{"Timestamp":"2026-07-07T15:01:06.954Z","EventId":"053c36f7-addf-459f-8fcf-81eea041652e","EventType":"Service","Action":"Snapshot","ActorPid":null,"ActorName":null,"User":null,"Target":"ConsentUxUserSvc_7b796","Status":"Success","Details":{"ServiceName":"ConsentUxUserSvc_7b796","DisplayName":"ConsentUxUserSvc_7b796","Status":"Stopped","ServiceType":"224","CanStop":false},"RawData":null},{"Timestamp":"2026-07-07T15:01:06.954Z","EventId":"d958c4cb-21b7-49b2-a765-174a00b4b663","EventType":"Service","Action":"Snapshot","ActorPid":null,"ActorName":null,"User":null,"Target":"XboxGipSvc","Status":"Success","Details":{"ServiceName":"XboxGipSvc","DisplayName":"Xbox Accessory Management Service","Status":"Stopped","ServiceType":"Win32ShareProcess","CanStop":false},"RawData":null},{"Timestamp":"2026-07-07T15:01:06.954Z","EventId":"eac874da-24b9-4280-b67d-09bfce520d21","EventType":"Service","Action":"Snapshot","ActorPid":null,"ActorName":null,"User":null,"Target":"XblGameSave","Status":"Success","Details":{"ServiceName":"XblGameSave","DisplayName":"Xbox Live Game Save","Status":"Stopped","ServiceType":"Win32ShareProcess","CanStop":false},"RawData":null},{"Timestamp":"2026-07-07T15:01:06.954Z","EventId":"ec2752c8-a8d0-4202-9ef5-9d2ebd88343b","EventType":"Service","Action":"Snapshot","ActorPid":null,"ActorName":null,"User":null,"Target":"XblAuthManager","Status":"Success","Details":{"ServiceName":"XblAuthManager","DisplayName":"Xbox Live Auth Manager","Status":"Stopped","ServiceType":"Win32ShareProcess","CanStop":false},"RawData":null},{"Timestamp":"2026-07-07T15:01:06.954Z","EventId":"5fee24cb-d477-4d4d-8f6e-fac9a268978a","EventType":"Service","Action":"Snapshot","ActorPid":null,"ActorName":null,"User":null,"Target":"XboxNetApiSvc","Status":"Success","Details":{"ServiceName":"XboxNetApiSvc","DisplayName":"Xbox Live Networking Service","Status":"Stopped","ServiceType":"Win32ShareProcess","CanStop":false},"RawData":null},{"Timestamp":"2026-07-07T15:01:06.954Z","EventId":"c7ac36c4-48b1-47ad-8834-58bd58b2dece","EventType":"Service","Action":"Snapshot","ActorPid":null,"ActorName":null,"User":null,"Target":"BluetoothUserService_7b796","Status":"Success","Details":{"ServiceName":"BluetoothUserService_7b796","DisplayName":"BluetoothUserService_7b796","Status":"Stopped","ServiceType":"224","CanStop":false},"RawData":null},{"Timestamp":"2026-07-07T15:01:06.954Z","EventId":"7da64ec0-0b72-4cc1-8c4f-b5ecd644cfd6","EventType":"Service","Action":"Snapshot","ActorPid":null,"ActorName":null,"User":null,"Target":"BcastDVRUserService_7b796","Status":"Success","Details":{"ServiceName":"BcastDVRUserService_7b796","DisplayName":"BcastDVRUserService_7b796","Status":"Stopped","ServiceType":"224","CanStop":false},"RawData":null},{"Timestamp":"2026-07-07T15:01:06.954Z","EventId":"2adc3b43-ee3a-4ab2-8b99-b53f442e9114","EventType":"Service","Action":"Snapshot","ActorPid":null,"ActorName":null,"User":null,"Target":"AarSvc_7b796","Status":"Success","Details":{"ServiceName":"AarSvc_7b796","DisplayName":"AarSvc_7b796","Status":"Stopped","ServiceType":"224","CanStop":false},"RawData":null},{"Timestamp":"2026-07-07T15:01:06.954Z","EventId":"a2937784-6f76-42fa-b20e-84f6a5cf91ca","EventType":"Service","Action":"Snapshot","ActorPid":null,"ActorName":null,"User":null,"Target":"UdkUserSvc_7b796","Status":"Success","Details":{"ServiceName":"UdkUserSvc_7b796","DisplayName":"UdkUserSvc_7b796","Status":"Running","ServiceType":"224","CanStop":true},"RawData":null},{"Timestamp":"2026-07-07T15:01:06.954Z","EventId":"53c71b6c-cc0a-49d1-b5ac-728882c2aa4b","EventType":"Service","Action":"Snapshot","ActorPid":null,"ActorName":null,"User":null,"Target":"PrintWorkflowUserSvc_7b796","Status":"Success","Details":{"ServiceName":"PrintWorkflowUserSvc_7b796","DisplayName":"PrintWorkflowUserSvc_7b796","Status":"Stopped","ServiceType":"224","CanStop":false},"RawData":null},{"Timestamp":"2026-07-07T15:01:06.954Z","EventId":"c57ae842-14dc-4c14-9c4d-68e717af0148","EventType":"Service","Action":"Snapshot","ActorPid":null,"ActorName":null,"User":null,"Target":"PimIndexMaintenanceSvc_7b796","Status":"Success","Details":{"ServiceName":"PimIndexMaintenanceSvc_7b796","DisplayName":"PimIndexMaintenanceSvc_7b796","Status":"Running","ServiceType":"224","CanStop":true},"RawData":null},{"Timestamp":"2026-07-07T15:01:06.954Z","EventId":"a4f44e56-51ef-48fb-9939-99382cf80440","EventType":"Service","Action":"Snapshot","ActorPid":null,"ActorName":null,"User":null,"Target":"UnistoreSvc_7b796","Status":"Success","Details":{"ServiceName":"UnistoreSvc_7b796","DisplayName":"UnistoreSvc_7b796","Status":"Running","ServiceType":"224","CanStop":true},"RawData":null},{"Timestamp":"2026-07-07T15:01:06.954Z","EventId":"6c49b1ec-0b9b-4ee8-95ed-b28f8c192433","EventType":"Service","Action":"Snapshot","ActorPid":null,"ActorName":null,"User":null,"Target":"WpnUserService_7b796","Status":"Success","Details":{"ServiceName":"WpnUserService_7b796","DisplayName":"WpnUserService_7b796","Status":"Running","ServiceType":"224","CanStop":true},"RawData":null},{"Timestamp":"2026-07-07T15:01:06.954Z","EventId":"72db5c02-4b41-40ee-934a-a6d4816a359b","EventType":"Service","Action":"Snapshot","ActorPid":null,"ActorName":null,"User":null,"Target":"webthreatdefusersvc_7b796","Status":"Success","Details":{"ServiceName":"webthreatdefusersvc_7b796","DisplayName":"webthreatdefusersvc_7b796","Status":"Running","ServiceType":"224","CanStop":true},"RawData":null},{"Timestamp":"2026-07-07T15:01:06.954Z","EventId":"7fb7f405-f93b-4fc4-ab29-bdf06f0296b9","EventType":"Service","Action":"Snapshot","ActorPid":null,"ActorName":null,"User":null,"Target":"UserDataSvc_7b796","Status":"Success","Details":{"ServiceName":"UserDataSvc_7b796","DisplayName":"UserDataSvc_7b796","Status":"Running","ServiceType":"224","CanStop":true},"RawData":null},{"Timestamp":"2026-07-07T15:01:06.954Z","EventId":"45f9a9c4-6aa0-47b6-b9e8-32a58e83107d","EventType":"Service","Action":"Snapshot","ActorPid":null,"ActorName":null,"User":null,"Target":"MessagingService_7b796","Status":"Success","Details":{"ServiceName":"MessagingService_7b796","DisplayName":"MessagingService_7b796","Status":"Stopped","ServiceType":"224","CanStop":false},"RawData":null},{"Timestamp":"2026-07-07T15:01:06.954Z","EventId":"3b953414-c2c3-429a-9298-c96cb14fa3f0","EventType":"Service","Action":"Snapshot","ActorPid":null,"ActorName":null,"User":null,"Target":"DevicesFlowUserSvc_7b796","Status":"Success","Details":{"ServiceName":"DevicesFlowUserSvc_7b796","DisplayName":"DevicesFlowUserSvc_7b796","Status":"Running","ServiceType":"224","CanStop":true},"RawData":null},{"Timestamp":"2026-07-07T15:01:06.954Z","EventId":"f0c4e7fd-6db9-4abb-a815-c431211b7721","EventType":"Service","Action":"Snapshot","ActorPid":null,"ActorName":null,"User":null,"Target":"DevicePickerUserSvc_7b796","Status":"Success","Details":{"ServiceName":"DevicePickerUserSvc_7b796","DisplayName":"DevicePickerUserSvc_7b796","Status":"Stopped","ServiceType":"224","CanStop":false},"RawData":null},{"Timestamp":"2026-07-07T15:01:06.954Z","EventId":"037653c2-f629-4a98-97ef-f3fc388739a2","EventType":"Service","Action":"Snapshot","ActorPid":null,"ActorName":null,"User":null,"Target":"NPSMSvc_7b796","Status":"Success","Details":{"ServiceName":"NPSMSvc_7b796","DisplayName":"NPSMSvc_7b796","Status":"Running","ServiceType":"224","CanStop":true},"RawData":null},{"Timestamp":"2026-07-07T15:01:06.954Z","EventId":"2a949390-3687-4253-9cf0-c9a4bea366b1","EventType":"Service","Action":"Snapshot","ActorPid":null,"ActorName":null,"User":null,"Target":"PenService_7b796","Status":"Success","Details":{"ServiceName":"PenService_7b796","DisplayName":"PenService_7b796","Status":"Stopped","ServiceType":"224","CanStop":false},"RawData":null},{"Timestamp":"2026-07-07T15:01:06.954Z","EventId":"75a250f9-1d6c-411b-81a8-d2dab13b5827","EventType":"Service","Action":"Snapshot","ActorPid":null,"ActorName":null,"User":null,"Target":"P9RdrService_7b796","Status":"Success","Details":{"ServiceName":"P9RdrService_7b796","DisplayName":"P9RdrService_7b796","Status":"Stopped","ServiceType":"224","CanStop":false},"RawData":null},{"Timestamp":"2026-07-07T15:01:06.954Z","EventId":"646b85ef-fb08-4818-b3d7-9df93c5d3379","EventType":"Service","Action":"Snapshot","ActorPid":null,"ActorName":null,"User":null,"Target":"OneSyncSvc_7b796","Status":"Success","Details":{"ServiceName":"OneSyncSvc_7b796","DisplayName":"OneSyncSvc_7b796","Status":"Stopped","ServiceType":"224","CanStop":false},"RawData":null},{"Timestamp":"2026-07-07T15:01:06.954Z","EventId":"306b925e-10a8-452f-9696-aa3071946840","EventType":"Service","Action":"Snapshot","ActorPid":null,"ActorName":null,"User":null,"Target":"WinRM","Status":"Success","Details":{"ServiceName":"WinRM","DisplayName":"Windows Remote Management (WS-Management)","Status":"Stopped","ServiceType":"Win32ShareProcess","CanStop":false},"RawData":null},{"Timestamp":"2026-07-07T15:01:06.954Z","EventId":"cc8f5f4e-e66c-4aa3-bf41-c17cbe97e989","EventType":"Service","Action":"Snapshot","ActorPid":null,"ActorName":null,"User":null,"Target":"Winmgmt","Status":"Success","Details":{"ServiceName":"Winmgmt","DisplayName":"Windows Management Instrumentation","Status":"Running","ServiceType":"Win32ShareProcess","CanStop":true},"RawData":null},{"Timestamp":"2026-07-07T15:01:06.954Z","EventId":"f65bc854-5ea2-417d-b320-da714035d7ab","EventType":"Service","Action":"Snapshot","ActorPid":null,"ActorName":null,"User":null,"Target":"WinHttpAutoProxySvc","Status":"Success","Details":{"ServiceName":"WinHttpAutoProxySvc","DisplayName":"WinHTTP Web Proxy Auto-Discovery Service","Status":"Running","ServiceType":"Win32OwnProcess","CanStop":false},"RawData":null},{"Timestamp":"2026-07-07T15:01:06.954Z","EventId":"6d03596d-b085-4685-a4a6-17fd52793107","EventType":"Service","Action":"Snapshot","ActorPid":null,"ActorName":null,"User":null,"Target":"wisvc","Status":"Success","Details":{"ServiceName":"wisvc","DisplayName":"Windows Insider Service","Status":"Stopped","ServiceType":"Win32ShareProcess","CanStop":false},"RawData":null},{"Timestamp":"2026-07-07T15:01:06.954Z","EventId":"d73498ea-8fe1-444d-ac6b-5480028ee01c","EventType":"Service","Action":"Snapshot","ActorPid":null,"ActorName":null,"User":null,"Target":"wlpasvc","Status":"Success","Details":{"ServiceName":"wlpasvc","DisplayName":"Local Profile Assistant Service","Status":"Stopped","ServiceType":"Win32ShareProcess","CanStop":false},"RawData":null},{"Timestamp":"2026-07-07T15:01:06.954Z","EventId":"47aad375-1893-408d-8e2d-de1a67478dfd","EventType":"Service","Action":"Snapshot","ActorPid":null,"ActorName":null,"User":null,"Target":"wlidsvc","Status":"Success","Details":{"ServiceName":"wlidsvc","DisplayName":"Microsoft Account Sign-in Assistant","Status":"Running","ServiceType":"Win32ShareProcess","CanStop":true},"RawData":null},{"Timestamp":"2026-07-07T15:01:06.954Z","EventId":"31dd7586-0b05-4fde-90a0-52aeaac23676","EventType":"Service","Action":"Snapshot","ActorPid":null,"ActorName":null,"User":null,"Target":"WlanSvc","Status":"Success","Details":{"ServiceName":"WlanSvc","DisplayName":"WLAN AutoConfig","Status":"Running","ServiceType":"Win32OwnProcess","CanStop":true},"RawData":null},{"Timestamp":"2026-07-07T15:01:06.954Z","EventId":"af7cfa14-0ae7-47b2-821f-fafd52f6bfb0","EventType":"Service","Action":"Snapshot","ActorPid":null,"ActorName":null,"User":null,"Target":"WerSvc","Status":"Success","Details":{"ServiceName":"WerSvc","DisplayName":"Windows Error Reporting Service","Status":"Stopped","ServiceType":"Win32OwnProcess","CanStop":false},"RawData":null},{"Timestamp":"2026-07-07T15:01:06.954Z","EventId":"18af1429-fe40-49c2-9af4-a50e4bace9a4","EventType":"Service","Action":"Snapshot","ActorPid":null,"ActorName":null,"User":null,"Target":"wercplsupport","Status":"Success","Details":{"ServiceName":"wercplsupport","DisplayName":"Problem Reports Control Panel Support","Status":"Stopped","ServiceType":"Win32ShareProcess","CanStop":false},"RawData":null},{"Timestamp":"2026-07-07T15:01:06.954Z","EventId":"8235e4c4-0025-4b16-91ee-4ac52e3b1d0a","EventType":"Service","Action":"Snapshot","ActorPid":null,"ActorName":null,"User":null,"Target":"WEPHOSTSVC","Status":"Success","Details":{"ServiceName":"WEPHOSTSVC","DisplayName":"Windows Encryption Provider Host Service","Status":"Stopped","ServiceType":"Win32ShareProcess","CanStop":false},"RawData":null},{"Timestamp":"2026-07-07T15:01:06.954Z","EventId":"c821ced4-7500-4fc7-af79-43702e4821d7","EventType":"Service","Action":"Snapshot","ActorPid":null,"ActorName":null,"User":null,"Target":"WFDSConMgrSvc","Status":"Success","Details":{"ServiceName":"WFDSConMgrSvc","DisplayName":"Wi-Fi Direct Services Connection Manager Service","Status":"Stopped","ServiceType":"Win32ShareProcess","CanStop":false},"RawData":null},{"Timestamp":"2026-07-07T15:01:06.954Z","EventId":"f1bd2a9c-184a-44dc-adf7-a43f23ba4543","EventType":"Service","Action":"Snapshot","ActorPid":null,"ActorName":null,"User":null,"Target":"WinDefend","Status":"Success","Details":{"ServiceName":"WinDefend","DisplayName":"Microsoft Defender Antivirus Service","Status":"Running","ServiceType":"Win32OwnProcess","CanStop":false},"RawData":null},{"Timestamp":"2026-07-07T15:01:06.954Z","EventId":"06f5a243-b5f6-43e7-bb56-ae2350ef7e48","EventType":"Service","Action":"Snapshot","ActorPid":null,"ActorName":null,"User":null,"Target":"WiaRpc","Status":"Success","Details":{"ServiceName":"WiaRpc","DisplayName":"Still Image Acquisition Events","Status":"Stopped","ServiceType":"Win32ShareProcess","CanStop":false},"RawData":null},{"Timestamp":"2026-07-07T15:01:06.954Z","EventId":"18d816b2-d35b-483c-b345-50c83c734931","EventType":"Service","Action":"Snapshot","ActorPid":null,"ActorName":null,"User":null,"Target":"whesvc","Status":"Success","Details":{"ServiceName":"whesvc","DisplayName":"Windows Health and Optimized Experiences","Status":"Running","ServiceType":"Win32ShareProcess","CanStop":true},"RawData":null},